2017/05/15 16:58:55,,lis0w9,sys001,0:0:0:0:0:0:0:1,0,,,scrn0004,common,0,00:00:01
2017/05/15 16:59:00,,lis0w9,sys001,0:0:0:0:0:0:0:1,0,,,scrn0004,menu,0,00:00:01
2017/05/15 16:59:08,,lis0w9,sys001,0:0:0:0:0:0:0:1,0,,,scrn0004,common,0,00:00:00
2017/05/23 10:25:25,,lis0w9,sys001,0:0:0:0:0:0:0:1,0,,,scrn0004,common,0,00:00:01
2017/05/23 10:25:30,,lis0w9,sys001,0:0:0:0:0:0:0:1,0,,,scrn0004,menu,0,00:00:01
2017/05/23 10:25:45,,lis0w9,sys001,0:0:0:0:0:0:0:1,0,,,scrn0004,common,0,00:00:00
2017/05/23 10:26:11,,lis0w9,sys001,0:0:0:0:0:0:0:1,0,,,scrn0004,common,0,00:00:00
2017/05/23 10:26:13,,lis0w9,sys001,0:0:0:0:0:0:0:1,0,,,scrn0004,menu,0,00:00:00
2017/05/23 10:36:19,,lis0w9,sys001,0:0:0:0:0:0:0:1,0,,,scrn0004,media,0,00:00:24
2017/05/23 10:37:01,,lis0w9,sys001,0:0:0:0:0:0:0:1,0,,,scrn0004,common,0,00:00:00
2017/05/23 10:37:01,,lis0w9,sys001,0:0:0:0:0:0:0:1,0,,,scrn0004,menu,0,00:00:00
2017/05/23 10:37:06,,lis0w9,sys001,0:0:0:0:0:0:0:1,0,,,scrn0004,media,0,00:00:21
2017/05/23 10:40:54,,lis0w9,sys001,0:0:0:0:0:0:0:1,0,,,scrn0004,common,0,00:00:00
2017/05/23 10:40:54,,lis0w9,sys001,0:0:0:0:0:0:0:1,0,,,scrn0004,menu,0,00:00:00
2017/05/23 10:40:57,,lis0w9,sys001,0:0:0:0:0:0:0:1,0,,,scrn0004,media,0,00:00:59
2017/05/23 10:42:31,,lis0w9,sys001,0:0:0:0:0:0:0:1,0,,,scrn0004,common,0,00:00:00
2017/05/23 10:42:32,,lis0w9,sys001,0:0:0:0:0:0:0:1,0,,,scrn0004,menu,0,00:00:00
2017/05/23 11:03:30,,lis0w9,sys001,0:0:0:0:0:0:0:1,0,,,scrn0004,common,0,00:00:00
2017/05/23 11:03:35,,lis0w9,sys001,0:0:0:0:0:0:0:1,0,,,scrn0004,menu,0,00:00:00
2017/05/23 11:03:40,,lis0w9,sys001,0:0:0:0:0:0:0:1,0,,,scrn0004,media,0,00:00:32
2017/05/23 11:04:55,,lis0w9,sys001,0:0:0:0:0:0:0:1,0,,,scrn0004,common,0,00:00:00
2017/05/23 11:04:56,,lis0w9,sys001,0:0:0:0:0:0:0:1,0,,,scrn0004,menu,0,00:00:00
2017/05/23 11:04:59,,lis0w9,sys001,0:0:0:0:0:0:0:1,0,,,scrn0004,media,0,00:01:14
2017/05/24 11:25:43,,lis0w9,sys001,0:0:0:0:0:0:0:1,0,,,scrn0004,common,0,00:00:01
2017/05/24 11:25:50,,lis0w9,sys001,0:0:0:0:0:0:0:1,0,,,scrn0004,menu,0,00:00:00
2017/05/24 11:26:00,,lis0w9,sys001,0:0:0:0:0:0:0:1,0,,,scrn0004,media,0,00:00:23
2017/05/29 10:14:17,,lis0w9,sys001,0:0:0:0:0:0:0:1,0,,,scrn0004,common,0,00:00:01
2017/05/29 10:17:33,,lis0w9,sys001,0:0:0:0:0:0:0:1,0,,,scrn0004,common,0,00:00:00
2017/05/29 10:17:36,,lis0w9,sys001,0:0:0:0:0:0:0:1,0,,,scrn0004,menu,0,00:00:01
2017/05/29 10:32:01,,lis0w9,sys001,0:0:0:0:0:0:0:1,0,,,scrn0004,media,0,00:00:23
2017/05/29 10:32:29,,lis0w9,sys001,0:0:0:0:0:0:0:1,0,,,scrn0004,common,0,00:00:00
2017/05/29 10:32:29,,lis0w9,sys001,0:0:0:0:0:0:0:1,0,,,scrn0004,menu,0,00:00:00
2017/05/29 10:32:30,,lis0w9,sys001,0:0:0:0:0:0:0:1,0,,,scrn0004,common,0,00:00:00
2017/05/29 10:33:53,,lis0w9,sys001,0:0:0:0:0:0:0:1,0,,,scrn0004,common,0,00:00:00
2017/05/29 10:33:55,,lis0w9,sys001,0:0:0:0:0:0:0:1,0,,,scrn0004,menu,0,00:00:00
2017/05/29 10:33:59,,lis0w9,sys001,0:0:0:0:0:0:0:1,0,,,scrn0004,media,0,00:00:21
2017/05/29 10:34:30,,lis0w9,sys001,0:0:0:0:0:0:0:1,0,,,scrn0004,common,0,00:00:00
2017/05/29 10:34:30,,lis0w9,sys001,0:0:0:0:0:0:0:1,0,,,scrn0004,menu,0,00:00:00
2017/05/29 10:34:32,,lis0w9,sys001,0:0:0:0:0:0:0:1,0,,,scrn0004,common,0,00:00:00
2017/05/29 10:39:48,,lis0w9,sys001,0:0:0:0:0:0:0:1,0,,,scrn0004,common,0,00:00:00
2017/05/29 10:39:48,,lis0w9,sys001,0:0:0:0:0:0:0:1,0,,,scrn0004,menu,0,00:00:00
2017/05/29 10:39:51,,lis0w9,sys001,0:0:0:0:0:0:0:1,0,,,scrn0004,media,0,00:00:21
2017/05/29 10:49:26,,lis0w9,sys001,0:0:0:0:0:0:0:1,0,,,scrn0004,common,0,00:00:00
2017/05/29 10:49:26,,lis0w9,sys001,0:0:0:0:0:0:0:1,0,,,scrn0004,menu,0,00:00:00
2017/05/29 10:49:29,,lis0w9,sys001,0:0:0:0:0:0:0:1,0,,,scrn0004,media,0,00:00:21
2017/05/29 10:50:24,,lis0w9,sys001,0:0:0:0:0:0:0:1,0,,,scrn0004,common,0,00:00:00
2017/05/29 10:50:24,,lis0w9,sys001,0:0:0:0:0:0:0:1,0,,,scrn0004,menu,0,00:00:00
2017/05/29 10:50:27,,lis0w9,sys001,0:0:0:0:0:0:0:1,0,,,scrn0004,media,0,00:01:12
2017/05/29 10:51:42,,lis0w9,sys001,0:0:0:0:0:0:0:1,0,,,scrn0004,common,0,00:00:00
2017/05/29 10:51:42,,lis0w9,sys001,0:0:0:0:0:0:0:1,0,,,scrn0004,menu,0,00:00:00
2017/05/29 10:51:44,,lis0w9,sys001,0:0:0:0:0:0:0:1,0,,,scrn0004,media,0,00:02:12
2017/05/29 10:53:59,,lis0w9,sys001,0:0:0:0:0:0:0:1,0,,,scrn0004,common,0,00:00:00
2017/05/29 10:53:59,,lis0w9,sys001,0:0:0:0:0:0:0:1,0,,,scrn0004,menu,0,00:00:00
2017/05/29 10:54:11,,lis0w9,sys001,0:0:0:0:0:0:0:1,0,,,scrn0004,media,0,00:07:43
2017/05/29 11:22:38,,lis0w9,sys001,0:0:0:0:0:0:0:1,0,,,scrn0004,common,0,00:00:00
2017/05/29 11:22:38,,lis0w9,sys001,0:0:0:0:0:0:0:1,0,,,scrn0004,menu,0,00:00:00
2017/05/29 11:27:32,,lis0w9,sys001,0:0:0:0:0:0:0:1,0,,,scrn0004,media,0,00:00:25
2017/05/29 11:28:20,,lis0w9,sys001,0:0:0:0:0:0:0:1,0,,,scrn0004,common,0,00:00:00
2017/05/29 11:28:20,,lis0w9,sys001,0:0:0:0:0:0:0:1,0,,,scrn0004,menu,0,00:00:00
2017/05/29 11:28:22,,lis0w9,sys001,0:0:0:0:0:0:0:1,0,,,scrn0004,media,0,00:01:02
2017/05/29 11:30:23,,lis0w9,sys001,0:0:0:0:0:0:0:1,0,,,scrn0004,common,0,00:00:00
2017/05/29 11:30:23,,lis0w9,sys001,0:0:0:0:0:0:0:1,0,,,scrn0004,menu,0,00:00:00
2017/05/29 11:30:25,,lis0w9,sys001,0:0:0:0:0:0:0:1,0,,,scrn0004,media,0,00:00:56
2017/05/29 11:45:44,,lis0w9,sys001,0:0:0:0:0:0:0:1,0,,,scrn0004,common,0,00:00:00
2017/05/29 11:45:46,,lis0w9,sys001,0:0:0:0:0:0:0:1,0,,,scrn0004,menu,0,00:00:00
2017/05/29 11:45:51,,lis0w9,sys001,0:0:0:0:0:0:0:1,0,,,scrn0004,media,0,00:00:23
2017/05/29 11:46:20,,lis0w9,sys001,0:0:0:0:0:0:0:1,0,,,scrn0004,common,0,00:00:00
2017/05/29 11:46:20,,lis0w9,sys001,0:0:0:0:0:0:0:1,0,,,scrn0004,menu,0,00:00:00
2017/05/29 11:46:23,,lis0w9,sys001,0:0:0:0:0:0:0:1,0,,,scrn0004,media,0,00:00:23
2017/05/29 11:46:51,,lis0w9,sys001,0:0:0:0:0:0:0:1,0,,,scrn0004,common,0,00:00:00
2017/05/29 11:46:51,,lis0w9,sys001,0:0:0:0:0:0:0:1,0,,,scrn0004,menu,0,00:00:00
2017/05/29 11:46:52,,lis0w9,sys001,0:0:0:0:0:0:0:1,0,,,scrn0004,common,0,00:00:00
2017/05/29 13:12:43,,lis0w9,sys001,0:0:0:0:0:0:0:1,0,,,scrn0004,common,0,00:00:00
2017/05/29 13:12:44,,lis0w9,sys001,0:0:0:0:0:0:0:1,0,,,scrn0004,menu,0,00:00:00
2017/05/29 13:12:48,,lis0w9,sys001,0:0:0:0:0:0:0:1,0,,,scrn0004,media,0,00:00:03
2017/05/29 13:16:16,,lis0w9,sys001,0:0:0:0:0:0:0:1,0,,,scrn0004,common,0,00:00:30
2017/05/29 13:17:52,,lis0w9,sys001,0:0:0:0:0:0:0:1,0,,,scrn0004,common,0,00:00:00
2017/05/29 13:17:55,,lis0w9,sys001,0:0:0:0:0:0:0:1,0,,,scrn0004,menu,0,00:00:00
2017/05/29 13:18:00,,lis0w9,sys001,0:0:0:0:0:0:0:1,0,,,scrn0004,media,0,00:00:02
2017/05/29 13:18:07,,lis0w9,sys001,0:0:0:0:0:0:0:1,0,,,scrn0004,common,0,00:00:00
2017/05/29 13:18:07,,lis0w9,sys001,0:0:0:0:0:0:0:1,0,,,scrn0004,menu,0,00:00:00
2017/05/29 13:19:12,,lis0w9,sys001,0:0:0:0:0:0:0:1,0,,,scrn0004,common,0,00:00:00
2017/05/29 14:18:42,,lis0w9,sys001,0:0:0:0:0:0:0:1,0,,,scrn0004,common,0,00:00:00
2017/05/29 14:18:44,,lis0w9,sys001,0:0:0:0:0:0:0:1,0,,,scrn0004,menu,0,00:00:00
2017/05/29 14:18:50,,lis0w9,sys001,0:0:0:0:0:0:0:1,0,,,scrn0004,media,0,00:00:25
2017/05/29 14:19:23,,lis0w9,sys001,0:0:0:0:0:0:0:1,0,,,scrn0004,common,0,00:00:00
2017/05/29 14:19:23,,lis0w9,sys001,0:0:0:0:0:0:0:1,0,,,scrn0004,menu,0,00:00:00
2017/05/29 14:19:26,,lis0w9,sys001,0:0:0:0:0:0:0:1,0,,,scrn0004,media,0,00:00:23
2017/05/29 14:21:04,,lis0w9,sys001,0:0:0:0:0:0:0:1,0,,,scrn0004,common,0,00:00:00
2017/05/29 14:21:05,,lis0w9,sys001,0:0:0:0:0:0:0:1,0,,,scrn0004,menu,0,00:00:00
2017/05/29 14:21:08,,lis0w9,sys001,0:0:0:0:0:0:0:1,0,,,scrn0004,media,0,00:00:08
2017/05/29 14:21:21,,lis0w9,sys001,0:0:0:0:0:0:0:1,0,,,scrn0004,common,0,00:00:00
2017/05/29 14:21:21,,lis0w9,sys001,0:0:0:0:0:0:0:1,0,,,scrn0004,menu,0,00:00:00
2017/05/29 14:21:24,,lis0w9,sys001,0:0:0:0:0:0:0:1,0,,,scrn0004,media,0,00:00:09
2017/05/29 14:22:17,,lis0w9,sys001,0:0:0:0:0:0:0:1,0,,,scrn0004,common,0,00:00:00
2017/05/29 14:22:18,,lis0w9,sys001,0:0:0:0:0:0:0:1,0,,,scrn0004,menu,0,00:00:00
2017/05/29 14:22:21,,lis0w9,sys001,0:0:0:0:0:0:0:1,0,,,scrn0004,media,0,00:00:04
2017/05/29 14:36:43,,lis0w9,sys001,0:0:0:0:0:0:0:1,0,,,scrn0004,common,0,00:00:00
2017/05/29 14:36:44,,lis0w9,sys001,0:0:0:0:0:0:0:1,0,,,scrn0004,menu,0,00:00:00
2017/05/29 14:36:46,,lis0w9,sys001,0:0:0:0:0:0:0:1,0,,,scrn0004,media,0,00:00:59
2017/05/29 14:38:04,,lis0w9,sys001,0:0:0:0:0:0:0:1,0,,,scrn0004,media,0,00:00:03
2017/05/29 14:45:26,,lis0w9,sys001,0:0:0:0:0:0:0:1,0,,,scrn0004,media,0,00:00:03
2017/05/29 14:47:25,,lis0w9,sys001,0:0:0:0:0:0:0:1,0,,,scrn0004,media,0,00:00:00
2017/05/29 14:47:32,,lis0w9,sys001,0:0:0:0:0:0:0:1,0,,,scrn0004,media,0,00:00:00
2017/05/29 14:49:10,,lis0w9,sys001,0:0:0:0:0:0:0:1,0,,,scrn0004,common,0,00:00:00
2017/05/29 14:49:11,,lis0w9,sys001,0:0:0:0:0:0:0:1,0,,,scrn0004,menu,0,00:00:00
2017/05/29 14:49:15,,lis0w9,sys001,0:0:0:0:0:0:0:1,0,,,scrn0004,media,0,00:00:02
2017/05/29 14:58:09,,lis0w9,sys001,0:0:0:0:0:0:0:1,0,,,scrn0004,media,0,00:00:02
2017/05/29 15:12:37,,lis0w9,sys001,0:0:0:0:0:0:0:1,0,,,scrn0004,media,0,00:00:00
2017/05/29 15:12:37,,lis0w9,sys001,0:0:0:0:0:0:0:1,0,,,scrn0004,media,0,00:00:00
2017/05/29 15:16:56,,lis0w9,sys001,0:0:0:0:0:0:0:1,0,,,scrn0004,media,0,00:00:00
2017/05/29 15:16:56,,lis0w9,sys001,0:0:0:0:0:0:0:1,0,,,scrn0004,media,0,00:00:00
2017/05/29 15:17:07,,lis0w9,sys001,0:0:0:0:0:0:0:1,0,,,scrn0004,common,0,00:00:00
2017/05/29 15:17:07,,lis0w9,sys001,0:0:0:0:0:0:0:1,0,,,scrn0004,menu,0,00:00:00
2017/05/29 15:18:38,,lis0w9,sys001,0:0:0:0:0:0:0:1,0,,,scrn0004,common,0,00:00:00
2017/05/29 15:18:38,,lis0w9,sys001,0:0:0:0:0:0:0:1,0,,,scrn0004,menu,0,00:00:00
2017/05/29 15:19:47,,lis0w9,sys001,0:0:0:0:0:0:0:1,0,,,scrn0004,common,0,00:00:00
2017/05/29 15:19:48,,lis0w9,sys001,0:0:0:0:0:0:0:1,0,,,scrn0004,menu,0,00:00:00
2017/05/29 15:20:03,,lis0w9,sys001,0:0:0:0:0:0:0:1,0,,,scrn0004,common,0,00:00:00
2017/05/29 15:20:03,,lis0w9,sys001,0:0:0:0:0:0:0:1,0,,,scrn0004,menu,0,00:00:00
2017/05/29 15:20:09,,lis0w9,sys001,0:0:0:0:0:0:0:1,0,,,scrn0004,media,0,00:00:02
2017/05/29 15:20:25,,lis0w9,sys001,0:0:0:0:0:0:0:1,0,,,scrn0004,media,0,00:00:00
2017/05/29 15:20:26,,lis0w9,sys001,0:0:0:0:0:0:0:1,0,,,scrn0004,media,0,00:00:00
2017/05/29 15:20:26,,lis0w9,sys001,0:0:0:0:0:0:0:1,0,,,scrn0004,media,0,00:00:01
2017/05/29 15:20:30,,lis0w9,sys001,0:0:0:0:0:0:0:1,0,,,scrn0004,media,0,00:00:02
2017/05/29 15:21:34,,lis0w9,sys001,0:0:0:0:0:0:0:1,0,,,scrn0004,media,0,00:00:00
2017/05/29 15:21:35,,lis0w9,sys001,0:0:0:0:0:0:0:1,0,,,scrn0004,media,0,00:00:02
2017/05/29 15:21:55,,lis0w9,sys001,0:0:0:0:0:0:0:1,0,,,scrn0004,common,0,00:00:00
2017/05/29 15:21:55,,lis0w9,sys001,0:0:0:0:0:0:0:1,0,,,scrn0004,menu,0,00:00:00
2017/05/29 15:21:58,,lis0w9,sys001,0:0:0:0:0:0:0:1,0,,,scrn0004,media,0,00:00:00
2017/05/29 15:22:02,,lis0w9,sys001,0:0:0:0:0:0:0:1,0,,,scrn0004,media,0,00:00:00
2017/05/29 15:23:01,,lis0w9,sys001,0:0:0:0:0:0:0:1,0,,,scrn0004,media,0,00:00:00
2017/05/29 15:23:05,,lis0w9,sys001,0:0:0:0:0:0:0:1,0,,,scrn0004,media,0,00:00:00
2017/05/29 15:23:30,,lis0w9,sys001,0:0:0:0:0:0:0:1,0,,,scrn0004,media,0,00:00:00
2017/05/29 15:23:30,,lis0w9,sys001,0:0:0:0:0:0:0:1,0,,,scrn0004,media,0,00:00:00
2017/05/29 15:23:41,,lis0w9,sys001,0:0:0:0:0:0:0:1,0,,,scrn0004,media,0,00:00:00
2017/05/29 15:23:42,,lis0w9,sys001,0:0:0:0:0:0:0:1,0,,,scrn0004,media,0,00:00:00
2017/05/29 15:23:45,,lis0w9,sys001,0:0:0:0:0:0:0:1,0,,,scrn0004,media,0,00:00:00
2017/05/29 15:23:47,,lis0w9,sys001,0:0:0:0:0:0:0:1,0,,,scrn0004,media,0,00:00:00
2017/05/29 15:23:50,,lis0w9,sys001,0:0:0:0:0:0:0:1,0,,,scrn0004,media,0,00:00:00
2017/05/29 15:23:51,,lis0w9,sys001,0:0:0:0:0:0:0:1,0,,,scrn0004,menu,0,00:00:00
2017/05/29 15:23:56,,lis0w9,sys001,0:0:0:0:0:0:0:1,0,,,scrn0004,media,0,00:00:00
2017/05/29 15:23:57,,lis0w9,sys001,0:0:0:0:0:0:0:1,0,,,scrn0004,menu,0,00:00:00
2017/05/29 15:24:00,,lis0w9,sys001,0:0:0:0:0:0:0:1,0,,,scrn0004,media,0,00:00:02
2017/05/29 15:24:08,,lis0w9,sys001,0:0:0:0:0:0:0:1,0,,,scrn0004,media,0,00:00:00
2017/05/29 15:24:09,,lis0w9,sys001,0:0:0:0:0:0:0:1,0,,,scrn0004,media,0,00:00:02
2017/05/29 15:24:18,,lis0w9,sys001,0:0:0:0:0:0:0:1,0,,,scrn0004,common,0,00:00:00
2017/05/29 15:24:18,,lis0w9,sys001,0:0:0:0:0:0:0:1,0,,,scrn0004,menu,0,00:00:00
2017/05/29 15:25:20,,lis0w9,sys001,0:0:0:0:0:0:0:1,0,,,scrn0004,common,0,00:00:00
2017/05/29 15:25:20,,lis0w9,sys001,0:0:0:0:0:0:0:1,0,,,scrn0004,menu,0,00:00:00
2017/05/29 15:25:23,,lis0w9,sys001,0:0:0:0:0:0:0:1,0,,,scrn0004,media,0,00:00:00
2017/05/29 15:25:25,,lis0w9,sys001,0:0:0:0:0:0:0:1,0,,,scrn0004,media,0,00:00:00
2017/05/29 15:25:40,,lis0w9,sys001,0:0:0:0:0:0:0:1,0,,,scrn0004,media,0,00:00:00
2017/05/29 15:25:40,,lis0w9,sys001,0:0:0:0:0:0:0:1,0,,,scrn0004,media,0,00:00:00
2017/05/29 15:25:48,,lis0w9,sys001,0:0:0:0:0:0:0:1,0,,,scrn0004,media,0,00:00:00
2017/05/29 15:25:48,,lis0w9,sys001,0:0:0:0:0:0:0:1,0,,,scrn0004,media,0,00:00:00
2017/05/29 15:25:50,,lis0w9,sys001,0:0:0:0:0:0:0:1,0,,,scrn0004,media,0,00:00:00
2017/05/29 15:25:51,,lis0w9,sys001,0:0:0:0:0:0:0:1,0,,,scrn0004,menu,0,00:00:00
2017/05/29 15:25:53,,lis0w9,sys001,0:0:0:0:0:0:0:1,0,,,scrn0004,media,0,00:00:02
2017/05/29 15:26:28,,lis0w9,sys001,0:0:0:0:0:0:0:1,0,,,scrn0004,media,0,00:00:00
2017/05/29 15:26:29,,lis0w9,sys001,0:0:0:0:0:0:0:1,0,,,scrn0004,media,0,00:00:02
2017/05/29 15:26:45,,lis0w9,sys001,0:0:0:0:0:0:0:1,0,,,scrn0004,media,0,00:00:00
2017/05/29 15:26:55,,lis0w9,sys001,0:0:0:0:0:0:0:1,0,,,scrn0004,media,0,00:00:00
2017/05/29 15:26:58,,lis0w9,sys001,0:0:0:0:0:0:0:1,0,,,scrn0004,media,0,00:00:02
2017/05/29 15:29:25,,lis0w9,sys001,0:0:0:0:0:0:0:1,0,,,scrn0004,media,0,00:00:01
2017/05/29 15:29:26,,lis0w9,sys001,0:0:0:0:0:0:0:1,0,,,scrn0004,media,0,00:00:02
2017/05/29 15:29:36,,lis0w9,sys001,0:0:0:0:0:0:0:1,0,,,scrn0004,media,0,00:00:00
2017/05/29 15:29:41,,lis0w9,sys001,0:0:0:0:0:0:0:1,0,,,scrn0004,media,0,00:00:00
2017/05/29 15:29:41,,lis0w9,sys001,0:0:0:0:0:0:0:1,0,,,scrn0004,media,0,00:00:00
2017/05/29 15:29:42,,lis0w9,sys001,0:0:0:0:0:0:0:1,0,,,scrn0004,media,0,00:00:00
2017/05/29 15:29:42,,lis0w9,sys001,0:0:0:0:0:0:0:1,0,,,scrn0004,media,0,00:00:00
2017/05/29 15:29:43,,lis0w9,sys001,0:0:0:0:0:0:0:1,0,,,scrn0004,media,0,00:00:00
2017/05/29 15:29:43,,lis0w9,sys001,0:0:0:0:0:0:0:1,0,,,scrn0004,media,0,00:00:00
2017/05/29 15:29:43,,lis0w9,sys001,0:0:0:0:0:0:0:1,0,,,scrn0004,media,0,00:00:00
2017/05/29 15:29:44,,lis0w9,sys001,0:0:0:0:0:0:0:1,0,,,scrn0004,media,0,00:00:00
2017/05/29 15:29:44,,lis0w9,sys001,0:0:0:0:0:0:0:1,0,,,scrn0004,media,0,00:00:00
2017/05/29 15:29:44,,lis0w9,sys001,0:0:0:0:0:0:0:1,0,,,scrn0004,media,0,00:00:00
2017/05/29 15:29:45,,lis0w9,sys001,0:0:0:0:0:0:0:1,0,,,scrn0004,media,0,00:00:00
2017/05/29 15:29:45,,lis0w9,sys001,0:0:0:0:0:0:0:1,0,,,scrn0004,media,0,00:00:00
2017/05/29 15:29:46,,lis0w9,sys001,0:0:0:0:0:0:0:1,0,,,scrn0004,media,0,00:00:00
2017/05/29 15:29:57,,lis0w9,sys001,0:0:0:0:0:0:0:1,0,,,scrn0004,media,0,00:00:00
2017/05/29 15:30:03,,lis0w9,sys001,0:0:0:0:0:0:0:1,0,,,scrn0004,media,0,00:00:00
2017/05/29 15:32:20,,lis0w9,sys001,0:0:0:0:0:0:0:1,0,,,scrn0004,media,0,00:00:02
2017/05/29 15:32:34,,lis0w9,sys001,0:0:0:0:0:0:0:1,0,,,scrn0004,common,0,00:00:00
2017/05/29 15:32:34,,lis0w9,sys001,0:0:0:0:0:0:0:1,0,,,scrn0004,menu,0,00:00:00
2017/05/29 15:32:37,,lis0w9,sys001,0:0:0:0:0:0:0:1,0,,,scrn0004,media,0,00:00:00
2017/05/29 15:32:41,,lis0w9,sys001,0:0:0:0:0:0:0:1,0,,,scrn0004,media,0,00:00:00
2017/05/29 15:32:42,,lis0w9,sys001,0:0:0:0:0:0:0:1,0,,,scrn0004,media,0,00:00:00
2017/05/29 15:32:44,,lis0w9,sys001,0:0:0:0:0:0:0:1,0,,,scrn0004,media,0,00:00:00
2017/05/29 15:32:44,,lis0w9,sys001,0:0:0:0:0:0:0:1,0,,,scrn0004,media,0,00:00:00
2017/05/29 15:32:50,,lis0w9,sys001,0:0:0:0:0:0:0:1,0,,,scrn0004,media,0,00:00:00
2017/05/29 15:32:53,,lis0w9,sys001,0:0:0:0:0:0:0:1,0,,,scrn0004,media,0,00:00:00
2017/05/29 15:32:54,,lis0w9,sys001,0:0:0:0:0:0:0:1,0,,,scrn0004,menu,0,00:00:00
2017/05/29 15:32:58,,lis0w9,sys001,0:0:0:0:0:0:0:1,0,,,scrn0004,media,0,00:00:00
2017/05/29 15:33:07,,lis0w9,sys001,0:0:0:0:0:0:0:1,0,,,scrn0004,media,0,00:00:00
2017/05/29 15:33:17,,lis0w9,sys001,0:0:0:0:0:0:0:1,0,,,scrn0004,menu,0,00:00:00
2017/05/29 15:33:22,,lis0w9,sys001,0:0:0:0:0:0:0:1,0,,,scrn0004,media,0,00:00:00
2017/05/29 15:33:28,,lis0w9,sys001,0:0:0:0:0:0:0:1,0,,,scrn0004,media,0,00:00:00
2017/05/29 15:33:28,,lis0w9,sys001,0:0:0:0:0:0:0:1,0,,,scrn0004,media,0,00:00:00
2017/05/29 15:33:31,,lis0w9,sys001,0:0:0:0:0:0:0:1,0,,,scrn0004,media,0,00:00:00
2017/05/29 15:33:32,,lis0w9,sys001,0:0:0:0:0:0:0:1,0,,,scrn0004,menu,0,00:00:00
2017/05/29 15:33:35,,lis0w9,sys001,0:0:0:0:0:0:0:1,0,,,scrn0004,media,0,00:00:02
2017/05/29 15:33:45,,lis0w9,sys001,0:0:0:0:0:0:0:1,0,,,scrn0004,media,0,00:00:00
2017/05/29 15:33:54,,lis0w9,sys001,0:0:0:0:0:0:0:1,0,,,scrn0004,media,0,00:00:00
2017/05/29 15:33:58,,lis0w9,sys001,0:0:0:0:0:0:0:1,0,,,scrn0004,media,0,00:00:00
2017/05/29 15:36:10,,lis0w9,sys001,0:0:0:0:0:0:0:1,0,,,scrn0004,media,0,00:00:02
2017/05/29 15:40:57,,lis0w9,sys001,0:0:0:0:0:0:0:1,0,,,scrn0004,common,0,00:00:00
2017/05/29 15:40:57,,lis0w9,sys001,0:0:0:0:0:0:0:1,0,,,scrn0004,menu,0,00:00:00
2017/05/29 15:41:07,,lis0w9,sys001,0:0:0:0:0:0:0:1,0,,,scrn0004,media,0,00:00:00
2017/05/29 15:41:11,,lis0w9,sys001,0:0:0:0:0:0:0:1,0,,,scrn0004,menu,0,00:00:00
2017/05/29 15:41:15,,lis0w9,sys001,0:0:0:0:0:0:0:1,0,,,scrn0004,media,0,00:00:02
2017/05/29 15:41:53,,lis0w9,sys001,0:0:0:0:0:0:0:1,0,,,scrn0004,common,0,00:00:00
2017/05/29 15:41:53,,lis0w9,sys001,0:0:0:0:0:0:0:1,0,,,scrn0004,menu,0,00:00:00
2017/05/29 15:41:58,,lis0w9,sys001,0:0:0:0:0:0:0:1,0,,,scrn0004,billing,0,00:00:01
2017/05/29 15:42:15,,lis0w9,sys001,0:0:0:0:0:0:0:1,0,,,scrn0004,billing,0,00:00:00
2017/05/29 15:42:17,,lis0w9,sys001,0:0:0:0:0:0:0:1,0,,,scrn0004,billing,0,00:00:00
2017/05/29 15:42:22,,lis0w9,sys001,0:0:0:0:0:0:0:1,0,,,scrn0004,billing,0,00:00:00
2017/05/29 15:42:24,,lis0w9,sys001,0:0:0:0:0:0:0:1,0,,,scrn0004,billing,0,00:00:00
2017/05/29 15:42:29,,lis0w9,sys001,0:0:0:0:0:0:0:1,0,,,scrn0004,billing,0,00:00:00
2017/05/29 15:42:30,,lis0w9,sys001,0:0:0:0:0:0:0:1,0,,,scrn0004,billing,0,00:00:00
2017/05/29 15:42:32,,lis0w9,sys001,0:0:0:0:0:0:0:1,0,,,scrn0004,menu,0,00:00:00
2017/05/29 15:42:35,,lis0w9,sys001,0:0:0:0:0:0:0:1,0,,,scrn0004,media,0,00:00:02
2017/05/29 15:43:08,,lis0w9,sys001,0:0:0:0:0:0:0:1,0,,,scrn0004,media,0,00:00:00
2017/05/29 15:51:02,,lis0w9,sys001,0:0:0:0:0:0:0:1,0,,,scrn0004,media,0,00:00:02
2017/05/29 15:52:56,,lis0w9,sys001,0:0:0:0:0:0:0:1,0,,,scrn0004,common,0,00:00:00
2017/05/29 15:52:57,,lis0w9,sys001,0:0:0:0:0:0:0:1,0,,,scrn0004,menu,0,00:00:00
2017/05/29 15:53:45,,lis0w9,sys001,0:0:0:0:0:0:0:1,0,,,scrn0004,common,0,00:00:00
2017/05/29 15:53:46,,lis0w9,sys001,0:0:0:0:0:0:0:1,0,,,scrn0004,menu,0,00:00:00
2017/05/29 15:53:49,,lis0w9,sys001,0:0:0:0:0:0:0:1,0,,,scrn0004,media,0,00:00:02
2017/05/29 15:54:21,,lis0w9,sys001,0:0:0:0:0:0:0:1,0,,,scrn0004,media,0,00:00:02
2017/05/29 15:54:42,,lis0w9,sys001,0:0:0:0:0:0:0:1,0,,,scrn0004,media,0,00:00:02
2017/05/29 15:55:46,,lis0w9,sys001,0:0:0:0:0:0:0:1,0,,,scrn0004,common,0,00:00:00
2017/05/29 15:55:46,,lis0w9,sys001,0:0:0:0:0:0:0:1,0,,,scrn0004,menu,0,00:00:00
2017/05/29 15:55:49,,lis0w9,sys001,0:0:0:0:0:0:0:1,0,,,scrn0004,media,0,00:00:02
2017/05/29 15:57:18,,lis0w9,sys001,0:0:0:0:0:0:0:1,0,,,scrn0004,media,0,00:00:01
2017/05/29 15:57:20,,lis0w9,sys001,0:0:0:0:0:0:0:1,0,,,scrn0004,media,0,00:00:02
2017/05/29 15:57:28,,lis0w9,sys001,0:0:0:0:0:0:0:1,0,,,scrn0004,media,0,00:00:00
2017/05/29 15:57:31,,lis0w9,sys001,0:0:0:0:0:0:0:1,0,,,scrn0004,media,0,00:00:02
2017/05/29 15:58:05,,lis0w9,sys001,0:0:0:0:0:0:0:1,0,,,scrn0004,media,0,00:00:00
2017/05/29 15:58:06,,lis0w9,sys001,0:0:0:0:0:0:0:1,0,,,scrn0004,media,0,00:00:02
2017/05/29 16:00:27,,lis0w9,sys001,0:0:0:0:0:0:0:1,0,,,scrn0004,media,0,00:00:00
2017/05/29 16:00:36,,lis0w9,sys001,0:0:0:0:0:0:0:1,0,,,scrn0004,media,0,00:00:02
2017/05/29 16:01:11,,lis0w9,sys001,0:0:0:0:0:0:0:1,0,,,scrn0004,media,0,00:00:02
2017/05/29 16:02:10,,lis0w9,sys001,0:0:0:0:0:0:0:1,0,,,scrn0004,common,0,00:00:00
2017/05/29 16:02:10,,lis0w9,sys001,0:0:0:0:0:0:0:1,0,,,scrn0004,menu,0,00:00:00
2017/05/29 16:02:12,,lis0w9,sys001,0:0:0:0:0:0:0:1,0,,,scrn0004,media,0,00:00:02
2017/05/29 16:03:10,,lis0w9,sys001,0:0:0:0:0:0:0:1,0,,,scrn0004,media,0,00:00:00
2017/05/29 16:03:11,,lis0w9,sys001,0:0:0:0:0:0:0:1,0,,,scrn0004,media,0,00:00:02
2017/05/29 16:03:19,,lis0w9,sys001,0:0:0:0:0:0:0:1,0,,,scrn0004,media,0,00:00:00
2017/05/29 16:03:57,,lis0w9,sys001,0:0:0:0:0:0:0:1,0,,,scrn0004,media,0,00:00:02
2017/05/29 16:04:09,,lis0w9,sys001,0:0:0:0:0:0:0:1,0,,,scrn0004,media,0,00:00:00
2017/05/29 16:06:02,,lis0w9,sys001,0:0:0:0:0:0:0:1,0,,,scrn0004,media,0,00:00:00
2017/05/29 16:07:34,,lis0w9,sys001,0:0:0:0:0:0:0:1,0,,,scrn0004,media,0,00:00:00
2017/05/29 16:07:36,,lis0w9,sys001,0:0:0:0:0:0:0:1,0,,,scrn0004,media,0,00:00:00
2017/05/29 16:07:39,,lis0w9,sys001,0:0:0:0:0:0:0:1,0,,,scrn0004,media,0,00:00:00
2017/05/29 16:07:43,,lis0w9,sys001,0:0:0:0:0:0:0:1,0,,,scrn0004,media,0,00:00:00
2017/05/29 16:07:55,,lis0w9,sys001,0:0:0:0:0:0:0:1,0,,,scrn0004,media,0,00:00:02
2017/05/29 16:08:04,,lis0w9,sys001,0:0:0:0:0:0:0:1,0,,,scrn0004,media,0,00:00:00
2017/05/29 16:09:10,,lis0w9,sys001,0:0:0:0:0:0:0:1,0,,,scrn0004,media,0,00:00:00
2017/05/29 16:09:13,,lis0w9,sys001,0:0:0:0:0:0:0:1,0,,,scrn0004,media,0,00:00:00
2017/05/29 16:09:24,,lis0w9,sys001,0:0:0:0:0:0:0:1,0,,,scrn0004,media,0,00:00:00
2017/05/29 16:09:25,,lis0w9,sys001,0:0:0:0:0:0:0:1,0,,,scrn0004,media,0,00:00:00
2017/05/29 16:09:56,,lis0w9,sys001,0:0:0:0:0:0:0:1,0,,,scrn0004,media,0,00:00:00
2017/05/29 16:13:39,,lis0w9,sys001,0:0:0:0:0:0:0:1,0,,,scrn0004,media,0,00:00:02
2017/05/29 16:14:03,,lis0w9,sys001,0:0:0:0:0:0:0:1,0,,,scrn0004,media,0,00:00:00
2017/05/29 16:14:58,,lis0w9,sys001,0:0:0:0:0:0:0:1,0,,,scrn0004,media,0,00:00:02
2017/05/29 16:15:39,,lis0w9,sys001,0:0:0:0:0:0:0:1,0,,,scrn0004,media,0,00:00:00
2017/05/29 16:17:52,,lis0w9,sys001,0:0:0:0:0:0:0:1,0,,,scrn0004,media,0,00:03:42
2017/05/29 16:21:56,,lis0w9,sys001,0:0:0:0:0:0:0:1,0,,,scrn0004,media,0,00:00:56
2017/05/29 16:23:00,,lis0w9,sys001,0:0:0:0:0:0:0:1,0,,,scrn0004,media,0,00:00:55
2017/05/29 16:24:00,,lis0w9,sys001,0:0:0:0:0:0:0:1,0,,,scrn0004,media,0,00:00:45
2017/05/29 16:36:23,,lis0w9,sys001,0:0:0:0:0:0:0:1,0,,,scrn0004,media,0,00:00:02
2017/05/29 16:36:37,,lis0w9,sys001,0:0:0:0:0:0:0:1,0,,,scrn0004,media,0,00:00:02
2017/05/29 16:36:48,,lis0w9,sys001,0:0:0:0:0:0:0:1,0,,,scrn0004,media,0,00:00:02
2017/05/29 16:37:02,,lis0w9,sys001,0:0:0:0:0:0:0:1,0,,,scrn0004,media,0,00:00:02
2017/05/29 16:37:18,,lis0w9,sys001,0:0:0:0:0:0:0:1,0,,,scrn0004,media,0,00:00:01
2017/05/29 16:37:20,,lis0w9,sys001,0:0:0:0:0:0:0:1,0,,,scrn0004,media,0,00:00:02
2017/05/29 16:37:34,,lis0w9,sys001,0:0:0:0:0:0:0:1,0,,,scrn0004,media,0,00:00:00
2017/05/29 16:37:35,,lis0w9,sys001,0:0:0:0:0:0:0:1,0,,,scrn0004,media,0,00:00:02
2017/05/29 16:37:56,,lis0w9,sys001,0:0:0:0:0:0:0:1,0,,,scrn0004,media,0,00:00:00
2017/05/29 16:37:57,,lis0w9,sys001,0:0:0:0:0:0:0:1,0,,,scrn0004,media,0,00:00:02
2017/05/29 16:38:07,,lis0w9,sys001,0:0:0:0:0:0:0:1,0,,,scrn0004,media,0,00:00:02
2017/05/29 16:38:27,,lis0w9,sys001,0:0:0:0:0:0:0:1,0,,,scrn0004,media,0,00:00:03
2017/05/29 16:39:41,,lis0w9,sys001,0:0:0:0:0:0:0:1,0,,,scrn0004,media,0,00:00:02
2017/05/29 16:42:06,,lis0w9,sys001,0:0:0:0:0:0:0:1,0,,,scrn0004,media,0,00:00:01
2017/05/29 16:42:08,,lis0w9,sys001,0:0:0:0:0:0:0:1,0,,,scrn0004,media,0,00:00:02
2017/05/29 16:42:31,,lis0w9,sys001,0:0:0:0:0:0:0:1,0,,,scrn0004,common,0,00:00:00
2017/05/29 16:42:32,,lis0w9,sys001,0:0:0:0:0:0:0:1,0,,,scrn0004,menu,0,00:00:00
2017/05/29 16:42:35,,lis0w9,sys001,0:0:0:0:0:0:0:1,0,,,scrn0004,media,0,00:00:00
2017/05/29 16:42:39,,lis0w9,sys001,0:0:0:0:0:0:0:1,0,,,scrn0004,media,0,00:00:00
2017/05/29 16:42:45,,lis0w9,sys001,0:0:0:0:0:0:0:1,0,,,scrn0004,media,0,00:00:00
2017/05/29 16:42:48,,lis0w9,sys001,0:0:0:0:0:0:0:1,0,,,scrn0004,media,0,00:00:00
2017/05/29 16:42:48,,lis0w9,sys001,0:0:0:0:0:0:0:1,0,,,scrn0004,media,0,00:00:00
2017/05/29 16:42:49,,lis0w9,sys001,0:0:0:0:0:0:0:1,0,,,scrn0004,media,0,00:00:00
2017/05/29 16:42:50,,lis0w9,sys001,0:0:0:0:0:0:0:1,0,,,scrn0004,menu,0,00:00:00
2017/05/29 16:42:53,,lis0w9,sys001,0:0:0:0:0:0:0:1,0,,,scrn0004,media,0,00:00:00
2017/05/29 16:43:00,,lis0w9,sys001,0:0:0:0:0:0:0:1,0,,,scrn0004,media,0,00:00:00
2017/05/29 16:43:32,,lis0w9,sys001,0:0:0:0:0:0:0:1,0,,,scrn0004,menu,0,00:00:00
2017/05/29 16:43:45,,lis0w9,sys001,0:0:0:0:0:0:0:1,0,,,scrn0004,billing,0,00:00:00
2017/05/29 16:43:52,,lis0w9,sys001,0:0:0:0:0:0:0:1,0,,,scrn0004,menu,0,00:00:00
2017/05/29 16:43:55,,lis0w9,sys001,0:0:0:0:0:0:0:1,0,,,scrn0004,media,0,00:00:02
2017/05/29 16:44:09,,lis0w9,sys001,0:0:0:0:0:0:0:1,0,,,scrn0004,media,0,00:00:01
2017/05/29 16:44:11,,lis0w9,sys001,0:0:0:0:0:0:0:1,0,,,scrn0004,media,0,00:00:02
2017/05/29 16:44:19,,lis0w9,sys001,0:0:0:0:0:0:0:1,0,,,scrn0004,common,0,00:00:00
2017/05/29 16:44:19,,lis0w9,sys001,0:0:0:0:0:0:0:1,0,,,scrn0004,menu,0,00:00:00
2017/05/29 16:44:29,,lis0w9,sys001,0:0:0:0:0:0:0:1,0,,,scrn0004,billing,0,00:00:00
2017/05/29 16:44:40,,lis0w9,sys001,0:0:0:0:0:0:0:1,0,,,scrn0004,billing,0,00:00:00
2017/05/29 16:44:44,,lis0w9,sys001,0:0:0:0:0:0:0:1,0,,,scrn0004,billing,0,00:00:00
2017/05/29 16:44:49,,lis0w9,sys001,0:0:0:0:0:0:0:1,0,,,scrn0004,billing,0,00:00:00
2017/05/29 16:44:49,,lis0w9,sys001,0:0:0:0:0:0:0:1,0,,,scrn0004,billing,0,00:00:00
2017/05/29 16:44:53,,lis0w9,sys001,0:0:0:0:0:0:0:1,0,,,scrn0004,menu,0,00:00:00
2017/05/29 16:44:58,,lis0w9,sys001,0:0:0:0:0:0:0:1,0,,,scrn0004,media,0,00:00:02
2017/05/29 16:45:15,,lis0w9,sys001,0:0:0:0:0:0:0:1,0,,,scrn0004,media,0,00:00:00
2017/05/29 16:45:36,,lis0w9,sys001,0:0:0:0:0:0:0:1,0,,,scrn0004,media,0,00:00:02
2017/05/29 16:46:28,,lis0w9,sys001,0:0:0:0:0:0:0:1,0,,,scrn0004,common,0,00:00:00
2017/05/29 16:46:28,,lis0w9,sys001,0:0:0:0:0:0:0:1,0,,,scrn0004,menu,0,00:00:00
2017/05/29 16:46:32,,lis0w9,sys001,0:0:0:0:0:0:0:1,0,,,scrn0004,media,0,00:00:00
2017/05/29 16:47:06,,lis0w9,sys001,0:0:0:0:0:0:0:1,0,,,scrn0004,media,0,00:00:00
2017/05/29 17:09:23,,lis0w9,sys001,0:0:0:0:0:0:0:1,0,,,scrn0004,menu,0,00:00:00
2017/05/29 17:09:26,,lis0w9,sys001,0:0:0:0:0:0:0:1,0,,,scrn0004,media,0,00:00:02
2017/05/29 17:11:44,,lis0w9,sys001,0:0:0:0:0:0:0:1,0,,,scrn0004,media,0,00:00:00
2017/05/29 17:11:53,,lis0w9,sys001,0:0:0:0:0:0:0:1,0,,,scrn0004,media,0,00:00:02
2017/05/29 17:12:58,,lis0w9,sys001,0:0:0:0:0:0:0:1,0,,,scrn0004,media,0,00:00:00
2017/05/29 17:13:08,,lis0w9,sys001,0:0:0:0:0:0:0:1,0,,,scrn0004,media,0,00:00:02
2017/05/29 17:13:42,,lis0w9,sys001,0:0:0:0:0:0:0:1,0,,,scrn0004,media,0,00:00:00
2017/05/29 17:14:09,,lis0w9,sys001,0:0:0:0:0:0:0:1,0,,,scrn0004,media,0,00:00:00
2017/05/29 17:14:11,,lis0w9,sys001,0:0:0:0:0:0:0:1,0,,,scrn0004,media,0,00:00:00
2017/05/29 17:14:12,,lis0w9,sys001,0:0:0:0:0:0:0:1,0,,,scrn0004,media,0,00:00:00
2017/05/29 17:14:12,,lis0w9,sys001,0:0:0:0:0:0:0:1,0,,,scrn0004,media,0,00:00:00
2017/05/29 17:14:13,,lis0w9,sys001,0:0:0:0:0:0:0:1,0,,,scrn0004,media,0,00:00:00
2017/05/29 17:14:13,,lis0w9,sys001,0:0:0:0:0:0:0:1,0,,,scrn0004,media,0,00:00:00
2017/05/29 17:14:15,,lis0w9,sys001,0:0:0:0:0:0:0:1,0,,,scrn0004,media,0,00:00:00
2017/05/29 17:34:13,,lis0w9,sys001,0:0:0:0:0:0:0:1,0,,,scrn0004,media,0,00:00:02
2017/05/29 17:34:16,,lis0w9,sys001,0:0:0:0:0:0:0:1,0,,,scrn0004,media,0,00:00:00
2017/05/29 17:34:17,,lis0w9,sys001,0:0:0:0:0:0:0:1,0,,,scrn0004,media,0,00:00:00
2017/05/29 17:35:37,,lis0w9,sys001,0:0:0:0:0:0:0:1,0,,,scrn0004,media,0,00:00:02
2017/05/29 17:36:22,,lis0w9,sys001,0:0:0:0:0:0:0:1,0,,,scrn0004,common,0,00:00:00
2017/05/29 17:36:22,,lis0w9,sys001,0:0:0:0:0:0:0:1,0,,,scrn0004,menu,0,00:00:00
2017/05/29 17:36:23,,lis0w9,sys001,0:0:0:0:0:0:0:1,0,,,scrn0004,common,0,00:00:00
2017/05/30 09:57:09,,lis0w9,sys001,0:0:0:0:0:0:0:1,0,,,scrn0004,common,0,00:00:01
2017/05/30 09:57:13,,lis0w9,sys001,0:0:0:0:0:0:0:1,0,,,scrn0004,menu,0,00:00:00
2017/05/30 09:57:20,,lis0w9,sys001,0:0:0:0:0:0:0:1,0,,,scrn0004,media,0,00:00:03
2017/05/30 09:57:40,,lis0w9,sys001,0:0:0:0:0:0:0:1,0,,,scrn0004,media,0,00:00:00
2017/05/30 09:58:04,,lis0w9,sys001,0:0:0:0:0:0:0:1,0,,,scrn0004,media,0,00:00:00
2017/05/30 09:58:52,,lis0w9,sys001,0:0:0:0:0:0:0:1,0,,,scrn0004,media,0,00:00:00
2017/05/30 09:58:52,,lis0w9,sys001,0:0:0:0:0:0:0:1,0,,,scrn0004,media,0,00:00:00
2017/05/30 09:59:03,,lis0w9,sys001,0:0:0:0:0:0:0:1,0,,,scrn0004,common,0,00:00:00
2017/05/30 09:59:11,,lis0w9,sys001,0:0:0:0:0:0:0:1,0,,,scrn0004,media,0,00:00:01
2017/05/30 09:59:48,,lis0w9,sys001,0:0:0:0:0:0:0:1,0,,,scrn0004,media,0,00:00:00
2017/05/30 09:59:48,,lis0w9,sys001,0:0:0:0:0:0:0:1,0,,,scrn0004,media,0,00:00:00
2017/05/30 10:00:02,,lis0w9,sys001,0:0:0:0:0:0:0:1,0,,,scrn0004,media,0,00:00:00
2017/05/30 10:00:02,,lis0w9,sys001,0:0:0:0:0:0:0:1,0,,,scrn0004,media,0,00:00:00
2017/05/30 10:00:51,,lis0w9,sys001,0:0:0:0:0:0:0:1,0,,,scrn0004,media,0,00:00:00
2017/05/30 10:00:51,,lis0w9,sys001,0:0:0:0:0:0:0:1,0,,,scrn0004,media,0,00:00:00
2017/05/30 10:01:01,,lis0w9,sys001,0:0:0:0:0:0:0:1,0,,,scrn0004,media,0,00:00:00
2017/05/30 10:23:20,,lis0w9,sys001,0:0:0:0:0:0:0:1,0,,,scrn0004,common,0,00:00:00
2017/05/30 10:23:20,,lis0w9,sys001,0:0:0:0:0:0:0:1,0,,,scrn0004,menu,0,00:00:00
2017/05/30 10:23:25,,lis0w9,sys001,0:0:0:0:0:0:0:1,0,,,scrn0004,media,0,00:00:01
2017/05/30 10:23:37,,lis0w9,sys001,0:0:0:0:0:0:0:1,0,,,scrn0004,media,0,00:00:00
2017/05/30 10:23:52,,lis0w9,sys001,0:0:0:0:0:0:0:1,0,,,scrn0004,media,0,00:00:00
2017/05/30 10:23:53,,lis0w9,sys001,0:0:0:0:0:0:0:1,0,,,scrn0004,media,0,00:00:00
2017/05/30 10:23:54,,lis0w9,sys001,0:0:0:0:0:0:0:1,0,,,scrn0004,media,0,00:00:00
2017/05/30 10:24:25,,lis0w9,sys001,0:0:0:0:0:0:0:1,0,,,scrn0004,menu,0,00:00:00
2017/05/30 10:24:31,,lis0w9,sys001,0:0:0:0:0:0:0:1,0,,,scrn0004,media,0,00:00:02
2017/05/30 10:25:00,,lis0w9,sys001,0:0:0:0:0:0:0:1,0,,,scrn0004,common,0,00:00:00
2017/05/30 10:25:00,,lis0w9,sys001,0:0:0:0:0:0:0:1,0,,,scrn0004,menu,0,00:00:00
2017/05/30 10:25:03,,lis0w9,sys001,0:0:0:0:0:0:0:1,0,,,scrn0004,media,0,00:00:00
2017/05/30 10:25:13,,lis0w9,sys001,0:0:0:0:0:0:0:1,0,,,scrn0004,media,0,00:00:00
2017/05/30 10:25:23,,lis0w9,sys001,0:0:0:0:0:0:0:1,0,,,scrn0004,menu,0,00:00:00
2017/05/30 10:25:25,,lis0w9,sys001,0:0:0:0:0:0:0:1,0,,,scrn0004,media,0,00:00:02
2017/05/30 10:25:41,,lis0w9,sys001,0:0:0:0:0:0:0:1,0,,,scrn0004,common,0,00:00:00
2017/05/30 10:25:41,,lis0w9,sys001,0:0:0:0:0:0:0:1,0,,,scrn0004,menu,0,00:00:00
2017/05/30 10:25:48,,lis0w9,sys001,0:0:0:0:0:0:0:1,0,,,scrn0004,media,0,00:00:02
2017/05/30 10:57:42,,lis0w9,sys001,0:0:0:0:0:0:0:1,0,,,scrn0004,media,0,00:00:00
2017/05/30 10:57:50,,lis0w9,sys001,0:0:0:0:0:0:0:1,0,,,scrn0004,media,0,00:00:03
2017/05/30 11:08:23,,lis0w9,sys001,0:0:0:0:0:0:0:1,0,,,scrn0004,media,0,00:00:02
2017/05/30 11:14:24,,lis0w9,sys001,0:0:0:0:0:0:0:1,0,,,scrn0004,media,0,00:00:00
2017/05/30 11:14:35,,lis0w9,sys001,0:0:0:0:0:0:0:1,0,,,scrn0004,media,0,00:00:02
2017/05/30 11:15:30,,lis0w9,sys001,0:0:0:0:0:0:0:1,0,,,scrn0004,media,0,00:00:02
2017/05/30 11:15:37,,lis0w9,sys001,0:0:0:0:0:0:0:1,0,,,scrn0004,media,0,00:00:02
2017/05/30 14:13:01,,lis0w9,sys001,0:0:0:0:0:0:0:1,0,,,scrn0004,common,0,00:00:00
2017/05/30 14:13:02,,lis0w9,sys001,0:0:0:0:0:0:0:1,0,,,scrn0004,menu,0,00:00:00
2017/05/30 14:13:09,,lis0w9,sys001,0:0:0:0:0:0:0:1,0,,,scrn0004,billing,0,00:00:01
2017/05/30 14:13:12,,lis0w9,sys001,0:0:0:0:0:0:0:1,0,,,scrn0004,billing,0,00:00:00
2017/05/30 14:13:13,,lis0w9,sys001,0:0:0:0:0:0:0:1,0,,,scrn0004,billing,0,00:00:00
2017/05/30 14:13:16,,lis0w9,sys001,0:0:0:0:0:0:0:1,0,,,scrn0004,billing,0,00:00:00
2017/05/30 14:13:17,,lis0w9,sys001,0:0:0:0:0:0:0:1,0,,,scrn0004,billing,0,00:00:00
2017/05/30 14:13:25,,lis0w9,sys001,0:0:0:0:0:0:0:1,0,,,scrn0004,billing,0,00:00:01
2017/05/30 14:13:27,,lis0w9,sys001,0:0:0:0:0:0:0:1,0,,,scrn0004,billing,0,00:00:00
2017/05/30 14:13:35,,lis0w9,sys001,0:0:0:0:0:0:0:1,0,,,scrn0004,common,0,00:00:00
2017/05/30 14:13:35,,lis0w9,sys001,0:0:0:0:0:0:0:1,0,,,scrn0004,billing,0,00:00:00
2017/05/30 14:13:37,,lis0w9,sys001,0:0:0:0:0:0:0:1,0,,,scrn0004,menu,0,00:00:00
2017/05/30 14:13:38,,lis0w9,sys001,0:0:0:0:0:0:0:1,0,,,scrn0004,common,0,00:00:00
2017/05/30 14:16:00,,lis0w9,sys001,0:0:0:0:0:0:0:1,0,,,scrn0004,common,0,00:00:00
2017/05/30 14:16:04,,lis0w9,sys001,0:0:0:0:0:0:0:1,0,,,scrn0004,menu,0,00:00:00
2017/05/30 14:16:55,,lis0w9,sys001,0:0:0:0:0:0:0:1,0,,,scrn0004,media,0,00:00:02
2017/05/30 14:25:17,,lis0w9,sys001,0:0:0:0:0:0:0:1,0,,,scrn0004,media,0,00:00:00
2017/05/30 14:25:28,,lis0w9,sys001,0:0:0:0:0:0:0:1,0,,,scrn0004,media,0,00:00:00
2017/05/30 14:25:28,,lis0w9,sys001,0:0:0:0:0:0:0:1,0,,,scrn0004,media,0,00:00:00
2017/05/30 14:25:39,,lis0w9,sys001,0:0:0:0:0:0:0:1,0,,,scrn0004,common,0,00:00:00
2017/05/30 14:25:47,,lis0w9,sys001,0:0:0:0:0:0:0:1,0,,,scrn0004,media,0,00:00:00
2017/05/30 14:25:48,,lis0w9,sys001,0:0:0:0:0:0:0:1,0,,,scrn0004,media,0,00:00:00
2017/05/30 14:25:55,,lis0w9,sys001,0:0:0:0:0:0:0:1,0,,,scrn0004,media,0,00:00:00
2017/05/30 14:25:55,,lis0w9,sys001,0:0:0:0:0:0:0:1,0,,,scrn0004,media,0,00:00:00
2017/05/30 14:25:59,,lis0w9,sys001,0:0:0:0:0:0:0:1,0,,,scrn0004,media,0,00:00:00
2017/05/30 14:25:59,,lis0w9,sys001,0:0:0:0:0:0:0:1,0,,,scrn0004,media,0,00:00:00
2017/05/30 14:26:45,,lis0w9,sys001,0:0:0:0:0:0:0:1,0,,,scrn0004,media,0,00:00:03
2017/05/30 14:27:47,,lis0w9,sys001,0:0:0:0:0:0:0:1,0,,,scrn0004,media,0,00:00:01
2017/05/30 14:27:48,,lis0w9,sys001,0:0:0:0:0:0:0:1,0,,,scrn0004,media,0,00:00:02
2017/05/30 14:27:58,,lis0w9,sys001,0:0:0:0:0:0:0:1,0,,,scrn0004,media,0,00:00:00
2017/05/30 14:27:58,,lis0w9,sys001,0:0:0:0:0:0:0:1,0,,,scrn0004,media,0,00:00:00
2017/05/30 14:28:14,,lis0w9,sys001,0:0:0:0:0:0:0:1,0,,,scrn0004,media,0,00:00:00
2017/05/30 14:28:14,,lis0w9,sys001,0:0:0:0:0:0:0:1,0,,,scrn0004,media,0,00:00:07
2017/05/30 14:28:27,,lis0w9,sys001,0:0:0:0:0:0:0:1,0,,,scrn0004,media,0,00:00:00
2017/05/30 14:28:27,,lis0w9,sys001,0:0:0:0:0:0:0:1,0,,,scrn0004,media,0,00:00:00
2017/05/30 14:28:37,,lis0w9,sys001,0:0:0:0:0:0:0:1,0,,,scrn0004,media,0,00:00:00
2017/05/30 14:28:38,,lis0w9,sys001,0:0:0:0:0:0:0:1,0,,,scrn0004,media,0,00:00:02
2017/05/30 14:28:47,,lis0w9,sys001,0:0:0:0:0:0:0:1,0,,,scrn0004,media,0,00:00:00
2017/05/30 14:28:47,,lis0w9,sys001,0:0:0:0:0:0:0:1,0,,,scrn0004,media,0,00:00:00
2017/05/30 14:29:16,,lis0w9,sys001,0:0:0:0:0:0:0:1,0,,,scrn0004,media,0,00:00:00
2017/05/30 14:29:16,,lis0w9,sys001,0:0:0:0:0:0:0:1,0,,,scrn0004,media,0,00:00:00
2017/05/30 14:29:22,,lis0w9,sys001,0:0:0:0:0:0:0:1,0,,,scrn0004,media,0,00:00:00
2017/05/30 14:29:24,,lis0w9,sys001,0:0:0:0:0:0:0:1,0,,,scrn0004,media,0,00:00:00
2017/05/30 14:29:25,,lis0w9,sys001,0:0:0:0:0:0:0:1,0,,,scrn0004,media,0,00:00:00
2017/05/30 14:29:25,,lis0w9,sys001,0:0:0:0:0:0:0:1,0,,,scrn0004,media,0,00:00:00
2017/05/30 14:29:27,,lis0w9,sys001,0:0:0:0:0:0:0:1,0,,,scrn0004,media,0,00:00:00
2017/05/30 14:29:27,,lis0w9,sys001,0:0:0:0:0:0:0:1,0,,,scrn0004,media,0,00:00:00
2017/05/30 14:29:32,,lis0w9,sys001,0:0:0:0:0:0:0:1,0,,,scrn0004,media,0,00:00:00
2017/05/30 14:29:38,,lis0w9,sys001,0:0:0:0:0:0:0:1,0,,,scrn0004,media,0,00:00:00
2017/05/30 14:29:40,,lis0w9,sys001,0:0:0:0:0:0:0:1,0,,,scrn0004,media,0,00:00:00
2017/05/30 14:29:40,,lis0w9,sys001,0:0:0:0:0:0:0:1,0,,,scrn0004,media,0,00:00:00
2017/05/30 14:32:28,,lis0w9,sys001,0:0:0:0:0:0:0:1,0,,,scrn0004,common,0,00:00:00
2017/05/30 14:32:30,,lis0w9,sys001,0:0:0:0:0:0:0:1,0,,,scrn0004,menu,0,00:00:00
2017/05/30 14:32:49,,lis0w9,sys001,0:0:0:0:0:0:0:1,0,,,scrn0004,media,0,00:00:02
2017/05/30 14:32:55,,lis0w9,sys001,0:0:0:0:0:0:0:1,0,,,scrn0004,common,0,00:00:00
2017/05/30 14:33:03,,lis0w9,sys001,0:0:0:0:0:0:0:1,0,,,scrn0004,media,0,00:00:03
2017/05/30 14:33:06,,lis0w9,sys001,0:0:0:0:0:0:0:1,0,,,scrn0004,media,0,00:00:00
2017/05/30 14:34:05,,lis0w9,sys001,0:0:0:0:0:0:0:1,0,,,scrn0004,common,0,00:00:00
2017/05/30 14:34:07,,lis0w9,sys001,0:0:0:0:0:0:0:1,0,,,scrn0004,menu,0,00:00:00
2017/05/30 14:34:17,,lis0w9,sys001,0:0:0:0:0:0:0:1,0,,,scrn0004,media,0,00:00:02
2017/05/30 14:34:25,,lis0w9,sys001,0:0:0:0:0:0:0:1,0,,,scrn0004,media,0,00:00:00
2017/05/30 14:34:25,,lis0w9,sys001,0:0:0:0:0:0:0:1,0,,,scrn0004,media,0,00:00:00
2017/05/30 14:34:30,,lis0w9,sys001,0:0:0:0:0:0:0:1,0,,,scrn0004,media,0,00:00:00
2017/05/30 14:34:32,,lis0w9,sys001,0:0:0:0:0:0:0:1,0,,,scrn0004,media,0,00:00:00
2017/05/30 14:34:36,,lis0w9,sys001,0:0:0:0:0:0:0:1,0,,,scrn0004,media,0,00:00:00
2017/05/30 14:34:43,,lis0w9,sys001,0:0:0:0:0:0:0:1,0,,,scrn0004,media,0,00:00:00
2017/05/30 14:34:44,,lis0w9,sys001,0:0:0:0:0:0:0:1,0,,,scrn0004,media,0,00:00:00
2017/05/30 14:45:16,,lis0w9,sys001,0:0:0:0:0:0:0:1,0,,,scrn0004,common,0,00:00:00
2017/05/30 14:45:16,,lis0w9,sys001,0:0:0:0:0:0:0:1,0,,,scrn0004,menu,0,00:00:00
2017/05/30 14:45:17,,lis0w9,sys001,0:0:0:0:0:0:0:1,0,,,scrn0004,common,0,00:00:00
2017/05/30 15:07:43,,lis0w9,sys001,0:0:0:0:0:0:0:1,0,,,scrn0004,common,0,00:00:00
2017/05/30 15:07:46,,lis0w9,sys001,0:0:0:0:0:0:0:1,0,,,scrn0004,menu,0,00:00:00
2017/05/30 15:07:54,,lis0w9,sys001,0:0:0:0:0:0:0:1,0,,,scrn0004,media,0,00:00:02
2017/05/30 16:13:19,,lis0w9,sys001,0:0:0:0:0:0:0:1,0,,,scrn0004,common,0,00:00:00
2017/05/30 16:13:20,,lis0w9,sys001,0:0:0:0:0:0:0:1,0,,,scrn0004,menu,0,00:00:00
2017/05/30 16:13:21,,lis0w9,sys001,0:0:0:0:0:0:0:1,0,,,scrn0004,common,0,00:00:00
2017/06/02 10:28:24,,lisakn,sys001,0:0:0:0:0:0:0:1,0,,,scrn0004,common,0,00:00:01
2017/06/02 10:28:29,,lisakn,sys001,0:0:0:0:0:0:0:1,0,,,scrn0004,menu,0,00:00:01
2017/06/02 13:16:55,,lisakn,sys001,0:0:0:0:0:0:0:1,0,,,scrn0004,media,0,00:00:04
2017/06/02 13:17:09,,lisakn,sys001,0:0:0:0:0:0:0:1,0,,,scrn0004,media,0,00:00:02
2017/06/02 13:19:36,,lisakn,sys001,0:0:0:0:0:0:0:1,0,,,scrn0004,common,0,00:00:00
2017/06/02 13:19:37,,lisakn,sys001,0:0:0:0:0:0:0:1,0,,,scrn0004,menu,0,00:00:00
2017/06/02 13:19:45,,lisakn,sys001,0:0:0:0:0:0:0:1,0,,,scrn0004,billing,0,00:00:01
2017/06/02 13:19:51,,lisakn,sys001,0:0:0:0:0:0:0:1,0,,,scrn0004,billing,0,00:00:01
2017/06/02 13:20:56,,lisakn,sys001,0:0:0:0:0:0:0:1,0,,,scrn0004,billing,0,00:00:00
2017/06/02 13:20:59,,lisakn,sys001,0:0:0:0:0:0:0:1,0,,,scrn0004,billing,0,00:00:00
2017/06/02 13:34:44,,lisakn,sys001,0:0:0:0:0:0:0:1,0,,,scrn0004,menu,0,00:00:00
2017/06/02 13:34:46,,lisakn,sys001,0:0:0:0:0:0:0:1,0,,,scrn0004,media,0,00:00:03
2017/06/02 13:34:54,,lisakn,sys001,0:0:0:0:0:0:0:1,0,,,scrn0004,media,0,00:00:02
2017/06/02 13:35:07,,lisakn,sys001,0:0:0:0:0:0:0:1,0,,,scrn0004,media,0,00:00:02
2017/06/02 14:39:17,,lisakn,sys001,0:0:0:0:0:0:0:1,0,,,scrn0004,common,0,00:00:00
2017/06/02 14:39:18,,lisakn,sys001,0:0:0:0:0:0:0:1,0,,,scrn0004,menu,0,00:00:00
2017/06/02 14:39:19,,lisakn,sys001,0:0:0:0:0:0:0:1,0,,,scrn0004,common,0,00:00:03
2017/06/05 14:09:35,,lisakn,sys001,0:0:0:0:0:0:0:1,0,,,scrn0004,common,0,00:00:01
2017/06/05 14:09:40,,lisakn,sys001,0:0:0:0:0:0:0:1,0,,,scrn0004,menu,0,00:00:01
2017/06/05 14:09:56,,lisakn,sys001,0:0:0:0:0:0:0:1,0,,,scrn0004,media,0,00:00:05
2017/06/05 14:10:57,,lisakn,sys001,0:0:0:0:0:0:0:1,0,,,scrn0004,common,0,00:00:00
2017/06/05 14:10:58,,lisakn,sys001,0:0:0:0:0:0:0:1,0,,,scrn0004,menu,0,00:00:00
2017/06/05 14:11:00,,lisakn,sys001,0:0:0:0:0:0:0:1,0,,,scrn0004,media,0,00:00:02
2017/06/05 14:12:16,,lisakn,sys001,0:0:0:0:0:0:0:1,0,,,scrn0004,media,0,00:00:02
2017/06/05 14:12:29,,lisakn,sys001,0:0:0:0:0:0:0:1,0,,,scrn0004,media,0,00:00:02
2017/06/05 14:14:23,,lisakn,sys001,0:0:0:0:0:0:0:1,0,,,scrn0004,media,0,00:00:02
2017/06/05 14:14:30,,lisakn,sys001,0:0:0:0:0:0:0:1,0,,,scrn0004,media,0,00:00:02
2017/06/05 14:36:12,,lisakn,sys001,0:0:0:0:0:0:0:1,0,,,scrn0004,media,0,00:00:00
2017/06/05 14:36:14,,lisakn,sys001,0:0:0:0:0:0:0:1,0,,,scrn0004,media,0,00:00:00
2017/06/05 14:36:15,,lisakn,sys001,0:0:0:0:0:0:0:1,0,,,scrn0004,media,0,00:00:00
2017/06/05 14:36:18,,lisakn,sys001,0:0:0:0:0:0:0:1,0,,,scrn0004,media,0,00:00:00
2017/06/05 14:36:18,,lisakn,sys001,0:0:0:0:0:0:0:1,0,,,scrn0004,media,0,00:00:00
2017/06/05 14:36:21,,lisakn,sys001,0:0:0:0:0:0:0:1,0,,,scrn0004,media,0,00:00:00
2017/06/05 14:36:21,,lisakn,sys001,0:0:0:0:0:0:0:1,0,,,scrn0004,media,0,00:00:00
2017/06/05 14:36:26,,lisakn,sys001,0:0:0:0:0:0:0:1,0,,,scrn0004,media,0,00:00:00
2017/06/05 14:36:26,,lisakn,sys001,0:0:0:0:0:0:0:1,0,,,scrn0004,media,0,00:00:00
2017/06/05 14:49:43,,lisakn,sys001,0:0:0:0:0:0:0:1,0,,,scrn0004,media,0,00:00:00
2017/06/05 14:49:52,,lisakn,sys001,0:0:0:0:0:0:0:1,0,,,scrn0004,media,0,00:00:01
2017/06/05 15:32:05,,lisakn,sys001,0:0:0:0:0:0:0:1,0,,,scrn0004,media,0,00:00:00
2017/06/05 15:38:20,,lisakn,sys001,0:0:0:0:0:0:0:1,0,,,scrn0004,common,0,00:00:00
2017/06/05 15:38:22,,lisakn,sys001,0:0:0:0:0:0:0:1,0,,,scrn0004,menu,0,00:00:00
2017/06/05 15:38:31,,lisakn,sys001,0:0:0:0:0:0:0:1,0,,,scrn0004,media,0,00:00:02
2017/06/05 15:38:37,,lisakn,sys001,0:0:0:0:0:0:0:1,0,,,scrn0004,media,0,00:00:00
2017/06/05 15:41:04,,lisakn,sys001,0:0:0:0:0:0:0:1,0,,,scrn0004,common,0,00:00:00
2017/06/05 15:41:06,,lisakn,sys001,0:0:0:0:0:0:0:1,0,,,scrn0004,menu,0,00:00:00
2017/06/05 15:41:11,,lisakn,sys001,0:0:0:0:0:0:0:1,0,,,scrn0004,media,0,00:00:02
2017/06/05 15:41:18,,lisakn,sys001,0:0:0:0:0:0:0:1,0,,,scrn0004,media,0,00:00:00
2017/06/05 15:41:45,,lisakn,sys001,0:0:0:0:0:0:0:1,0,,,scrn0004,media,0,00:00:00
2017/06/05 15:41:46,,lisakn,sys001,0:0:0:0:0:0:0:1,0,,,scrn0004,media,0,00:00:00
2017/06/05 15:41:47,,lisakn,sys001,0:0:0:0:0:0:0:1,0,,,scrn0004,media,0,00:00:00
2017/06/05 15:41:57,,lisakn,sys001,0:0:0:0:0:0:0:1,0,,,scrn0004,media,0,00:00:00
2017/06/05 15:42:04,,lisakn,sys001,0:0:0:0:0:0:0:1,0,,,scrn0004,media,0,00:00:00
2017/06/05 15:42:12,,lisakn,sys001,0:0:0:0:0:0:0:1,0,,,scrn0004,media,0,00:00:00
2017/06/05 15:42:36,,lisakn,sys001,0:0:0:0:0:0:0:1,0,,,scrn0004,media,0,00:00:04
2017/06/05 15:44:21,,lisakn,sys001,0:0:0:0:0:0:0:1,0,,,scrn0004,media,0,00:00:02
2017/06/05 15:44:40,,lisakn,sys001,0:0:0:0:0:0:0:1,0,,,scrn0004,media,0,00:00:00
2017/06/05 15:45:08,,lisakn,sys001,0:0:0:0:0:0:0:1,0,,,scrn0004,media,0,00:00:00
2017/06/05 15:45:28,,lisakn,sys001,0:0:0:0:0:0:0:1,0,,,scrn0004,media,0,00:00:00
2017/06/05 15:45:33,,lisakn,sys001,0:0:0:0:0:0:0:1,0,,,scrn0004,media,0,00:00:00
2017/06/05 16:14:39,,lisakn,sys001,0:0:0:0:0:0:0:1,0,,,scrn0004,common,0,00:00:00
2017/06/05 16:14:41,,lisakn,sys001,0:0:0:0:0:0:0:1,0,,,scrn0004,menu,0,00:00:00
2017/06/05 16:14:45,,lisakn,sys001,0:0:0:0:0:0:0:1,0,,,scrn0004,media,0,00:00:02
2017/06/05 16:15:04,,lisakn,sys001,0:0:0:0:0:0:0:1,0,,,scrn0004,media,0,00:00:03
2017/06/05 16:15:24,,lisakn,sys001,0:0:0:0:0:0:0:1,0,,,scrn0004,media,0,00:00:03
2017/06/05 16:45:12,,lisakn,sys001,0:0:0:0:0:0:0:1,0,,,scrn0004,media,0,00:00:02
2017/06/05 17:03:45,,lisakn,sys001,0:0:0:0:0:0:0:1,0,,,scrn0004,media,0,00:00:02
2017/06/05 17:04:03,,lisakn,sys001,0:0:0:0:0:0:0:1,0,,,scrn0004,media,0,00:00:00
2017/06/05 17:04:10,,lisakn,sys001,0:0:0:0:0:0:0:1,0,,,scrn0004,media,0,00:00:00
2017/06/05 17:04:13,,lisakn,sys001,0:0:0:0:0:0:0:1,0,,,scrn0004,media,0,00:00:00
2017/06/07 16:17:54,,lis0w9,sys001,0:0:0:0:0:0:0:1,0,,,scrn0004,common,0,00:00:02
2017/06/07 16:17:59,,lis0w9,sys001,0:0:0:0:0:0:0:1,0,,,scrn0004,menu,0,00:00:00
2017/06/07 16:18:10,,lis0w9,sys001,0:0:0:0:0:0:0:1,0,,,scrn0004,media,0,00:00:04
2017/06/07 16:18:20,,lis0w9,sys001,0:0:0:0:0:0:0:1,0,,,scrn0004,media,0,00:00:00
2017/06/07 16:18:21,,lis0w9,sys001,0:0:0:0:0:0:0:1,0,,,scrn0004,media,0,00:00:00
2017/06/07 16:18:24,,lis0w9,sys001,0:0:0:0:0:0:0:1,0,,,scrn0004,common,0,00:00:00
2017/06/07 16:18:24,,lis0w9,sys001,0:0:0:0:0:0:0:1,0,,,scrn0004,menu,0,00:00:00
2017/06/07 16:35:37,,lis0w9,sys001,0:0:0:0:0:0:0:1,0,,,scrn0004,common,0,00:00:00
2017/06/07 16:35:40,,lis0w9,sys001,0:0:0:0:0:0:0:1,0,,,scrn0004,menu,0,00:00:00
2017/06/07 16:45:27,,lis0w9,sys001,0:0:0:0:0:0:0:1,0,,,scrn0004,common,0,00:00:00
2017/06/07 16:45:29,,lis0w9,sys001,0:0:0:0:0:0:0:1,0,,,scrn0004,menu,0,00:00:00
2017/06/09 15:17:31,,lis0w9,sys001,0:0:0:0:0:0:0:1,0,,,scrn0004,common,0,00:00:01
2017/06/09 15:17:35,,lis0w9,sys001,0:0:0:0:0:0:0:1,0,,,scrn0004,menu,0,00:00:01
2017/06/09 15:17:46,,lis0w9,sys001,0:0:0:0:0:0:0:1,0,,,scrn0004,media,0,00:00:05
2017/06/09 15:18:04,,lis0w9,sys001,0:0:0:0:0:0:0:1,0,,,scrn0004,media,0,00:00:02
2017/06/09 15:18:13,,lis0w9,sys001,0:0:0:0:0:0:0:1,0,,,scrn0004,media,0,00:00:02
2017/06/09 15:18:33,,lis0w9,sys001,0:0:0:0:0:0:0:1,0,,,scrn0004,media,0,00:00:00
