[SQL_LOG] 2017-06-09 15:17:32,115 
------------------------------------------------------------------------------
ClassName:jp.co.isid.ham.common.model.Mbj02UserDAO
ExecTime:109 ms
 SELECT  MBJ02_HAMID  ,MBJ02_USERNAME1  ,MBJ02_USERNAME2  ,MBJ02_USERTYPE  ,MBJ02_UPDDATE  ,MBJ02_UPDNM  ,MBJ02_UPDAPL  ,MBJ02_UPDID  FROM  MBJ02USER  WHERE MBJ02_HAMID = 'lis0w9' ORDER BY  MBJ02_HAMID 

[SQL_LOG] 2017-06-09 15:17:32,271 
------------------------------------------------------------------------------
ClassName:jp.co.isid.ham.common.model.Mbj12CodeDAO
ExecTime:0 ms
SELECT MBJ12_CODETYPE,MBJ12_KEYCODE,MBJ12_CODENAME,MBJ12_YOBI1,MBJ12_YOBI2,MBJ12_YOBI3,MBJ12_UPDDATE,MBJ12_UPDNM,MBJ12_UPDAPL,MBJ12_UPDID FROM  MBJ12CODE WHERE  MBJ12_CODETYPE = '17' 

[SQL_LOG] 2017-06-09 15:17:32,287 
------------------------------------------------------------------------------
ClassName:jp.co.isid.ham.common.model.Mbj12CodeDAO
ExecTime:0 ms
SELECT MBJ12_CODETYPE,MBJ12_KEYCODE,MBJ12_CODENAME,MBJ12_YOBI1,MBJ12_YOBI2,MBJ12_YOBI3,MBJ12_UPDDATE,MBJ12_UPDNM,MBJ12_UPDAPL,MBJ12_UPDID FROM  MBJ12CODE WHERE  MBJ12_CODETYPE = '19' 

[SQL_LOG] 2017-06-09 15:17:32,334 
------------------------------------------------------------------------------
ClassName:jp.co.isid.ham.common.model.Tbj29LoginUserDAO
ExecTime:16 ms
SELECT TBJ29_HAMID, TBJ29_AFFILIATION, TBJ29_CRTDATE, TBJ29_CRTNM, TBJ29_CRTAPL, TBJ29_CRTID, TBJ29_UPDDATE, TBJ29_UPDNM, TBJ29_UPDAPL, TBJ29_UPDID FROM TBJ29LOGINUSER WHERE TBJ29_HAMID = 'lis0w9'

[SQL_LOG] 2017-06-09 15:17:32,349 
------------------------------------------------------------------------------
ClassName:jp.co.isid.ham.common.model.Tbj29LoginUserDAO
ExecTime:15 ms
DELETE FROM TBJ29LOGINUSER  WHERE TBJ29_HAMID='lis0w9'

[SQL_LOG] 2017-06-09 15:17:32,365 
------------------------------------------------------------------------------
ClassName:jp.co.isid.ham.common.model.Tbj29LoginUserDAO
ExecTime:16 ms
INSERT INTO TBJ29LOGINUSER (TBJ29_HAMID,TBJ29_AFFILIATION,TBJ29_CRTDATE,TBJ29_CRTNM,TBJ29_CRTAPL,TBJ29_CRTID,TBJ29_UPDDATE,TBJ29_UPDNM,TBJ29_UPDAPL,TBJ29_UPDID) VALUES ('lis0w9','情報システム局 ',SYSDATE,'HAM管理USER1','Main','lis0w9',SYSDATE,'HAM管理USER1','Main','lis0w9')

[SQL_LOG] 2017-06-09 15:17:32,396 
------------------------------------------------------------------------------
ClassName:jp.co.isid.ham.common.model.Mbj01SysStsDAO
ExecTime:16 ms
 SELECT  MBJ01_LOCKTYPE  ,MBJ01_LOCKDATESTS  ,MBJ01_LOCKDATE  ,MBJ01_UPDDATE  ,MBJ01_UPDNM  ,MBJ01_UPDAPL  ,MBJ01_UPDID  FROM  MBJ01SYSSTS 

[SQL_LOG] 2017-06-09 15:17:32,536 
------------------------------------------------------------------------------
ClassName:jp.co.isid.ham.common.model.Vbj01AccUserDAO
ExecTime:93 ms
SELECT BJ01_ESQID, BJ01_POSTSTATE, BJ01_CN, BJ01_SIKOGNZUNTCD, BJ01_MAIL, BJ01_HBSIKOGNZUNTCD, BJ01_HBOU, BJ01_KKSIKOGNZUNTCD, BJ01_KKOU, BJ01_HTSIKOGNZUNTCD, BJ01_HTOU, BJ01_BUSIKOGNZUNTCD, BJ01_BUOU, BJ01_KASIKOGNZUNTCD, BJ01_KAOU FROM VBJ01_ACCUSER WHERE BJ01_ESQID = 'lis0w9' AND BJ01_SIKOGNZUNTCD = '0000529'

[SQL_LOG] 2017-06-09 15:17:32,584 
------------------------------------------------------------------------------
ClassName:jp.co.isid.ham.common.model.Tbj35KnrDAO
ExecTime:15 ms
 SELECT  TBJ35_SYSTEMNO  ,TBJ35_SYSTEMNAME  ,TBJ35_KANRIFLG  ,TBJ35_RSTAYOKBN  ,TBJ35_RENDYOKBN  ,TBJ35_DAYCHGKBN  ,TBJ35_RSTARTTIME  ,TBJ35_RENDTIME  ,TBJ35_EIGYOBI  ,TBJ35_MSG01  ,TBJ35_MSG02  ,TBJ35_MSG03  ,TBJ35_MSG04  ,TBJ35_MSG05  ,TBJ35_BIKOU  ,TBJ35_HYOUJIKBN  ,TBJ35_BATCHFLG  ,TBJ35_UPDDATE  ,TBJ35_UPDNM  ,TBJ35_UPDAPL  ,TBJ35_UPDID  FROM  TBJ35KNR  ORDER BY  TBJ35_SYSTEMNO 

[SQL_LOG] 2017-06-09 15:17:32,647 
------------------------------------------------------------------------------
ClassName:jp.co.isid.ham.common.model.RepaVbjaMeu07SikKrSprdDAO
ExecTime:16 ms
SELECT VEU_BJ_MEU07_SIKCD, VEU_BJ_MEU07_ENDYMD, VEU_BJ_MEU07_STARTYMD, VEU_BJ_MEU07_KRIKAISOCD, VEU_BJ_MEU07_KRIJSIKCD, VEU_BJ_MEU07_CKATUKBN, VEU_BJ_MEU07_JYTRKKBN, VEU_BJ_MEU07_ODRTRKKBN, VEU_BJ_MEU07_KNRIBMON, VEU_BJ_MEU07_KSHATHSCD, VEU_BJ_MEU07_KSHATHSSEQNO, VEU_BJ_MEU07_KYUTRCD, VEU_BJ_MEU07_BCKKBN, VEU_BJ_MEU07_EGSYOCD, VEU_BJ_MEU07_SHOWNO, VEU_BJ_MEU07_JSIKHYOJIJUN, VEU_BJ_MEU07_HYOJIKN, VEU_BJ_MEU07_HYOJIKJ, VEU_BJ_MEU07_HYOJIRYAKU, VEU_BJ_MEU07_HYOJIEN, VEU_BJ_MEU07_KSHASKBTUCD, VEU_BJ_MEU07_IOCD, VEU_BJ_MEU07_SPUSECD, VEU_BJ_MEU07_SIKCDHONB, VEU_BJ_MEU07_HONBHYOJIKN, VEU_BJ_MEU07_HONBHYOJIKJ, VEU_BJ_MEU07_HONBHYOJIRYAKU, VEU_BJ_MEU07_HONBHYOJIEN, VEU_BJ_MEU07_SIKCDKYK, VEU_BJ_MEU07_KYKHYOJIKN, VEU_BJ_MEU07_KYKHYOJIKJ, VEU_BJ_MEU07_KYKHYOJIRYAKU, VEU_BJ_MEU07_KYKHYOJIEN, VEU_BJ_MEU07_SIKCDSITU, VEU_BJ_MEU07_SITUHYOJIKN, VEU_BJ_MEU07_SITUHYOJIKJ, VEU_BJ_MEU07_SITUHYOJIRYAKU, VEU_BJ_MEU07_SITUHYOJIEN, VEU_BJ_MEU07_SIKCDBU, VEU_BJ_MEU07_BUHYOJIKN, VEU_BJ_MEU07_BUHYOJIKJ, VEU_BJ_MEU07_BUHYOJIRYAKU, VEU_BJ_MEU07_BUHYOJIEN, VEU_BJ_MEU07_SIKCDKA, VEU_BJ_MEU07_KAHYOJIKN, VEU_BJ_MEU07_KAHYOJIKJ, VEU_BJ_MEU07_KAHYOJIRYAKU, VEU_BJ_MEU07_KAHYOJIEN FROM REP_VBJ_MEU07SIKKRSPRD WHERE VEU_BJ_MEU07_SIKCD = '0000529' AND VEU_BJ_MEU07_ENDYMD >= '20140111' AND VEU_BJ_MEU07_STARTYMD <= '20140111'

[SQL_LOG] 2017-06-09 15:17:35,081 
------------------------------------------------------------------------------
ClassName:jp.co.isid.ham.common.model.Tbj28WorkLogDAO
ExecTime:62 ms
INSERT INTO TBJ28WORKLOG (TBJ28_CRTDATE,TBJ28_HAMID,TBJ28_HAMNM,TBJ28_SIKCDHONB,TBJ28_SIKNMHONB,TBJ28_SIKCDKYK,TBJ28_SIKNMKYK,TBJ28_SIKCDSITU,TBJ28_SIKNMSITU,TBJ28_SIKCDBU,TBJ28_SIKNMBU,TBJ28_SIKCDKA,TBJ28_SIKNMKA,TBJ28_FORMID,TBJ28_FORMNM,TBJ28_KNOID,TBJ28_KNONM,TBJ28_DSMID,TBJ28_DSMNM) VALUES (SYSDATE,'lis0w9','HAM管理USER1','0000321','（コーポレート部門）','0000529','情報システム局',null,null,null,null,null,null,'S1010010','メインメニュー','SA000010','メインメニュー画面表示','00001','起動')

[SQL_LOG] 2017-06-09 15:17:35,846 
------------------------------------------------------------------------------
ClassName:jp.co.isid.ham.common.model.Mbj34FunctionControlItemDAO
ExecTime:16 ms
 SELECT  MBJ34_FUNCCD  ,MBJ34_FUNCTYPE  ,MBJ34_FUNCNM  ,MBJ34_ITEMTYPE  ,MBJ34_DEFAULTCONTROL  ,MBJ34_FORMID  ,MBJ34_OBJNAME  ,MBJ34_SORTNO  ,MBJ34_UPDDATE  ,MBJ34_UPDNM  ,MBJ34_UPDAPL  ,MBJ34_UPDID  FROM  MBJ34FUNCTIONCONTROLITEM  WHERE MBJ34_FUNCTYPE = '0' AND MBJ34_FORMID = 'S1010010' ORDER BY  MBJ34_FUNCCD 

[SQL_LOG] 2017-06-09 15:17:36,002 
------------------------------------------------------------------------------
ClassName:jp.co.isid.ham.common.model.Mbj33FunctionControlDAO
ExecTime:125 ms
 SELECT  MBJ33_HAMID  ,MBJ33_FUNCCD  ,MBJ33_FUNCTYPE  ,MBJ33_CONTROL  ,MBJ33_UPDDATE  ,MBJ33_UPDNM  ,MBJ33_UPDAPL  ,MBJ33_UPDID  FROM  MBJ33FUNCTIONCONTROL  WHERE MBJ33_HAMID = 'lis0w9' ORDER BY  MBJ33_HAMID,MBJ33_FUNCCD 

[SQL_LOG] 2017-06-09 15:17:36,049 
------------------------------------------------------------------------------
ClassName:jp.co.isid.ham.common.model.Mbj39FunctionControlBaseDAO
ExecTime:46 ms
 SELECT  MBJ39_KKSIKOGNZUNTCD  ,MBJ39_USERTYPE  ,MBJ39_FUNCCD  ,MBJ39_FUNCTYPE  ,MBJ39_CONTROL  ,MBJ39_UPDDATE  ,MBJ39_UPDNM  ,MBJ39_UPDAPL  ,MBJ39_UPDID  FROM  MBJ39FUNCTIONCONTROLBASE  WHERE MBJ39_KKSIKOGNZUNTCD = '0000529' AND MBJ39_USERTYPE = 'A' ORDER BY  MBJ39_KKSIKOGNZUNTCD,MBJ39_USERTYPE,MBJ39_FUNCCD 

[SQL_LOG] 2017-06-09 15:17:36,065 
------------------------------------------------------------------------------
ClassName:jp.co.isid.ham.common.model.Mbj39FunctionControlBaseDAO
ExecTime:16 ms
 SELECT  MBJ39_KKSIKOGNZUNTCD  ,MBJ39_USERTYPE  ,MBJ39_FUNCCD  ,MBJ39_FUNCTYPE  ,MBJ39_CONTROL  ,MBJ39_UPDDATE  ,MBJ39_UPDNM  ,MBJ39_UPDAPL  ,MBJ39_UPDID  FROM  MBJ39FUNCTIONCONTROLBASE  WHERE MBJ39_KKSIKOGNZUNTCD = '*******' AND MBJ39_USERTYPE = 'A' ORDER BY  MBJ39_KKSIKOGNZUNTCD,MBJ39_USERTYPE,MBJ39_FUNCCD 

[SQL_LOG] 2017-06-09 15:17:36,081 
------------------------------------------------------------------------------
ClassName:jp.co.isid.ham.common.model.Mbj37DisplayControlDAO
ExecTime:16 ms
 SELECT  MBJ37_FORMID  ,MBJ37_VIEWID  ,MBJ37_COLCNT  ,MBJ37_COLNM  ,MBJ37_COLWIDTH  ,MBJ37_DISPLAYKBN  ,MBJ37_CONTROLKBN  ,MBJ37_UPDDATE  ,MBJ37_UPDNM  ,MBJ37_UPDAPL  ,MBJ37_UPDID  FROM  MBJ37DISPLAYCONTROL  WHERE  MBJ37_FORMID = 'S1010010'  ORDER BY MBJ37_FORMID, MBJ37_VIEWID, MBJ37_COLCNT

[SQL_LOG] 2017-06-09 15:17:36,112 
------------------------------------------------------------------------------
ClassName:jp.co.isid.ham.common.model.Mbj31InformationDAO
ExecTime:16 ms
SELECT MBJ31_INFONUMBER, MBJ31_MAKEDATE, MBJ31_MESSAGE, MBJ31_MAKEUSER, MBJ31_DISPSTS, MBJ31_SORTNO, MBJ31_UPDDATE, MBJ31_UPDNM, MBJ31_UPDAPL, MBJ31_UPDID FROM MBJ31INFORMATION WHERE MBJ31_DISPSTS = '1' ORDER BY MBJ31_SORTNO , MBJ31_INFONUMBER

[SQL_LOG] 2017-06-09 15:17:36,143 
------------------------------------------------------------------------------
ClassName:jp.co.isid.ham.menu.model.LoginDAO
ExecTime:16 ms
SELECT TBJ29_UPDDATE, TBJ29_AFFILIATION, TBJ29_HAMID, MBJ02_USERNAME1 || MBJ02_USERNAME2 AS FULLNAME FROM TBJ29LOGINUSER, MBJ02USER WHERE TBJ29_HAMID = MBJ02_HAMID(+) ORDER BY TBJ29_UPDDATE

[SQL_LOG] 2017-06-09 15:17:36,517 
------------------------------------------------------------------------------
ClassName:jp.co.isid.ham.menu.model.UserCrCreateDataDAO
ExecTime:296 ms
SELECT TBJ11_DCARCD, TBJ11_PHASE, TBJ11_CRDATE, TBJ11_SEQUENCENO, TBJ11_CLASSDIV, TBJ11_SORTNO, TBJ11_CLASSCD, TBJ11_EXPCD, TBJ11_EXPENSE, TBJ11_DETAIL, TBJ11_KIKANS, TBJ11_KIKANE, TBJ11_CONTRACTDATE, TBJ11_CONTRACTTERM, TBJ11_SEIKYU, TBJ11_TRTHSKGYCD, TBJ11_TRSEQNO, TBJ11_ORDERNO, TBJ11_PAY, TBJ11_HRTHSKGYCD, TBJ11_HRSEQNO, TBJ11_USERNAME, TBJ11_GETMONEY, TBJ11_GETCONF, TBJ11_PAYMONEY, TBJ11_PAYCONF, TBJ11_ESTMONEY, TBJ11_CLMMONEY, TBJ11_DELIVERDAY, TBJ11_SETMONTH, TBJ11_DIVCD, TBJ11_GROUPCD, TBJ11_STKYKNO, TBJ11_STTNTID, TBJ11_STTNTNM, TBJ11_EGTYKFLG, TBJ11_INPUTTNTCD, TBJ11_CPTNTNM, TBJ11_NOTE, TBJ11_TCKEY, TBJ11_TRSUBNO, TBJ11_HRSUBNO, TBJ11_RSTATUS, TBJ11_STPKBN, TBJ11_DCARCDFLG, TBJ11_CLASSCDFLG, TBJ11_EXPCDFLG, TBJ11_EXPENSEFLG, TBJ11_DETAILFLG, TBJ11_KIKANSFLG, TBJ11_KIKANEFLG, TBJ11_CONTRACTDATEFLG, TBJ11_CONTRACTTERMFLG, TBJ11_SEIKYUFLG, TBJ11_ORDERNOFLG, TBJ11_PAYFLG, TBJ11_USERNAMEFLG, TBJ11_GETMONEYFLG, TBJ11_GETCONFIRMFLG, TBJ11_PAYMONEYFLG, TBJ11_PAYCONFIRMFLG, TBJ11_ESTMONEYFLG, TBJ11_CLMMONEYFLG, TBJ11_DELIVERDAYFLG, TBJ11_SETMONTHFLG, TBJ11_DIVISIONFLG, TBJ11_GROUPCDFLG, TBJ11_STKYKNOFLG, TBJ11_STTNTNMFLG, TBJ11_EGTYKFLGFLG, TBJ11_INPUTTNTCDFLG, TBJ11_CPTNTNMFLG, TBJ11_NOTEFLG, TBJ11_DCARCDCONFFLG, TBJ11_DCARCDCONFSIKCD, TBJ11_DCARCDCONFHAMID, TBJ11_CLASSCDCONFFLG, TBJ11_CLASSCDCONFSIKCD, TBJ11_CLASSCDCONFHAMID, TBJ11_EXPCDCONFFLG, TBJ11_EXPCDCONFSIKCD, TBJ11_EXPCDCONFHAMID, TBJ11_EXPENSECONFFLG, TBJ11_EXPENSECONFSIKCD, TBJ11_EXPENSECONFHAMID, TBJ11_DETAILCONFFLG, TBJ11_DETAILCONFSIKCD, TBJ11_DETAILCONFHAMID, TBJ11_KIKANSCONFFLG, TBJ11_KIKANSCONFSIKCD, TBJ11_KIKANSCONFHAMID, TBJ11_KIKANECONFFLG, TBJ11_KIKANECONFSIKCD, TBJ11_KIKANECONFHAMID, TBJ11_CONTRACTDATECONFFLG, TBJ11_CONTRACTDATECONFSIKCD, TBJ11_CONTRACTDATECONFHAMID, TBJ11_CONTRACTTERMCONFFLG, TBJ11_CONTRACTTERMCONFSIKCD, TBJ11_CONTRACTTERMCONFHAMID, TBJ11_SEIKYUCONFFLG, TBJ11_SEIKYUCONFSIKCD, TBJ11_SEIKYUCONFHAMID, TBJ11_ORDERNOCONFFLG, TBJ11_ORDERNOCONFSIKCD, TBJ11_ORDERNOCONFHAMID, TBJ11_PAYCONFFLG, TBJ11_PAYCONFSIKCD, TBJ11_PAYCONFHAMID, TBJ11_USERNAMECONFFLG, TBJ11_USERNAMECONFSIKCD, TBJ11_USERNAMECONFHAMID, TBJ11_GETMONEYCONFFLG, TBJ11_GETMONEYCONFSIKCD, TBJ11_GETMONEYCONFHAMID, TBJ11_GETCONFCONFFLG, TBJ11_GETCONFCONFSIKCD, TBJ11_GETCONFCONFHAMID, TBJ11_PAYMONEYCONFFLG, TBJ11_PAYMONEYCONFSIKCD, TBJ11_PAYMONEYCONFHAMID, TBJ11_PAYCONFCONFFLG, TBJ11_PAYCONFCONFSIKCD, TBJ11_PAYCONFCONFHAMID, TBJ11_ESTMONEYCONFFLG, TBJ11_ESTMONEYCONFSIKCD, TBJ11_ESTMONEYCONFHAMID, TBJ11_CLMMONEYCONFFLG, TBJ11_CLMMONEYCONFSIKCD, TBJ11_CLMMONEYCONFHAMID, TBJ11_DELIVERDAYCONFFLG, TBJ11_DELIVERDAYCONFSIKCD, TBJ11_DELIVERDAYCONFHAMID, TBJ11_SETMONTHCONFFLG, TBJ11_SETMONTHCONFSIKCD, TBJ11_SETMONTHCONFHAMID, TBJ11_DIVISIONCONFFLG, TBJ11_DIVISIONCONFSIKCD, TBJ11_DIVISIONCONFHAMID, TBJ11_GROUPCDCONFFLG, TBJ11_GROUPCDCONFSIKCD, TBJ11_GROUPCDCONFHAMID, TBJ11_STKYKNOCONFFLG, TBJ11_STKYKNOCONFSIKCD, TBJ11_STKYKNOCONFHAMID, TBJ11_STTNTNMCONFFLG, TBJ11_STTNTNMCONFSIKCD, TBJ11_STTNTNMCONFHAMID, TBJ11_EGTYKCONFFLG, TBJ11_EGTYKCONFSIKCD, TBJ11_EGTYKCONFHAMID, TBJ11_INPUTTNTCDCONFFLG, TBJ11_INPUTTNTCDCONFSIKCD, TBJ11_INPUTTNTCDCONFHAMID, TBJ11_CPTNTNMCONFFLG, TBJ11_CPTNTNMCONFSIKCD, TBJ11_CPTNTNMCONFHAMID, TBJ11_NOTECONFFLG, TBJ11_NOTECONFSIKCD, TBJ11_NOTECONFHAMID, TBJ11_CRTDATE, TBJ11_CRTNM, TBJ11_CRTAPL, TBJ11_CRTID, TBJ11_UPDDATE, TBJ11_UPDNM, TBJ11_UPDAPL, TBJ11_UPDID, MBJ30_INPUTTNT FROM TBJ11CRCREATEDATA, MBJ30INPUTTNT, MBJ05CAR, MBJ11CARSEC WHERE MBJ30_PHASE = TBJ11_PHASE AND MBJ30_CLASSDIV = TBJ11_CLASSDIV AND MBJ30_SEQNO = TBJ11_INPUTTNTCD AND MBJ30_INPUTTNT = 'HAM管理USER1' AND TBJ11_PHASE = 94 AND TBJ11_CRDATE = TRUNC(SYSDATE, 'MM') AND TBJ11_ORDERNO IS NULL AND TBJ11_STPKBN = '0' AND TBJ11_DCARCD = MBJ05_DCARCD AND MBJ05_DISPSTS = '1' AND MBJ05_DCARCD = MBJ11_DCARCD AND MBJ11_SECTYPE = '1' AND MBJ11_HAMID = 'lis0w9' AND MBJ11_AUTHORITY <> '0'

[SQL_LOG] 2017-06-09 15:17:36,533 
------------------------------------------------------------------------------
ClassName:jp.co.isid.ham.common.model.Mbj12CodeDAO
ExecTime:16 ms
SELECT MBJ12_CODETYPE,MBJ12_KEYCODE,MBJ12_CODENAME,MBJ12_YOBI1,MBJ12_YOBI2,MBJ12_YOBI3,MBJ12_UPDDATE,MBJ12_UPDNM,MBJ12_UPDAPL,MBJ12_UPDID FROM  MBJ12CODE WHERE  MBJ12_CODETYPE = '25' 

[SQL_LOG] 2017-06-09 15:17:36,580 
------------------------------------------------------------------------------
ClassName:jp.co.isid.ham.common.model.Mbj43SecurityItemDAO
ExecTime:16 ms
 SELECT  MBJ43_SECURITYCD  ,MBJ43_SECURITYTYPE  ,MBJ43_SECURITYNM  ,MBJ43_ITEMTYPE  ,MBJ43_SORTNO  ,MBJ43_UPDDATE  ,MBJ43_UPDNM  ,MBJ43_UPDAPL  ,MBJ43_UPDID  FROM  MBJ43SECURITYITEM  WHERE MBJ43_SECURITYCD = 'S000000104' ORDER BY  MBJ43_SORTNO,MBJ43_SECURITYCD 

[SQL_LOG] 2017-06-09 15:17:36,642 
------------------------------------------------------------------------------
ClassName:jp.co.isid.ham.common.model.Mbj42SecurityDAO
ExecTime:31 ms
 SELECT  MBJ42_HAMID  ,MBJ42_SECURITYCD  ,MBJ42_SECURITYTYPE  ,MBJ42_UPDATE  ,MBJ42_CHECK  ,MBJ42_REFERENCE  ,MBJ42_UPDDATE  ,MBJ42_UPDNM  ,MBJ42_UPDAPL  ,MBJ42_UPDID  FROM  MBJ42SECURITY  WHERE MBJ42_HAMID = 'lis0w9' AND MBJ42_SECURITYCD = 'S000000104' ORDER BY  MBJ42_HAMID,MBJ42_SECURITYCD 

[SQL_LOG] 2017-06-09 15:17:36,642 
------------------------------------------------------------------------------
ClassName:jp.co.isid.ham.common.model.Mbj12CodeDAO
ExecTime:0 ms
SELECT MBJ12_CODETYPE,MBJ12_KEYCODE,MBJ12_CODENAME,MBJ12_YOBI1,MBJ12_YOBI2,MBJ12_YOBI3,MBJ12_UPDDATE,MBJ12_UPDNM,MBJ12_UPDAPL,MBJ12_UPDID FROM  MBJ12CODE WHERE  MBJ12_CODETYPE = '24' 

[SQL_LOG] 2017-06-09 15:17:36,705 
------------------------------------------------------------------------------
ClassName:jp.co.isid.ham.menu.model.UserCrCreateDataDAO
ExecTime:63 ms
SELECT TBJ11_DCARCD, TBJ11_PHASE, TBJ11_CRDATE, COUNT(*) CNT, MIN(MBJ05_CARNM) MBJ05_CARNM FROM TBJ11CRCREATEDATA, MBJ05CAR, MBJ11CARSEC WHERE TBJ11_STPKBN = '0' AND TBJ11_PHASE = 94 AND TBJ11_CRDATE = TRUNC(SYSDATE, 'MM') AND TBJ11_DCARCD = MBJ05_DCARCD AND MBJ05_DISPSTS = '1' AND MBJ05_DCARCD = MBJ11_DCARCD AND MBJ11_SECTYPE = '1' AND MBJ11_HAMID = 'lis0w9' AND MBJ11_AUTHORITY <> '0' AND EXISTS( SELECT * FROM MBJ41ALERTDISPCONTROL WHERE MBJ41_DISPTYPE = '01' AND MBJ41_SIKOGNZUNTCD = '0000529' AND ((MBJ41_HAMID = TBJ11_EXPCDCONFHAMID AND TBJ11_EXPCDCONFFLG IN ('0', '2') ) OR (MBJ41_HAMID = TBJ11_EXPENSECONFHAMID AND TBJ11_EXPENSECONFFLG IN ('0', '2') ) OR (MBJ41_HAMID = TBJ11_PAYCONFHAMID AND TBJ11_PAYCONFFLG IN ('0', '2') ) OR (MBJ41_HAMID = TBJ11_GETMONEYCONFHAMID AND TBJ11_GETMONEYCONFFLG IN ('0', '2') ) OR (MBJ41_HAMID = TBJ11_CLMMONEYCONFHAMID AND TBJ11_CLMMONEYCONFFLG IN ('0', '2') ) OR (MBJ41_HAMID = TBJ11_DELIVERDAYCONFHAMID AND TBJ11_DELIVERDAYCONFFLG IN ('0', '2') ) )  AND (MBJ41_DCARCD = '**********' OR TBJ11_DCARCD = MBJ41_DCARCD)) GROUP BY TBJ11_DCARCD, TBJ11_PHASE, TBJ11_CRDATE ORDER BY MIN(MBJ05_SORTNO), TBJ11_DCARCD

[SQL_LOG] 2017-06-09 15:17:45,972 
------------------------------------------------------------------------------
ClassName:jp.co.isid.ham.common.model.Tbj28WorkLogDAO
ExecTime:0 ms
INSERT INTO TBJ28WORKLOG (TBJ28_CRTDATE,TBJ28_HAMID,TBJ28_HAMNM,TBJ28_SIKCDHONB,TBJ28_SIKNMHONB,TBJ28_SIKCDKYK,TBJ28_SIKNMKYK,TBJ28_SIKCDSITU,TBJ28_SIKNMSITU,TBJ28_SIKCDBU,TBJ28_SIKNMBU,TBJ28_SIKCDKA,TBJ28_SIKNMKA,TBJ28_FORMID,TBJ28_FORMNM,TBJ28_KNOID,TBJ28_KNONM,TBJ28_DSMID,TBJ28_DSMNM) VALUES (SYSDATE,'lis0w9','HAM管理USER1','0000321','（コーポレート部門）','0000529','情報システム局',null,null,null,null,null,null,'S2030010','営業作業台帳','SA000590','営業作業台帳画面表示','00001','起動')

[SQL_LOG] 2017-06-09 15:17:48,749 
--- Warning!!! This SQL exceeded warning time (1000 ms) -------------
ClassName:jp.co.isid.ham.media.model.FindAuthorityAccountBookDAO
ExecTime:1763 ms
 SELECT ROW_NUMBER() OVER (ORDER BY TBJ02_SORTNO,TBJ02_DAICHONO) AS ROWNO , TBJ12_CAMPCD || '：' || TBJ12_CAMPNM AS DISPCAMPCD,  TBJ01_MEDIAPLANNO || '：' || TBJ01_KENMEI AS DISPMEDIAPLANNO,   TBJ12_CAMPCD  ,TBJ01_MEDIAPLANNO  ,TBJ02_DAICHONO  ,TBJ02_IMPKEY  ,TBJ02_SEIKYUYM  ,TBJ02_MEDIACD  ,TBJ02_MEDIASCD  ,TBJ02_MEDIASNM  ,TBJ02_KEIRETSUCD  ,TBJ02_DCARCD  ,TBJ02_HIYOUNO  ,TBJ02_KIKAKUNO  ,TBJ02_CAMPAIGN  ,TBJ02_NAIYOHIMOKU  ,TBJ02_SPACE  ,TBJ02_NPDIVISION  ,TBJ02_PUBLISHVER  ,TBJ02_SYMBOLDIVISION  ,TBJ02_POSTEDSURFACE  ,TBJ02_UNIT  ,TBJ02_CONTRACTDIVISION  ,TBJ02_KIKANFROM  ,TBJ02_KIKANTO  ,TBJ02_GENKAFLG  ,TBJ02_GROSS  ,TBJ02_DNEBIKIRITSU  ,TBJ02_DNEBIKIGAKU  ,TBJ02_HMCOST  ,TBJ02_APLRIEKIRITSU  ,TBJ02_APLRIEKIGAKU  ,TBJ02_MEDIAHARAI  ,TBJ02_MEDIAMARGINRITSU  ,TBJ02_MEDIAMARGINGAKU  ,TBJ02_MEDIAGENKA  ,TBJ02_TORIRIEKI  ,TBJ02_RIEKIHAIBUN  ,TBJ02_NAIKINRIEKI  ,TBJ02_FURIKAERIEKI  ,TBJ02_EIGYOYOIN  ,TBJ02_FURIKAERIEKI2  ,TBJ02_TVTMEDIATANKA  ,TBJ02_TVTHMTANKA  ,TBJ02_COLORFEE  ,TBJ02_DESIGNATIONFEE  ,TBJ02_DOUBLEFEE  ,TBJ02_RECLASSIFICATIONFEE  ,TBJ02_SPACEFEE  ,TBJ02_SPLITRUNFEE  ,TBJ02_REQUESTDESTINATION  ,TBJ02_BRDDATE  ,TBJ02_BIKO  ,TBJ02_SEIKYUFLG  ,TBJ02_CPDATE  ,TBJ02_BRDSEC  ,TBJ02_FILEOUTFLG  ,TBJ02_APPEARANCEDATE  ,TBJ02_SORTNO  ,TBJ02_CRTDATE  ,TBJ02_CRTNM  ,TBJ02_CRTAPL  ,TBJ02_CRTID  ,TBJ02_UPDDATE  ,TBJ02_UPDNM  ,TBJ02_UPDAPL  ,TBJ02_UPDID  ,MBJ05_CARNM  ,MBJ03_MEDIANM  ,MBJ10_AUTHORITY  ,MBJ11_AUTHORITY  , 0 AS UPDFLG  FROM  TBJ02EIGYODAICHO,  Tbj01MediaPlan,  Tbj12Campaign,  Mbj03Media,  Mbj05Car,  Mbj10MediaSec,  Mbj11CarSec  WHERE  TBJ02_MEDIAPLANNO = TBJ01_MEDIAPLANNO(+)  AND  TBJ02_MEDIACD = MBJ03_MEDIACD(+)  AND  TBJ02_DCARCD = MBJ05_DCARCD(+)  AND  TBJ01_CAMPCD = TBJ12_CAMPCD(+)  AND  MBJ03_MEDIACD = MBJ10_MEDIACD(+)  AND  MBJ05_DCARCD = MBJ11_DCARCD(+)  AND  MBJ10_HAMID = 'lis0w9'  AND  MBJ11_HAMID = 'lis0w9'  AND  MBJ11_SECTYPE = 0  AND  MBJ10_AUTHORITY > 0  AND  MBJ11_AUTHORITY > 0  AND  TBJ02_KIKANFROM >= '2017/06/01'  AND  TBJ02_KIKANTO <= '2017/06/30'  ORDER BY  TBJ02_SORTNO,  TBJ02_DAICHONO 

[SQL_LOG] 2017-06-09 15:17:49,249 
------------------------------------------------------------------------------
ClassName:jp.co.isid.ham.common.model.Tbj01MediaPlanDAO
ExecTime:421 ms
 SELECT   TBJ01_CAMPCD  ,TBJ01_MEDIAPLANNO  ,TBJ01_YOTEIYM  ,TBJ01_KEIRESTUCD  ,TBJ01_DCARCD  ,TBJ01_MEDIACD  ,TBJ01_HIYOUNO  ,TBJ01_AGENCY  ,TBJ01_KENMEI  ,TBJ01_MEMO  ,TBJ01_PHASE  ,TBJ01_TERM  ,TBJ01_KIKANFROM  ,TBJ01_KIKANTO  ,TBJ01_HMOK  ,TBJ01_BUYEROK  ,TBJ01_BUDGET  ,TBJ01_BUDGETHM  ,TBJ01_ACTUAL  ,TBJ01_ACTUALHM  ,TBJ01_ADJUSTMENT  ,TBJ01_DIFAMT  ,TBJ01_DIFAMTHM  ,TBJ01_BUDGETUPDFLG  ,TBJ01_CRTDATE  ,TBJ01_CRTNM  ,TBJ01_CRTAPL  ,TBJ01_CRTID  ,TBJ01_UPDDATE  ,TBJ01_UPDNM  ,TBJ01_UPDAPL  ,TBJ01_UPDID  FROM  TBJ01MEDIAPLAN  ORDER BY  TBJ01_MEDIAPLANNO 

[SQL_LOG] 2017-06-09 15:17:49,389 
------------------------------------------------------------------------------
ClassName:jp.co.isid.ham.common.model.Tbj12CampaignDAO
ExecTime:62 ms
 SELECT   TBJ12_CAMPCD  ,TBJ12_DCARCD  ,TBJ12_PHASE  ,TBJ12_KIKANFROM  ,TBJ12_KIKANTO  ,TBJ12_CAMPNM  ,TBJ12_FSTBUDGET  ,TBJ12_BUDGET  ,TBJ12_BUDGETHM  ,TBJ12_ACTUAL  ,TBJ12_ACTUALHM  ,TBJ12_MEMO  ,TBJ12_BAITAIFLG  ,TBJ12_CRTDATE  ,TBJ12_CRTNM  ,TBJ12_CRTAPL  ,TBJ12_CRTID  ,TBJ12_UPDDATE  ,TBJ12_UPDNM  ,TBJ12_UPDAPL  ,TBJ12_UPDID  FROM  TBJ12CAMPAIGN  ORDER BY  TBJ12_CAMPCD ASC 

[SQL_LOG] 2017-06-09 15:17:49,561 
------------------------------------------------------------------------------
ClassName:jp.co.isid.ham.media.model.FindMediaCategoryDAO
ExecTime:140 ms
 SELECT   TBJ02_MEDIACD  ,TBJ02_MEDIASCD  ,TBJ02_MEDIASNM  ,MBJ03_SORTNO  FROM  TBJ02EIGYODAICHO,  MBJ03MEDIA,  MBJ10MEDIASEC,  MBJ05CAR,  MBJ11CARSEC  WHERE  TBJ02_MEDIACD = MBJ03_MEDIACD(+)  AND  TBJ02_DCARCD = MBJ05_DCARCD(+)  AND  MBJ03_MEDIACD = MBJ10_MEDIACD(+)  AND  MBJ05_DCARCD = MBJ11_DCARCD(+)  AND  TBJ02_MEDIASNM IS NOT NULL  AND  MBJ10_HAMID = 'lis0w9'  AND  MBJ11_HAMID = 'lis0w9'  AND  MBJ11_SECTYPE = 0  AND  MBJ10_AUTHORITY > 0  AND  MBJ11_AUTHORITY > 0  GROUP BY   TBJ02_MEDIACD  ,TBJ02_MEDIASCD  ,TBJ02_MEDIASNM  ,MBJ03_SORTNO  ORDER BY  MBJ03_SORTNO ASC 

[SQL_LOG] 2017-06-09 15:17:49,826 
------------------------------------------------------------------------------
ClassName:jp.co.isid.ham.media.model.FindAccountBookCampaignDAO
ExecTime:249 ms
 SELECT   TBJ02_MEDIACD  ,TBJ02_CAMPAIGN  ,MBJ03_SORTNO  FROM  TBJ02EIGYODAICHO,  MBJ03MEDIA,  MBJ10MEDIASEC,  MBJ05CAR,  MBJ11CARSEC  WHERE  TBJ02_MEDIACD = MBJ03_MEDIACD(+)  AND  TBJ02_DCARCD = MBJ05_DCARCD(+)  AND  MBJ03_MEDIACD = MBJ10_MEDIACD(+)  AND  MBJ05_DCARCD = MBJ11_DCARCD(+)  AND  TBJ02_CAMPAIGN IS NOT NULL  AND  MBJ10_HAMID = 'lis0w9'  AND  MBJ11_HAMID = 'lis0w9'  AND  MBJ11_SECTYPE = 0  AND  MBJ10_AUTHORITY > 0  AND  MBJ11_AUTHORITY > 0  GROUP BY   TBJ02_MEDIACD  ,TBJ02_CAMPAIGN  ,MBJ03_SORTNO  ORDER BY  MBJ03_SORTNO ASC 

[SQL_LOG] 2017-06-09 15:17:50,014 
------------------------------------------------------------------------------
ClassName:jp.co.isid.ham.media.model.FindExpenseItemListDAO
ExecTime:156 ms
 SELECT   TBJ02_MEDIACD  ,TBJ02_NAIYOHIMOKU  ,MBJ03_SORTNO  FROM  TBJ02EIGYODAICHO,  MBJ03MEDIA,  MBJ10MEDIASEC,  MBJ05CAR,  MBJ11CARSEC  WHERE  TBJ02_MEDIACD = MBJ03_MEDIACD(+)  AND  TBJ02_DCARCD = MBJ05_DCARCD(+)  AND  MBJ03_MEDIACD = MBJ10_MEDIACD(+)  AND  MBJ05_DCARCD = MBJ11_DCARCD(+)  AND  TBJ02_NAIYOHIMOKU IS NOT NULL  AND  MBJ10_HAMID = 'lis0w9'  AND  MBJ11_HAMID = 'lis0w9'  AND  MBJ11_SECTYPE = 0  AND  MBJ10_AUTHORITY > 0  AND  MBJ11_AUTHORITY > 0  GROUP BY   TBJ02_MEDIACD  ,TBJ02_NAIYOHIMOKU  ,MBJ03_SORTNO  ORDER BY  MBJ03_SORTNO ASC 

[SQL_LOG] 2017-06-09 15:17:50,170 
------------------------------------------------------------------------------
ClassName:jp.co.isid.ham.media.model.FindSpaceDAO
ExecTime:124 ms
 SELECT   TBJ02_SPACE  FROM  TBJ02EIGYODAICHO,  MBJ03MEDIA,  MBJ10MEDIASEC,  MBJ05CAR,  MBJ11CARSEC  WHERE  TBJ02_MEDIACD = MBJ03_MEDIACD(+)  AND  TBJ02_DCARCD = MBJ05_DCARCD(+)  AND  MBJ03_MEDIACD = MBJ10_MEDIACD(+)  AND  MBJ05_DCARCD = MBJ11_DCARCD(+)  AND  TBJ02_MEDIACD = 'M01' AND  TBJ02_SPACE IS NOT NULL  AND  MBJ10_HAMID = 'lis0w9'  AND  MBJ11_HAMID = 'lis0w9'  AND  MBJ11_SECTYPE = 0  AND  MBJ10_AUTHORITY > 0  AND  MBJ11_AUTHORITY > 0  ORDER BY  MBJ03_SORTNO ASC 

[SQL_LOG] 2017-06-09 15:17:50,186 
------------------------------------------------------------------------------
ClassName:jp.co.isid.ham.common.model.Mbj37DisplayControlDAO
ExecTime:16 ms
 SELECT  MBJ37_FORMID  ,MBJ37_VIEWID  ,MBJ37_COLCNT  ,MBJ37_COLNM  ,MBJ37_COLWIDTH  ,MBJ37_DISPLAYKBN  ,MBJ37_CONTROLKBN  ,MBJ37_UPDDATE  ,MBJ37_UPDNM  ,MBJ37_UPDAPL  ,MBJ37_UPDID  FROM  MBJ37DISPLAYCONTROL  WHERE  MBJ37_FORMID = 'S2030010'  ORDER BY MBJ37_FORMID, MBJ37_VIEWID, MBJ37_COLCNT

[SQL_LOG] 2017-06-09 15:17:50,311 
------------------------------------------------------------------------------
ClassName:jp.co.isid.ham.common.model.Tbj30DisplayPatternDAO
ExecTime:94 ms
 SELECT  TBJ30_HAMID  ,TBJ30_FORMID  ,TBJ30_VIEWID  ,TBJ30_VIEWDISPPATTERN  ,TBJ30_CRTDATE  ,TBJ30_CRTNM  ,TBJ30_CRTAPL  ,TBJ30_CRTID  ,TBJ30_UPDDATE  ,TBJ30_UPDNM  ,TBJ30_UPDAPL  ,TBJ30_UPDID  FROM  TBJ30DISPLAYPATTERN  WHERE TBJ30_HAMID = 'lis0w9' AND TBJ30_FORMID = 'S2030010' AND TBJ30_VIEWID = 'Daicho'

[SQL_LOG] 2017-06-09 15:17:50,373 
------------------------------------------------------------------------------
ClassName:jp.co.isid.ham.common.model.CarListDAO
ExecTime:31 ms
 SELECT  MBJ05_DCARCD  ,MBJ05_CARNM  ,MBJ05_KEIRETSUCD  ,MBJ05_SORTNO  ,MBJ11_AUTHORITY  FROM  MBJ05CAR,  MBJ11CARSEC  WHERE  MBJ05_DCARCD = MBJ11_DCARCD  AND  MBJ05_DISPSTS = '1'  AND  NOT MBJ11_AUTHORITY = '0'  AND  MBJ11_SECTYPE = '0'  AND  MBJ11_HAMID = 'lis0w9'  ORDER BY  MBJ05_SORTNO ASC,  MBJ05_DCARCD ASC 

[SQL_LOG] 2017-06-09 15:17:50,420 
------------------------------------------------------------------------------
ClassName:jp.co.isid.ham.common.model.MediaListDAO
ExecTime:0 ms
 SELECT  MBJ03_MEDIACD  ,MBJ03_MEDIANM  ,MBJ03_HCMEDIANM  ,MBJ03_DNEBIKI  ,MBJ03_SORTNO  ,MBJ10_AUTHORITY  FROM MBJ03MEDIA, MBJ10MEDIASEC WHERE MBJ03_MEDIACD = MBJ10_MEDIACD(+) AND NOT MBJ10_AUTHORITY = '0' AND MBJ10_HAMID = 'lis0w9' ORDER BY MBJ03_SORTNO

[SQL_LOG] 2017-06-09 15:17:50,514 
------------------------------------------------------------------------------
ClassName:jp.co.isid.ham.common.model.RepaVbjaMeu29CcDAO
ExecTime:47 ms
 SELECT   VEU_BJ_MEU29_KYCDKND  ,VEU_BJ_MEU29_KYCD  ,VEU_BJ_MEU29_HKYMD  ,VEU_BJ_MEU29_HAISYMD  ,VEU_BJ_MEU29_NAIYKN  ,VEU_BJ_MEU29_NAIYJ  ,VEU_BJ_MEU29_YOBI1  ,VEU_BJ_MEU29_HOSOK  ,VEU_BJ_MEU29_YOBI2  FROM  REP_VBJ_MEU29CC  WHERE  VEU_BJ_MEU29_KYCDKND IN('WB','WC','9V')  AND  VEU_BJ_MEU29_NAIYJ LIKE('%%')  AND  VEU_BJ_MEU29_HAISYMD ='99999999'  ORDER BY  VEU_BJ_MEU29_KYCDKND ASC,  VEU_BJ_MEU29_KYCD ASC 

[SQL_LOG] 2017-06-09 15:17:50,529 
------------------------------------------------------------------------------
ClassName:jp.co.isid.ham.common.model.FindContactRequestDAO
ExecTime:0 ms
 SELECT    DECODE(VEA_BJ_MEA11_JYUCTYPE, '10', VEA_BJ_MEA10_IRSKCD || VEA_BJ_MEA10_IRSKSUBCD, VEA_BJ_MEA10_IRSKCD) AS IRAISAKICODE,   DECODE(VEA_BJ_MEA10_ALASUSEFLG, '1', VEA_BJ_MEA10_IRSKALASHYOJIKJ, VEU_BJ_MEU07_HYOJIKJ) AS IRAISAKINAME,VEA_BJ_MEA11_DSIKKBNCD AS DSIKKBNCD, VEA_BJ_MEA11_IRSKSHOWNO AS IRSKSHOWNO   FROM REP_VBJ_MEA10IRSK, REP_VBJ_MEA11DISPLAYIRSK, REP_VBJ_MEU07SIKKRSPRD, TBJ35KNR WHERE      VEA_BJ_MEA11_ATSEGSYOCD = '10' AND VEA_BJ_MEA11_JYUCTYPE = '10' AND VEA_BJ_MEA11_IRSKCD = VEA_BJ_MEA10_IRSKCD AND VEA_BJ_MEA11_IRSKSUBCD = VEA_BJ_MEA10_IRSKSUBCD AND VEA_BJ_MEA11_IRSKCD = VEU_BJ_MEU07_SIKCD AND VEA_BJ_MEA11_JYUCFLG = '1' AND VEA_BJ_MEA10_HKYMD <= TBJ35_EIGYOBI AND VEA_BJ_MEA10_HAISYMD >= TBJ35_EIGYOBI AND VEA_BJ_MEA11_HKYMD <= TBJ35_EIGYOBI AND VEA_BJ_MEA11_HAISYMD >= TBJ35_EIGYOBI AND VEU_BJ_MEU07_SIKCDKYK <= TBJ35_EIGYOBI AND VEU_BJ_MEU07_ENDYMD >= TBJ35_EIGYOBI AND TBJ35_SYSTEMNO = '02' GROUP BY VEA_BJ_MEA11_JYUCTYPE, VEA_BJ_MEA10_IRSKCD, VEA_BJ_MEA10_IRSKSUBCD, VEA_BJ_MEA10_ALASUSEFLG, VEA_BJ_MEA10_IRSKALASHYOJIKJ, VEU_BJ_MEU07_HYOJIKJ, VEA_BJ_MEA11_DSIKKBNCD, VEA_BJ_MEA11_IRSKSHOWNO ORDER BY  SUBSTR(VEA_BJ_MEA11_DSIKKBNCD, 1, 2), VEA_BJ_MEA11_IRSKSHOWNO, VEA_BJ_MEA10_IRSKCD, VEA_BJ_MEA10_IRSKSUBCD

[SQL_LOG] 2017-06-09 15:17:51,528 
------------------------------------------------------------------------------
ClassName:jp.co.isid.ham.media.model.FindContactRequestNarrowingDAO
ExecTime:952 ms
 SELECT    DECODE(VEA_BJ_MEA11_JYUCTYPE, '10', VEA_BJ_MEA10_IRSKCD || VEA_BJ_MEA10_IRSKSUBCD, VEA_BJ_MEA10_IRSKCD) AS IRAISAKICODE,   DECODE(VEA_BJ_MEA10_ALASUSEFLG, '1', VEA_BJ_MEA10_IRSKALASHYOJIKJ, VEU_BJ_MEU07_HYOJIKJ) AS IRAISAKINAME,VEA_BJ_MEA11_DSIKKBNCD AS DSIKKBNCD,VEA_BJ_MEA11_IRSKSHOWNO AS IRSKSHOWNO,VOP_BJ_BTAICD || VOP_BJ_KBANCD AS MEDIASCD, ROW_NUMBER() OVER ( PARTITION BY VOP_BJ_BTAICD, VOP_BJ_KBANCD ORDER BY VEA_BJ_MEA10_IRSKSUBCD) AS SORTNO FROM REP_VBJ_MEA10IRSK, REP_VBJ_MEA11DISPLAYIRSK, REP_VBJ_MEU07SIKKRSPRD, TBJ35KNR, VBJ_CHARGEGRPMEDIA, REP_VBJ_MEU29CC, MBJ12CODE WHERE      VOP_BJ_EGSYOCD = '10' AND VOP_BJ_TNTGRP = SUBSTR(VEU_BJ_MEU29_KYCD, 1, 2) AND VEU_BJ_MEU29_HKYMD <= TBJ35_EIGYOBI AND VEU_BJ_MEU29_HAISYMD >= TBJ35_EIGYOBI AND MBJ12_CODETYPE = '38' AND MBJ12_KEYCODE = VOP_BJ_EGSYOCD AND VEU_BJ_MEU29_KYCDKND = MBJ12_YOBI1 AND VEU_BJ_MEU29_YOBI1 LIKE '1%' AND VEA_BJ_MEA11_IRSKCD = SUBSTR(VEU_BJ_MEU29_YOBI1, 2) AND VEA_BJ_MEA11_IRSKSUBCD = VOP_BJ_TNTGRP AND VEA_BJ_MEA11_ATSEGSYOCD = '10' AND VEA_BJ_MEA11_JYUCTYPE = '10' AND VEA_BJ_MEA11_IRSKCD = VEA_BJ_MEA10_IRSKCD AND VEA_BJ_MEA11_IRSKSUBCD = VEA_BJ_MEA10_IRSKSUBCD AND VEA_BJ_MEA11_IRSKCD = VEU_BJ_MEU07_SIKCD AND VEA_BJ_MEA11_JYUCFLG = '1' AND VEA_BJ_MEA10_HKYMD <= TBJ35_EIGYOBI AND VEA_BJ_MEA10_HAISYMD >= TBJ35_EIGYOBI AND VEA_BJ_MEA11_HKYMD <= TBJ35_EIGYOBI AND VEA_BJ_MEA11_HAISYMD >= TBJ35_EIGYOBI AND VEU_BJ_MEU07_SIKCDKYK <= TBJ35_EIGYOBI AND VEU_BJ_MEU07_ENDYMD >= TBJ35_EIGYOBI AND TBJ35_SYSTEMNO = '02' GROUP BY VOP_BJ_BTAICD, VOP_BJ_KBANCD, VEA_BJ_MEA11_JYUCTYPE, VEA_BJ_MEA10_IRSKCD, VEA_BJ_MEA10_IRSKSUBCD, VEA_BJ_MEA10_ALASUSEFLG, VEA_BJ_MEA10_IRSKALASHYOJIKJ, VEU_BJ_MEU07_HYOJIKJ, VEA_BJ_MEA11_DSIKKBNCD, VEA_BJ_MEA11_IRSKSHOWNO

[SQL_LOG] 2017-06-09 15:17:51,528 
------------------------------------------------------------------------------
ClassName:jp.co.isid.ham.common.model.Mbj12CodeDAO
ExecTime:0 ms
SELECT MBJ12_CODETYPE,MBJ12_KEYCODE,MBJ12_CODENAME,MBJ12_YOBI1,MBJ12_YOBI2,MBJ12_YOBI3,MBJ12_UPDDATE,MBJ12_UPDNM,MBJ12_UPDAPL,MBJ12_UPDID FROM  MBJ12CODE WHERE  MBJ12_CODETYPE IN('28','29','30','37') 

[SQL_LOG] 2017-06-09 15:17:51,575 
------------------------------------------------------------------------------
ClassName:jp.co.isid.ham.media.model.FindSpaceMasterDAO
ExecTime:15 ms
 SELECT   VEU_BJ_MEU29_KYCDKND  ,VEU_BJ_MEU29_KYCD  ,VEU_BJ_MEU29_HKYMD  ,VEU_BJ_MEU29_HAISYMD  ,VEU_BJ_MEU29_NAIYKN  ,VEU_BJ_MEU29_NAIYJ  ,VEU_BJ_MEU29_YOBI1  ,VEU_BJ_MEU29_HOSOK  ,VEU_BJ_MEU29_YOBI2  FROM REP_VBJ_MEU29CC, TBJ35KNR WHERE TBJ35_SYSTEMNO = '02' AND VEU_BJ_MEU29_HKYMD <= TBJ35_EIGYOBI AND VEU_BJ_MEU29_HAISYMD >= TBJ35_EIGYOBI AND VEU_BJ_MEU29_KYCDKND = 'WE' AND VEU_BJ_MEU29_NAIYKN != '1KEN' ORDER BY VEU_BJ_MEU29_KYCD

[SQL_LOG] 2017-06-09 15:17:51,607 
------------------------------------------------------------------------------
ClassName:jp.co.isid.ham.common.model.Mbj47NewspaperDAO
ExecTime:16 ms
 SELECT  MBJ47_NPCD  ,MBJ47_RNAME  ,MBJ47_AREA  ,MBJ47_IRAISAKICODE  ,MBJ47_UPDDATE  ,MBJ47_UPDNM  ,MBJ47_UPDAPL  ,MBJ47_UPDID  FROM  MBJ47NEWSPAPER  ORDER BY  MBJ47_NPCD 

[SQL_LOG] 2017-06-09 15:17:51,622 
------------------------------------------------------------------------------
ClassName:jp.co.isid.ham.common.model.Mbj34FunctionControlItemDAO
ExecTime:15 ms
 SELECT  MBJ34_FUNCCD  ,MBJ34_FUNCTYPE  ,MBJ34_FUNCNM  ,MBJ34_ITEMTYPE  ,MBJ34_DEFAULTCONTROL  ,MBJ34_FORMID  ,MBJ34_OBJNAME  ,MBJ34_SORTNO  ,MBJ34_UPDDATE  ,MBJ34_UPDNM  ,MBJ34_UPDAPL  ,MBJ34_UPDID  FROM  MBJ34FUNCTIONCONTROLITEM  WHERE MBJ34_FUNCTYPE = '1' AND MBJ34_FORMID = 'S2030010' ORDER BY  MBJ34_FUNCCD 

[SQL_LOG] 2017-06-09 15:17:51,622 
------------------------------------------------------------------------------
ClassName:jp.co.isid.ham.common.model.Mbj33FunctionControlDAO
ExecTime:0 ms
 SELECT  MBJ33_HAMID  ,MBJ33_FUNCCD  ,MBJ33_FUNCTYPE  ,MBJ33_CONTROL  ,MBJ33_UPDDATE  ,MBJ33_UPDNM  ,MBJ33_UPDAPL  ,MBJ33_UPDID  FROM  MBJ33FUNCTIONCONTROL  WHERE MBJ33_HAMID = 'lis0w9' ORDER BY  MBJ33_HAMID,MBJ33_FUNCCD 

[SQL_LOG] 2017-06-09 15:17:51,638 
------------------------------------------------------------------------------
ClassName:jp.co.isid.ham.common.model.Mbj39FunctionControlBaseDAO
ExecTime:0 ms
 SELECT  MBJ39_KKSIKOGNZUNTCD  ,MBJ39_USERTYPE  ,MBJ39_FUNCCD  ,MBJ39_FUNCTYPE  ,MBJ39_CONTROL  ,MBJ39_UPDDATE  ,MBJ39_UPDNM  ,MBJ39_UPDAPL  ,MBJ39_UPDID  FROM  MBJ39FUNCTIONCONTROLBASE  WHERE MBJ39_KKSIKOGNZUNTCD = '0000529' AND MBJ39_USERTYPE = 'A' ORDER BY  MBJ39_KKSIKOGNZUNTCD,MBJ39_USERTYPE,MBJ39_FUNCCD 

[SQL_LOG] 2017-06-09 15:17:51,638 
------------------------------------------------------------------------------
ClassName:jp.co.isid.ham.common.model.Mbj39FunctionControlBaseDAO
ExecTime:0 ms
 SELECT  MBJ39_KKSIKOGNZUNTCD  ,MBJ39_USERTYPE  ,MBJ39_FUNCCD  ,MBJ39_FUNCTYPE  ,MBJ39_CONTROL  ,MBJ39_UPDDATE  ,MBJ39_UPDNM  ,MBJ39_UPDAPL  ,MBJ39_UPDID  FROM  MBJ39FUNCTIONCONTROLBASE  WHERE MBJ39_KKSIKOGNZUNTCD = '*******' AND MBJ39_USERTYPE = 'A' ORDER BY  MBJ39_KKSIKOGNZUNTCD,MBJ39_USERTYPE,MBJ39_FUNCCD 

[SQL_LOG] 2017-06-09 15:17:51,700 
------------------------------------------------------------------------------
ClassName:jp.co.isid.ham.common.model.Mbj43SecurityItemDAO
ExecTime:0 ms
 SELECT  MBJ43_SECURITYCD  ,MBJ43_SECURITYTYPE  ,MBJ43_SECURITYNM  ,MBJ43_ITEMTYPE  ,MBJ43_SORTNO  ,MBJ43_UPDDATE  ,MBJ43_UPDNM  ,MBJ43_UPDAPL  ,MBJ43_UPDID  FROM  MBJ43SECURITYITEM  WHERE MBJ43_SECURITYCD = 'S000000003' ORDER BY  MBJ43_SORTNO,MBJ43_SECURITYCD 

[SQL_LOG] 2017-06-09 15:17:51,700 
------------------------------------------------------------------------------
ClassName:jp.co.isid.ham.common.model.Mbj42SecurityDAO
ExecTime:0 ms
 SELECT  MBJ42_HAMID  ,MBJ42_SECURITYCD  ,MBJ42_SECURITYTYPE  ,MBJ42_UPDATE  ,MBJ42_CHECK  ,MBJ42_REFERENCE  ,MBJ42_UPDDATE  ,MBJ42_UPDNM  ,MBJ42_UPDAPL  ,MBJ42_UPDID  FROM  MBJ42SECURITY  WHERE MBJ42_HAMID = 'lis0w9' AND MBJ42_SECURITYCD = 'S000000003' ORDER BY  MBJ42_HAMID,MBJ42_SECURITYCD 

[SQL_LOG] 2017-06-09 15:18:04,306 
------------------------------------------------------------------------------
ClassName:jp.co.isid.ham.common.model.Tbj28WorkLogDAO
ExecTime:16 ms
INSERT INTO TBJ28WORKLOG (TBJ28_CRTDATE,TBJ28_HAMID,TBJ28_HAMNM,TBJ28_SIKCDHONB,TBJ28_SIKNMHONB,TBJ28_SIKCDKYK,TBJ28_SIKNMKYK,TBJ28_SIKCDSITU,TBJ28_SIKNMSITU,TBJ28_SIKCDBU,TBJ28_SIKNMBU,TBJ28_SIKCDKA,TBJ28_SIKNMKA,TBJ28_FORMID,TBJ28_FORMNM,TBJ28_KNOID,TBJ28_KNONM,TBJ28_DSMID,TBJ28_DSMNM) VALUES (SYSDATE,'lis0w9','HAM管理USER1','0000321','（コーポレート部門）','0000529','情報システム局',null,null,null,null,null,null,'S2030010','営業作業台帳','SA000630','検索','00002','検索')

[SQL_LOG] 2017-06-09 15:18:04,821 
------------------------------------------------------------------------------
ClassName:jp.co.isid.ham.media.model.FindAuthorityAccountBookDAO
ExecTime:187 ms
 SELECT ROW_NUMBER() OVER (ORDER BY TBJ02_SORTNO,TBJ02_DAICHONO) AS ROWNO , TBJ12_CAMPCD || '：' || TBJ12_CAMPNM AS DISPCAMPCD,  TBJ01_MEDIAPLANNO || '：' || TBJ01_KENMEI AS DISPMEDIAPLANNO,   TBJ12_CAMPCD  ,TBJ01_MEDIAPLANNO  ,TBJ02_DAICHONO  ,TBJ02_IMPKEY  ,TBJ02_SEIKYUYM  ,TBJ02_MEDIACD  ,TBJ02_MEDIASCD  ,TBJ02_MEDIASNM  ,TBJ02_KEIRETSUCD  ,TBJ02_DCARCD  ,TBJ02_HIYOUNO  ,TBJ02_KIKAKUNO  ,TBJ02_CAMPAIGN  ,TBJ02_NAIYOHIMOKU  ,TBJ02_SPACE  ,TBJ02_NPDIVISION  ,TBJ02_PUBLISHVER  ,TBJ02_SYMBOLDIVISION  ,TBJ02_POSTEDSURFACE  ,TBJ02_UNIT  ,TBJ02_CONTRACTDIVISION  ,TBJ02_KIKANFROM  ,TBJ02_KIKANTO  ,TBJ02_GENKAFLG  ,TBJ02_GROSS  ,TBJ02_DNEBIKIRITSU  ,TBJ02_DNEBIKIGAKU  ,TBJ02_HMCOST  ,TBJ02_APLRIEKIRITSU  ,TBJ02_APLRIEKIGAKU  ,TBJ02_MEDIAHARAI  ,TBJ02_MEDIAMARGINRITSU  ,TBJ02_MEDIAMARGINGAKU  ,TBJ02_MEDIAGENKA  ,TBJ02_TORIRIEKI  ,TBJ02_RIEKIHAIBUN  ,TBJ02_NAIKINRIEKI  ,TBJ02_FURIKAERIEKI  ,TBJ02_EIGYOYOIN  ,TBJ02_FURIKAERIEKI2  ,TBJ02_TVTMEDIATANKA  ,TBJ02_TVTHMTANKA  ,TBJ02_COLORFEE  ,TBJ02_DESIGNATIONFEE  ,TBJ02_DOUBLEFEE  ,TBJ02_RECLASSIFICATIONFEE  ,TBJ02_SPACEFEE  ,TBJ02_SPLITRUNFEE  ,TBJ02_REQUESTDESTINATION  ,TBJ02_BRDDATE  ,TBJ02_BIKO  ,TBJ02_SEIKYUFLG  ,TBJ02_CPDATE  ,TBJ02_BRDSEC  ,TBJ02_FILEOUTFLG  ,TBJ02_APPEARANCEDATE  ,TBJ02_SORTNO  ,TBJ02_CRTDATE  ,TBJ02_CRTNM  ,TBJ02_CRTAPL  ,TBJ02_CRTID  ,TBJ02_UPDDATE  ,TBJ02_UPDNM  ,TBJ02_UPDAPL  ,TBJ02_UPDID  ,MBJ05_CARNM  ,MBJ03_MEDIANM  ,MBJ10_AUTHORITY  ,MBJ11_AUTHORITY  , 0 AS UPDFLG  FROM  TBJ02EIGYODAICHO,  Tbj01MediaPlan,  Tbj12Campaign,  Mbj03Media,  Mbj05Car,  Mbj10MediaSec,  Mbj11CarSec  WHERE  TBJ02_MEDIAPLANNO = TBJ01_MEDIAPLANNO(+)  AND  TBJ02_MEDIACD = MBJ03_MEDIACD(+)  AND  TBJ02_DCARCD = MBJ05_DCARCD(+)  AND  TBJ01_CAMPCD = TBJ12_CAMPCD(+)  AND  MBJ03_MEDIACD = MBJ10_MEDIACD(+)  AND  MBJ05_DCARCD = MBJ11_DCARCD(+)  AND  MBJ10_HAMID = 'lis0w9'  AND  MBJ11_HAMID = 'lis0w9'  AND  MBJ11_SECTYPE = 0  AND  MBJ10_AUTHORITY > 0  AND  MBJ11_AUTHORITY > 0  AND  TBJ02_KIKANFROM >= '2017/06/01'  AND  TBJ02_KIKANTO <= '2017/06/30'  ORDER BY  TBJ02_SORTNO,  TBJ02_DAICHONO 

[SQL_LOG] 2017-06-09 15:18:05,180 
------------------------------------------------------------------------------
ClassName:jp.co.isid.ham.common.model.Tbj01MediaPlanDAO
ExecTime:359 ms
 SELECT   TBJ01_CAMPCD  ,TBJ01_MEDIAPLANNO  ,TBJ01_YOTEIYM  ,TBJ01_KEIRESTUCD  ,TBJ01_DCARCD  ,TBJ01_MEDIACD  ,TBJ01_HIYOUNO  ,TBJ01_AGENCY  ,TBJ01_KENMEI  ,TBJ01_MEMO  ,TBJ01_PHASE  ,TBJ01_TERM  ,TBJ01_KIKANFROM  ,TBJ01_KIKANTO  ,TBJ01_HMOK  ,TBJ01_BUYEROK  ,TBJ01_BUDGET  ,TBJ01_BUDGETHM  ,TBJ01_ACTUAL  ,TBJ01_ACTUALHM  ,TBJ01_ADJUSTMENT  ,TBJ01_DIFAMT  ,TBJ01_DIFAMTHM  ,TBJ01_BUDGETUPDFLG  ,TBJ01_CRTDATE  ,TBJ01_CRTNM  ,TBJ01_CRTAPL  ,TBJ01_CRTID  ,TBJ01_UPDDATE  ,TBJ01_UPDNM  ,TBJ01_UPDAPL  ,TBJ01_UPDID  FROM  TBJ01MEDIAPLAN  ORDER BY  TBJ01_MEDIAPLANNO 

[SQL_LOG] 2017-06-09 15:18:05,227 
------------------------------------------------------------------------------
ClassName:jp.co.isid.ham.common.model.Tbj12CampaignDAO
ExecTime:32 ms
 SELECT   TBJ12_CAMPCD  ,TBJ12_DCARCD  ,TBJ12_PHASE  ,TBJ12_KIKANFROM  ,TBJ12_KIKANTO  ,TBJ12_CAMPNM  ,TBJ12_FSTBUDGET  ,TBJ12_BUDGET  ,TBJ12_BUDGETHM  ,TBJ12_ACTUAL  ,TBJ12_ACTUALHM  ,TBJ12_MEMO  ,TBJ12_BAITAIFLG  ,TBJ12_CRTDATE  ,TBJ12_CRTNM  ,TBJ12_CRTAPL  ,TBJ12_CRTID  ,TBJ12_UPDDATE  ,TBJ12_UPDNM  ,TBJ12_UPDAPL  ,TBJ12_UPDID  FROM  TBJ12CAMPAIGN  ORDER BY  TBJ12_CAMPCD ASC 

[SQL_LOG] 2017-06-09 15:18:05,399 
------------------------------------------------------------------------------
ClassName:jp.co.isid.ham.media.model.FindMediaCategoryDAO
ExecTime:172 ms
 SELECT   TBJ02_MEDIACD  ,TBJ02_MEDIASCD  ,TBJ02_MEDIASNM  ,MBJ03_SORTNO  FROM  TBJ02EIGYODAICHO,  MBJ03MEDIA,  MBJ10MEDIASEC,  MBJ05CAR,  MBJ11CARSEC  WHERE  TBJ02_MEDIACD = MBJ03_MEDIACD(+)  AND  TBJ02_DCARCD = MBJ05_DCARCD(+)  AND  MBJ03_MEDIACD = MBJ10_MEDIACD(+)  AND  MBJ05_DCARCD = MBJ11_DCARCD(+)  AND  TBJ02_MEDIASNM IS NOT NULL  AND  MBJ10_HAMID = 'lis0w9'  AND  MBJ11_HAMID = 'lis0w9'  AND  MBJ11_SECTYPE = 0  AND  MBJ10_AUTHORITY > 0  AND  MBJ11_AUTHORITY > 0  GROUP BY   TBJ02_MEDIACD  ,TBJ02_MEDIASCD  ,TBJ02_MEDIASNM  ,MBJ03_SORTNO  ORDER BY  MBJ03_SORTNO ASC 

[SQL_LOG] 2017-06-09 15:18:05,586 
------------------------------------------------------------------------------
ClassName:jp.co.isid.ham.media.model.FindAccountBookCampaignDAO
ExecTime:187 ms
 SELECT   TBJ02_MEDIACD  ,TBJ02_CAMPAIGN  ,MBJ03_SORTNO  FROM  TBJ02EIGYODAICHO,  MBJ03MEDIA,  MBJ10MEDIASEC,  MBJ05CAR,  MBJ11CARSEC  WHERE  TBJ02_MEDIACD = MBJ03_MEDIACD(+)  AND  TBJ02_DCARCD = MBJ05_DCARCD(+)  AND  MBJ03_MEDIACD = MBJ10_MEDIACD(+)  AND  MBJ05_DCARCD = MBJ11_DCARCD(+)  AND  TBJ02_CAMPAIGN IS NOT NULL  AND  MBJ10_HAMID = 'lis0w9'  AND  MBJ11_HAMID = 'lis0w9'  AND  MBJ11_SECTYPE = 0  AND  MBJ10_AUTHORITY > 0  AND  MBJ11_AUTHORITY > 0  GROUP BY   TBJ02_MEDIACD  ,TBJ02_CAMPAIGN  ,MBJ03_SORTNO  ORDER BY  MBJ03_SORTNO ASC 

[SQL_LOG] 2017-06-09 15:18:05,742 
------------------------------------------------------------------------------
ClassName:jp.co.isid.ham.media.model.FindExpenseItemListDAO
ExecTime:156 ms
 SELECT   TBJ02_MEDIACD  ,TBJ02_NAIYOHIMOKU  ,MBJ03_SORTNO  FROM  TBJ02EIGYODAICHO,  MBJ03MEDIA,  MBJ10MEDIASEC,  MBJ05CAR,  MBJ11CARSEC  WHERE  TBJ02_MEDIACD = MBJ03_MEDIACD(+)  AND  TBJ02_DCARCD = MBJ05_DCARCD(+)  AND  MBJ03_MEDIACD = MBJ10_MEDIACD(+)  AND  MBJ05_DCARCD = MBJ11_DCARCD(+)  AND  TBJ02_NAIYOHIMOKU IS NOT NULL  AND  MBJ10_HAMID = 'lis0w9'  AND  MBJ11_HAMID = 'lis0w9'  AND  MBJ11_SECTYPE = 0  AND  MBJ10_AUTHORITY > 0  AND  MBJ11_AUTHORITY > 0  GROUP BY   TBJ02_MEDIACD  ,TBJ02_NAIYOHIMOKU  ,MBJ03_SORTNO  ORDER BY  MBJ03_SORTNO ASC 

[SQL_LOG] 2017-06-09 15:18:05,867 
------------------------------------------------------------------------------
ClassName:jp.co.isid.ham.media.model.FindSpaceDAO
ExecTime:125 ms
 SELECT   TBJ02_SPACE  FROM  TBJ02EIGYODAICHO,  MBJ03MEDIA,  MBJ10MEDIASEC,  MBJ05CAR,  MBJ11CARSEC  WHERE  TBJ02_MEDIACD = MBJ03_MEDIACD(+)  AND  TBJ02_DCARCD = MBJ05_DCARCD(+)  AND  MBJ03_MEDIACD = MBJ10_MEDIACD(+)  AND  MBJ05_DCARCD = MBJ11_DCARCD(+)  AND  TBJ02_MEDIACD = 'M01' AND  TBJ02_SPACE IS NOT NULL  AND  MBJ10_HAMID = 'lis0w9'  AND  MBJ11_HAMID = 'lis0w9'  AND  MBJ11_SECTYPE = 0  AND  MBJ10_AUTHORITY > 0  AND  MBJ11_AUTHORITY > 0  ORDER BY  MBJ03_SORTNO ASC 

[SQL_LOG] 2017-06-09 15:18:05,883 
------------------------------------------------------------------------------
ClassName:jp.co.isid.ham.common.model.Mbj37DisplayControlDAO
ExecTime:16 ms
 SELECT  MBJ37_FORMID  ,MBJ37_VIEWID  ,MBJ37_COLCNT  ,MBJ37_COLNM  ,MBJ37_COLWIDTH  ,MBJ37_DISPLAYKBN  ,MBJ37_CONTROLKBN  ,MBJ37_UPDDATE  ,MBJ37_UPDNM  ,MBJ37_UPDAPL  ,MBJ37_UPDID  FROM  MBJ37DISPLAYCONTROL  WHERE  MBJ37_FORMID = 'S2030010'  ORDER BY MBJ37_FORMID, MBJ37_VIEWID, MBJ37_COLCNT

[SQL_LOG] 2017-06-09 15:18:05,898 
------------------------------------------------------------------------------
ClassName:jp.co.isid.ham.common.model.Tbj30DisplayPatternDAO
ExecTime:15 ms
 SELECT  TBJ30_HAMID  ,TBJ30_FORMID  ,TBJ30_VIEWID  ,TBJ30_VIEWDISPPATTERN  ,TBJ30_CRTDATE  ,TBJ30_CRTNM  ,TBJ30_CRTAPL  ,TBJ30_CRTID  ,TBJ30_UPDDATE  ,TBJ30_UPDNM  ,TBJ30_UPDAPL  ,TBJ30_UPDID  FROM  TBJ30DISPLAYPATTERN  WHERE TBJ30_HAMID = 'lis0w9' AND TBJ30_FORMID = 'S2030010' AND TBJ30_VIEWID = 'Daicho'

[SQL_LOG] 2017-06-09 15:18:05,914 
------------------------------------------------------------------------------
ClassName:jp.co.isid.ham.common.model.CarListDAO
ExecTime:16 ms
 SELECT  MBJ05_DCARCD  ,MBJ05_CARNM  ,MBJ05_KEIRETSUCD  ,MBJ05_SORTNO  ,MBJ11_AUTHORITY  FROM  MBJ05CAR,  MBJ11CARSEC  WHERE  MBJ05_DCARCD = MBJ11_DCARCD  AND  MBJ05_DISPSTS = '1'  AND  NOT MBJ11_AUTHORITY = '0'  AND  MBJ11_SECTYPE = '0'  AND  MBJ11_HAMID = 'lis0w9'  ORDER BY  MBJ05_SORTNO ASC,  MBJ05_DCARCD ASC 

[SQL_LOG] 2017-06-09 15:18:05,914 
------------------------------------------------------------------------------
ClassName:jp.co.isid.ham.common.model.MediaListDAO
ExecTime:0 ms
 SELECT  MBJ03_MEDIACD  ,MBJ03_MEDIANM  ,MBJ03_HCMEDIANM  ,MBJ03_DNEBIKI  ,MBJ03_SORTNO  ,MBJ10_AUTHORITY  FROM MBJ03MEDIA, MBJ10MEDIASEC WHERE MBJ03_MEDIACD = MBJ10_MEDIACD(+) AND NOT MBJ10_AUTHORITY = '0' AND MBJ10_HAMID = 'lis0w9' ORDER BY MBJ03_SORTNO

[SQL_LOG] 2017-06-09 15:18:05,929 
------------------------------------------------------------------------------
ClassName:jp.co.isid.ham.common.model.RepaVbjaMeu29CcDAO
ExecTime:15 ms
 SELECT   VEU_BJ_MEU29_KYCDKND  ,VEU_BJ_MEU29_KYCD  ,VEU_BJ_MEU29_HKYMD  ,VEU_BJ_MEU29_HAISYMD  ,VEU_BJ_MEU29_NAIYKN  ,VEU_BJ_MEU29_NAIYJ  ,VEU_BJ_MEU29_YOBI1  ,VEU_BJ_MEU29_HOSOK  ,VEU_BJ_MEU29_YOBI2  FROM  REP_VBJ_MEU29CC  WHERE  VEU_BJ_MEU29_KYCDKND IN('WB','WC','9V')  AND  VEU_BJ_MEU29_NAIYJ LIKE('%%')  AND  VEU_BJ_MEU29_HAISYMD ='99999999'  ORDER BY  VEU_BJ_MEU29_KYCDKND ASC,  VEU_BJ_MEU29_KYCD ASC 

[SQL_LOG] 2017-06-09 15:18:05,929 
------------------------------------------------------------------------------
ClassName:jp.co.isid.ham.common.model.FindContactRequestDAO
ExecTime:0 ms
 SELECT    DECODE(VEA_BJ_MEA11_JYUCTYPE, '10', VEA_BJ_MEA10_IRSKCD || VEA_BJ_MEA10_IRSKSUBCD, VEA_BJ_MEA10_IRSKCD) AS IRAISAKICODE,   DECODE(VEA_BJ_MEA10_ALASUSEFLG, '1', VEA_BJ_MEA10_IRSKALASHYOJIKJ, VEU_BJ_MEU07_HYOJIKJ) AS IRAISAKINAME,VEA_BJ_MEA11_DSIKKBNCD AS DSIKKBNCD, VEA_BJ_MEA11_IRSKSHOWNO AS IRSKSHOWNO   FROM REP_VBJ_MEA10IRSK, REP_VBJ_MEA11DISPLAYIRSK, REP_VBJ_MEU07SIKKRSPRD, TBJ35KNR WHERE      VEA_BJ_MEA11_ATSEGSYOCD = '10' AND VEA_BJ_MEA11_JYUCTYPE = '10' AND VEA_BJ_MEA11_IRSKCD = VEA_BJ_MEA10_IRSKCD AND VEA_BJ_MEA11_IRSKSUBCD = VEA_BJ_MEA10_IRSKSUBCD AND VEA_BJ_MEA11_IRSKCD = VEU_BJ_MEU07_SIKCD AND VEA_BJ_MEA11_JYUCFLG = '1' AND VEA_BJ_MEA10_HKYMD <= TBJ35_EIGYOBI AND VEA_BJ_MEA10_HAISYMD >= TBJ35_EIGYOBI AND VEA_BJ_MEA11_HKYMD <= TBJ35_EIGYOBI AND VEA_BJ_MEA11_HAISYMD >= TBJ35_EIGYOBI AND VEU_BJ_MEU07_SIKCDKYK <= TBJ35_EIGYOBI AND VEU_BJ_MEU07_ENDYMD >= TBJ35_EIGYOBI AND TBJ35_SYSTEMNO = '02' GROUP BY VEA_BJ_MEA11_JYUCTYPE, VEA_BJ_MEA10_IRSKCD, VEA_BJ_MEA10_IRSKSUBCD, VEA_BJ_MEA10_ALASUSEFLG, VEA_BJ_MEA10_IRSKALASHYOJIKJ, VEU_BJ_MEU07_HYOJIKJ, VEA_BJ_MEA11_DSIKKBNCD, VEA_BJ_MEA11_IRSKSHOWNO ORDER BY  SUBSTR(VEA_BJ_MEA11_DSIKKBNCD, 1, 2), VEA_BJ_MEA11_IRSKSHOWNO, VEA_BJ_MEA10_IRSKCD, VEA_BJ_MEA10_IRSKSUBCD

[SQL_LOG] 2017-06-09 15:18:06,787 
------------------------------------------------------------------------------
ClassName:jp.co.isid.ham.media.model.FindContactRequestNarrowingDAO
ExecTime:858 ms
 SELECT    DECODE(VEA_BJ_MEA11_JYUCTYPE, '10', VEA_BJ_MEA10_IRSKCD || VEA_BJ_MEA10_IRSKSUBCD, VEA_BJ_MEA10_IRSKCD) AS IRAISAKICODE,   DECODE(VEA_BJ_MEA10_ALASUSEFLG, '1', VEA_BJ_MEA10_IRSKALASHYOJIKJ, VEU_BJ_MEU07_HYOJIKJ) AS IRAISAKINAME,VEA_BJ_MEA11_DSIKKBNCD AS DSIKKBNCD,VEA_BJ_MEA11_IRSKSHOWNO AS IRSKSHOWNO,VOP_BJ_BTAICD || VOP_BJ_KBANCD AS MEDIASCD, ROW_NUMBER() OVER ( PARTITION BY VOP_BJ_BTAICD, VOP_BJ_KBANCD ORDER BY VEA_BJ_MEA10_IRSKSUBCD) AS SORTNO FROM REP_VBJ_MEA10IRSK, REP_VBJ_MEA11DISPLAYIRSK, REP_VBJ_MEU07SIKKRSPRD, TBJ35KNR, VBJ_CHARGEGRPMEDIA, REP_VBJ_MEU29CC, MBJ12CODE WHERE      VOP_BJ_EGSYOCD = '10' AND VOP_BJ_TNTGRP = SUBSTR(VEU_BJ_MEU29_KYCD, 1, 2) AND VEU_BJ_MEU29_HKYMD <= TBJ35_EIGYOBI AND VEU_BJ_MEU29_HAISYMD >= TBJ35_EIGYOBI AND MBJ12_CODETYPE = '38' AND MBJ12_KEYCODE = VOP_BJ_EGSYOCD AND VEU_BJ_MEU29_KYCDKND = MBJ12_YOBI1 AND VEU_BJ_MEU29_YOBI1 LIKE '1%' AND VEA_BJ_MEA11_IRSKCD = SUBSTR(VEU_BJ_MEU29_YOBI1, 2) AND VEA_BJ_MEA11_IRSKSUBCD = VOP_BJ_TNTGRP AND VEA_BJ_MEA11_ATSEGSYOCD = '10' AND VEA_BJ_MEA11_JYUCTYPE = '10' AND VEA_BJ_MEA11_IRSKCD = VEA_BJ_MEA10_IRSKCD AND VEA_BJ_MEA11_IRSKSUBCD = VEA_BJ_MEA10_IRSKSUBCD AND VEA_BJ_MEA11_IRSKCD = VEU_BJ_MEU07_SIKCD AND VEA_BJ_MEA11_JYUCFLG = '1' AND VEA_BJ_MEA10_HKYMD <= TBJ35_EIGYOBI AND VEA_BJ_MEA10_HAISYMD >= TBJ35_EIGYOBI AND VEA_BJ_MEA11_HKYMD <= TBJ35_EIGYOBI AND VEA_BJ_MEA11_HAISYMD >= TBJ35_EIGYOBI AND VEU_BJ_MEU07_SIKCDKYK <= TBJ35_EIGYOBI AND VEU_BJ_MEU07_ENDYMD >= TBJ35_EIGYOBI AND TBJ35_SYSTEMNO = '02' GROUP BY VOP_BJ_BTAICD, VOP_BJ_KBANCD, VEA_BJ_MEA11_JYUCTYPE, VEA_BJ_MEA10_IRSKCD, VEA_BJ_MEA10_IRSKSUBCD, VEA_BJ_MEA10_ALASUSEFLG, VEA_BJ_MEA10_IRSKALASHYOJIKJ, VEU_BJ_MEU07_HYOJIKJ, VEA_BJ_MEA11_DSIKKBNCD, VEA_BJ_MEA11_IRSKSHOWNO

[SQL_LOG] 2017-06-09 15:18:06,787 
------------------------------------------------------------------------------
ClassName:jp.co.isid.ham.common.model.Mbj12CodeDAO
ExecTime:0 ms
SELECT MBJ12_CODETYPE,MBJ12_KEYCODE,MBJ12_CODENAME,MBJ12_YOBI1,MBJ12_YOBI2,MBJ12_YOBI3,MBJ12_UPDDATE,MBJ12_UPDNM,MBJ12_UPDAPL,MBJ12_UPDID FROM  MBJ12CODE WHERE  MBJ12_CODETYPE IN('28','29','30','37') 

[SQL_LOG] 2017-06-09 15:18:06,788 
------------------------------------------------------------------------------
ClassName:jp.co.isid.ham.media.model.FindSpaceMasterDAO
ExecTime:1 ms
 SELECT   VEU_BJ_MEU29_KYCDKND  ,VEU_BJ_MEU29_KYCD  ,VEU_BJ_MEU29_HKYMD  ,VEU_BJ_MEU29_HAISYMD  ,VEU_BJ_MEU29_NAIYKN  ,VEU_BJ_MEU29_NAIYJ  ,VEU_BJ_MEU29_YOBI1  ,VEU_BJ_MEU29_HOSOK  ,VEU_BJ_MEU29_YOBI2  FROM REP_VBJ_MEU29CC, TBJ35KNR WHERE TBJ35_SYSTEMNO = '02' AND VEU_BJ_MEU29_HKYMD <= TBJ35_EIGYOBI AND VEU_BJ_MEU29_HAISYMD >= TBJ35_EIGYOBI AND VEU_BJ_MEU29_KYCDKND = 'WE' AND VEU_BJ_MEU29_NAIYKN != '1KEN' ORDER BY VEU_BJ_MEU29_KYCD

[SQL_LOG] 2017-06-09 15:18:06,820 
------------------------------------------------------------------------------
ClassName:jp.co.isid.ham.common.model.Mbj47NewspaperDAO
ExecTime:32 ms
 SELECT  MBJ47_NPCD  ,MBJ47_RNAME  ,MBJ47_AREA  ,MBJ47_IRAISAKICODE  ,MBJ47_UPDDATE  ,MBJ47_UPDNM  ,MBJ47_UPDAPL  ,MBJ47_UPDID  FROM  MBJ47NEWSPAPER  ORDER BY  MBJ47_NPCD 

[SQL_LOG] 2017-06-09 15:18:06,820 
------------------------------------------------------------------------------
ClassName:jp.co.isid.ham.common.model.Mbj34FunctionControlItemDAO
ExecTime:0 ms
 SELECT  MBJ34_FUNCCD  ,MBJ34_FUNCTYPE  ,MBJ34_FUNCNM  ,MBJ34_ITEMTYPE  ,MBJ34_DEFAULTCONTROL  ,MBJ34_FORMID  ,MBJ34_OBJNAME  ,MBJ34_SORTNO  ,MBJ34_UPDDATE  ,MBJ34_UPDNM  ,MBJ34_UPDAPL  ,MBJ34_UPDID  FROM  MBJ34FUNCTIONCONTROLITEM  WHERE MBJ34_FUNCTYPE = '1' AND MBJ34_FORMID = 'S2030010' ORDER BY  MBJ34_FUNCCD 

[SQL_LOG] 2017-06-09 15:18:06,835 
------------------------------------------------------------------------------
ClassName:jp.co.isid.ham.common.model.Mbj33FunctionControlDAO
ExecTime:15 ms
 SELECT  MBJ33_HAMID  ,MBJ33_FUNCCD  ,MBJ33_FUNCTYPE  ,MBJ33_CONTROL  ,MBJ33_UPDDATE  ,MBJ33_UPDNM  ,MBJ33_UPDAPL  ,MBJ33_UPDID  FROM  MBJ33FUNCTIONCONTROL  WHERE MBJ33_HAMID = 'lis0w9' ORDER BY  MBJ33_HAMID,MBJ33_FUNCCD 

[SQL_LOG] 2017-06-09 15:18:06,835 
------------------------------------------------------------------------------
ClassName:jp.co.isid.ham.common.model.Mbj39FunctionControlBaseDAO
ExecTime:0 ms
 SELECT  MBJ39_KKSIKOGNZUNTCD  ,MBJ39_USERTYPE  ,MBJ39_FUNCCD  ,MBJ39_FUNCTYPE  ,MBJ39_CONTROL  ,MBJ39_UPDDATE  ,MBJ39_UPDNM  ,MBJ39_UPDAPL  ,MBJ39_UPDID  FROM  MBJ39FUNCTIONCONTROLBASE  WHERE MBJ39_KKSIKOGNZUNTCD = '0000529' AND MBJ39_USERTYPE = 'A' ORDER BY  MBJ39_KKSIKOGNZUNTCD,MBJ39_USERTYPE,MBJ39_FUNCCD 

[SQL_LOG] 2017-06-09 15:18:06,835 
------------------------------------------------------------------------------
ClassName:jp.co.isid.ham.common.model.Mbj39FunctionControlBaseDAO
ExecTime:0 ms
 SELECT  MBJ39_KKSIKOGNZUNTCD  ,MBJ39_USERTYPE  ,MBJ39_FUNCCD  ,MBJ39_FUNCTYPE  ,MBJ39_CONTROL  ,MBJ39_UPDDATE  ,MBJ39_UPDNM  ,MBJ39_UPDAPL  ,MBJ39_UPDID  FROM  MBJ39FUNCTIONCONTROLBASE  WHERE MBJ39_KKSIKOGNZUNTCD = '*******' AND MBJ39_USERTYPE = 'A' ORDER BY  MBJ39_KKSIKOGNZUNTCD,MBJ39_USERTYPE,MBJ39_FUNCCD 

[SQL_LOG] 2017-06-09 15:18:06,851 
------------------------------------------------------------------------------
ClassName:jp.co.isid.ham.common.model.Mbj43SecurityItemDAO
ExecTime:0 ms
 SELECT  MBJ43_SECURITYCD  ,MBJ43_SECURITYTYPE  ,MBJ43_SECURITYNM  ,MBJ43_ITEMTYPE  ,MBJ43_SORTNO  ,MBJ43_UPDDATE  ,MBJ43_UPDNM  ,MBJ43_UPDAPL  ,MBJ43_UPDID  FROM  MBJ43SECURITYITEM  WHERE MBJ43_SECURITYCD = 'S000000003' ORDER BY  MBJ43_SORTNO,MBJ43_SECURITYCD 

[SQL_LOG] 2017-06-09 15:18:06,851 
------------------------------------------------------------------------------
ClassName:jp.co.isid.ham.common.model.Mbj42SecurityDAO
ExecTime:0 ms
 SELECT  MBJ42_HAMID  ,MBJ42_SECURITYCD  ,MBJ42_SECURITYTYPE  ,MBJ42_UPDATE  ,MBJ42_CHECK  ,MBJ42_REFERENCE  ,MBJ42_UPDDATE  ,MBJ42_UPDNM  ,MBJ42_UPDAPL  ,MBJ42_UPDID  FROM  MBJ42SECURITY  WHERE MBJ42_HAMID = 'lis0w9' AND MBJ42_SECURITYCD = 'S000000003' ORDER BY  MBJ42_HAMID,MBJ42_SECURITYCD 

[SQL_LOG] 2017-06-09 15:18:13,560 
------------------------------------------------------------------------------
ClassName:jp.co.isid.ham.common.model.Tbj28WorkLogDAO
ExecTime:0 ms
INSERT INTO TBJ28WORKLOG (TBJ28_CRTDATE,TBJ28_HAMID,TBJ28_HAMNM,TBJ28_SIKCDHONB,TBJ28_SIKNMHONB,TBJ28_SIKCDKYK,TBJ28_SIKNMKYK,TBJ28_SIKCDSITU,TBJ28_SIKNMSITU,TBJ28_SIKCDBU,TBJ28_SIKNMBU,TBJ28_SIKCDKA,TBJ28_SIKNMKA,TBJ28_FORMID,TBJ28_FORMNM,TBJ28_KNOID,TBJ28_KNONM,TBJ28_DSMID,TBJ28_DSMNM) VALUES (SYSDATE,'lis0w9','HAM管理USER1','0000321','（コーポレート部門）','0000529','情報システム局',null,null,null,null,null,null,'S2030010','営業作業台帳','SA000630','検索','00002','検索')

[SQL_LOG] 2017-06-09 15:18:13,903 
------------------------------------------------------------------------------
ClassName:jp.co.isid.ham.media.model.FindAuthorityAccountBookDAO
ExecTime:203 ms
 SELECT ROW_NUMBER() OVER (ORDER BY TBJ02_SORTNO,TBJ02_DAICHONO) AS ROWNO , TBJ12_CAMPCD || '：' || TBJ12_CAMPNM AS DISPCAMPCD,  TBJ01_MEDIAPLANNO || '：' || TBJ01_KENMEI AS DISPMEDIAPLANNO,   TBJ12_CAMPCD  ,TBJ01_MEDIAPLANNO  ,TBJ02_DAICHONO  ,TBJ02_IMPKEY  ,TBJ02_SEIKYUYM  ,TBJ02_MEDIACD  ,TBJ02_MEDIASCD  ,TBJ02_MEDIASNM  ,TBJ02_KEIRETSUCD  ,TBJ02_DCARCD  ,TBJ02_HIYOUNO  ,TBJ02_KIKAKUNO  ,TBJ02_CAMPAIGN  ,TBJ02_NAIYOHIMOKU  ,TBJ02_SPACE  ,TBJ02_NPDIVISION  ,TBJ02_PUBLISHVER  ,TBJ02_SYMBOLDIVISION  ,TBJ02_POSTEDSURFACE  ,TBJ02_UNIT  ,TBJ02_CONTRACTDIVISION  ,TBJ02_KIKANFROM  ,TBJ02_KIKANTO  ,TBJ02_GENKAFLG  ,TBJ02_GROSS  ,TBJ02_DNEBIKIRITSU  ,TBJ02_DNEBIKIGAKU  ,TBJ02_HMCOST  ,TBJ02_APLRIEKIRITSU  ,TBJ02_APLRIEKIGAKU  ,TBJ02_MEDIAHARAI  ,TBJ02_MEDIAMARGINRITSU  ,TBJ02_MEDIAMARGINGAKU  ,TBJ02_MEDIAGENKA  ,TBJ02_TORIRIEKI  ,TBJ02_RIEKIHAIBUN  ,TBJ02_NAIKINRIEKI  ,TBJ02_FURIKAERIEKI  ,TBJ02_EIGYOYOIN  ,TBJ02_FURIKAERIEKI2  ,TBJ02_TVTMEDIATANKA  ,TBJ02_TVTHMTANKA  ,TBJ02_COLORFEE  ,TBJ02_DESIGNATIONFEE  ,TBJ02_DOUBLEFEE  ,TBJ02_RECLASSIFICATIONFEE  ,TBJ02_SPACEFEE  ,TBJ02_SPLITRUNFEE  ,TBJ02_REQUESTDESTINATION  ,TBJ02_BRDDATE  ,TBJ02_BIKO  ,TBJ02_SEIKYUFLG  ,TBJ02_CPDATE  ,TBJ02_BRDSEC  ,TBJ02_FILEOUTFLG  ,TBJ02_APPEARANCEDATE  ,TBJ02_SORTNO  ,TBJ02_CRTDATE  ,TBJ02_CRTNM  ,TBJ02_CRTAPL  ,TBJ02_CRTID  ,TBJ02_UPDDATE  ,TBJ02_UPDNM  ,TBJ02_UPDAPL  ,TBJ02_UPDID  ,MBJ05_CARNM  ,MBJ03_MEDIANM  ,MBJ10_AUTHORITY  ,MBJ11_AUTHORITY  , 0 AS UPDFLG  FROM  TBJ02EIGYODAICHO,  Tbj01MediaPlan,  Tbj12Campaign,  Mbj03Media,  Mbj05Car,  Mbj10MediaSec,  Mbj11CarSec  WHERE  TBJ02_MEDIAPLANNO = TBJ01_MEDIAPLANNO(+)  AND  TBJ02_MEDIACD = MBJ03_MEDIACD(+)  AND  TBJ02_DCARCD = MBJ05_DCARCD(+)  AND  TBJ01_CAMPCD = TBJ12_CAMPCD(+)  AND  MBJ03_MEDIACD = MBJ10_MEDIACD(+)  AND  MBJ05_DCARCD = MBJ11_DCARCD(+)  AND  MBJ10_HAMID = 'lis0w9'  AND  MBJ11_HAMID = 'lis0w9'  AND  MBJ11_SECTYPE = 0  AND  MBJ10_AUTHORITY > 0  AND  MBJ11_AUTHORITY > 0  AND  TBJ02_KIKANFROM >= '2016/04/01'  AND  TBJ02_KIKANTO <= '2017/03/31'  ORDER BY  TBJ02_SORTNO,  TBJ02_DAICHONO 

[SQL_LOG] 2017-06-09 15:18:14,137 
------------------------------------------------------------------------------
ClassName:jp.co.isid.ham.common.model.Tbj01MediaPlanDAO
ExecTime:234 ms
 SELECT   TBJ01_CAMPCD  ,TBJ01_MEDIAPLANNO  ,TBJ01_YOTEIYM  ,TBJ01_KEIRESTUCD  ,TBJ01_DCARCD  ,TBJ01_MEDIACD  ,TBJ01_HIYOUNO  ,TBJ01_AGENCY  ,TBJ01_KENMEI  ,TBJ01_MEMO  ,TBJ01_PHASE  ,TBJ01_TERM  ,TBJ01_KIKANFROM  ,TBJ01_KIKANTO  ,TBJ01_HMOK  ,TBJ01_BUYEROK  ,TBJ01_BUDGET  ,TBJ01_BUDGETHM  ,TBJ01_ACTUAL  ,TBJ01_ACTUALHM  ,TBJ01_ADJUSTMENT  ,TBJ01_DIFAMT  ,TBJ01_DIFAMTHM  ,TBJ01_BUDGETUPDFLG  ,TBJ01_CRTDATE  ,TBJ01_CRTNM  ,TBJ01_CRTAPL  ,TBJ01_CRTID  ,TBJ01_UPDDATE  ,TBJ01_UPDNM  ,TBJ01_UPDAPL  ,TBJ01_UPDID  FROM  TBJ01MEDIAPLAN  ORDER BY  TBJ01_MEDIAPLANNO 

[SQL_LOG] 2017-06-09 15:18:14,168 
------------------------------------------------------------------------------
ClassName:jp.co.isid.ham.common.model.Tbj12CampaignDAO
ExecTime:31 ms
 SELECT   TBJ12_CAMPCD  ,TBJ12_DCARCD  ,TBJ12_PHASE  ,TBJ12_KIKANFROM  ,TBJ12_KIKANTO  ,TBJ12_CAMPNM  ,TBJ12_FSTBUDGET  ,TBJ12_BUDGET  ,TBJ12_BUDGETHM  ,TBJ12_ACTUAL  ,TBJ12_ACTUALHM  ,TBJ12_MEMO  ,TBJ12_BAITAIFLG  ,TBJ12_CRTDATE  ,TBJ12_CRTNM  ,TBJ12_CRTAPL  ,TBJ12_CRTID  ,TBJ12_UPDDATE  ,TBJ12_UPDNM  ,TBJ12_UPDAPL  ,TBJ12_UPDID  FROM  TBJ12CAMPAIGN  ORDER BY  TBJ12_CAMPCD ASC 

[SQL_LOG] 2017-06-09 15:18:14,324 
------------------------------------------------------------------------------
ClassName:jp.co.isid.ham.media.model.FindMediaCategoryDAO
ExecTime:156 ms
 SELECT   TBJ02_MEDIACD  ,TBJ02_MEDIASCD  ,TBJ02_MEDIASNM  ,MBJ03_SORTNO  FROM  TBJ02EIGYODAICHO,  MBJ03MEDIA,  MBJ10MEDIASEC,  MBJ05CAR,  MBJ11CARSEC  WHERE  TBJ02_MEDIACD = MBJ03_MEDIACD(+)  AND  TBJ02_DCARCD = MBJ05_DCARCD(+)  AND  MBJ03_MEDIACD = MBJ10_MEDIACD(+)  AND  MBJ05_DCARCD = MBJ11_DCARCD(+)  AND  TBJ02_MEDIASNM IS NOT NULL  AND  MBJ10_HAMID = 'lis0w9'  AND  MBJ11_HAMID = 'lis0w9'  AND  MBJ11_SECTYPE = 0  AND  MBJ10_AUTHORITY > 0  AND  MBJ11_AUTHORITY > 0  GROUP BY   TBJ02_MEDIACD  ,TBJ02_MEDIASCD  ,TBJ02_MEDIASNM  ,MBJ03_SORTNO  ORDER BY  MBJ03_SORTNO ASC 

[SQL_LOG] 2017-06-09 15:18:14,480 
------------------------------------------------------------------------------
ClassName:jp.co.isid.ham.media.model.FindAccountBookCampaignDAO
ExecTime:156 ms
 SELECT   TBJ02_MEDIACD  ,TBJ02_CAMPAIGN  ,MBJ03_SORTNO  FROM  TBJ02EIGYODAICHO,  MBJ03MEDIA,  MBJ10MEDIASEC,  MBJ05CAR,  MBJ11CARSEC  WHERE  TBJ02_MEDIACD = MBJ03_MEDIACD(+)  AND  TBJ02_DCARCD = MBJ05_DCARCD(+)  AND  MBJ03_MEDIACD = MBJ10_MEDIACD(+)  AND  MBJ05_DCARCD = MBJ11_DCARCD(+)  AND  TBJ02_CAMPAIGN IS NOT NULL  AND  MBJ10_HAMID = 'lis0w9'  AND  MBJ11_HAMID = 'lis0w9'  AND  MBJ11_SECTYPE = 0  AND  MBJ10_AUTHORITY > 0  AND  MBJ11_AUTHORITY > 0  GROUP BY   TBJ02_MEDIACD  ,TBJ02_CAMPAIGN  ,MBJ03_SORTNO  ORDER BY  MBJ03_SORTNO ASC 

[SQL_LOG] 2017-06-09 15:18:14,637 
------------------------------------------------------------------------------
ClassName:jp.co.isid.ham.media.model.FindExpenseItemListDAO
ExecTime:157 ms
 SELECT   TBJ02_MEDIACD  ,TBJ02_NAIYOHIMOKU  ,MBJ03_SORTNO  FROM  TBJ02EIGYODAICHO,  MBJ03MEDIA,  MBJ10MEDIASEC,  MBJ05CAR,  MBJ11CARSEC  WHERE  TBJ02_MEDIACD = MBJ03_MEDIACD(+)  AND  TBJ02_DCARCD = MBJ05_DCARCD(+)  AND  MBJ03_MEDIACD = MBJ10_MEDIACD(+)  AND  MBJ05_DCARCD = MBJ11_DCARCD(+)  AND  TBJ02_NAIYOHIMOKU IS NOT NULL  AND  MBJ10_HAMID = 'lis0w9'  AND  MBJ11_HAMID = 'lis0w9'  AND  MBJ11_SECTYPE = 0  AND  MBJ10_AUTHORITY > 0  AND  MBJ11_AUTHORITY > 0  GROUP BY   TBJ02_MEDIACD  ,TBJ02_NAIYOHIMOKU  ,MBJ03_SORTNO  ORDER BY  MBJ03_SORTNO ASC 

[SQL_LOG] 2017-06-09 15:18:14,746 
------------------------------------------------------------------------------
ClassName:jp.co.isid.ham.media.model.FindSpaceDAO
ExecTime:109 ms
 SELECT   TBJ02_SPACE  FROM  TBJ02EIGYODAICHO,  MBJ03MEDIA,  MBJ10MEDIASEC,  MBJ05CAR,  MBJ11CARSEC  WHERE  TBJ02_MEDIACD = MBJ03_MEDIACD(+)  AND  TBJ02_DCARCD = MBJ05_DCARCD(+)  AND  MBJ03_MEDIACD = MBJ10_MEDIACD(+)  AND  MBJ05_DCARCD = MBJ11_DCARCD(+)  AND  TBJ02_MEDIACD = 'M01' AND  TBJ02_SPACE IS NOT NULL  AND  MBJ10_HAMID = 'lis0w9'  AND  MBJ11_HAMID = 'lis0w9'  AND  MBJ11_SECTYPE = 0  AND  MBJ10_AUTHORITY > 0  AND  MBJ11_AUTHORITY > 0  ORDER BY  MBJ03_SORTNO ASC 

[SQL_LOG] 2017-06-09 15:18:14,746 
------------------------------------------------------------------------------
ClassName:jp.co.isid.ham.common.model.Mbj37DisplayControlDAO
ExecTime:0 ms
 SELECT  MBJ37_FORMID  ,MBJ37_VIEWID  ,MBJ37_COLCNT  ,MBJ37_COLNM  ,MBJ37_COLWIDTH  ,MBJ37_DISPLAYKBN  ,MBJ37_CONTROLKBN  ,MBJ37_UPDDATE  ,MBJ37_UPDNM  ,MBJ37_UPDAPL  ,MBJ37_UPDID  FROM  MBJ37DISPLAYCONTROL  WHERE  MBJ37_FORMID = 'S2030010'  ORDER BY MBJ37_FORMID, MBJ37_VIEWID, MBJ37_COLCNT

[SQL_LOG] 2017-06-09 15:18:14,793 
------------------------------------------------------------------------------
ClassName:jp.co.isid.ham.common.model.Tbj30DisplayPatternDAO
ExecTime:31 ms
 SELECT  TBJ30_HAMID  ,TBJ30_FORMID  ,TBJ30_VIEWID  ,TBJ30_VIEWDISPPATTERN  ,TBJ30_CRTDATE  ,TBJ30_CRTNM  ,TBJ30_CRTAPL  ,TBJ30_CRTID  ,TBJ30_UPDDATE  ,TBJ30_UPDNM  ,TBJ30_UPDAPL  ,TBJ30_UPDID  FROM  TBJ30DISPLAYPATTERN  WHERE TBJ30_HAMID = 'lis0w9' AND TBJ30_FORMID = 'S2030010' AND TBJ30_VIEWID = 'Daicho'

[SQL_LOG] 2017-06-09 15:18:14,809 
------------------------------------------------------------------------------
ClassName:jp.co.isid.ham.common.model.CarListDAO
ExecTime:16 ms
 SELECT  MBJ05_DCARCD  ,MBJ05_CARNM  ,MBJ05_KEIRETSUCD  ,MBJ05_SORTNO  ,MBJ11_AUTHORITY  FROM  MBJ05CAR,  MBJ11CARSEC  WHERE  MBJ05_DCARCD = MBJ11_DCARCD  AND  MBJ05_DISPSTS = '1'  AND  NOT MBJ11_AUTHORITY = '0'  AND  MBJ11_SECTYPE = '0'  AND  MBJ11_HAMID = 'lis0w9'  ORDER BY  MBJ05_SORTNO ASC,  MBJ05_DCARCD ASC 

[SQL_LOG] 2017-06-09 15:18:14,809 
------------------------------------------------------------------------------
ClassName:jp.co.isid.ham.common.model.MediaListDAO
ExecTime:0 ms
 SELECT  MBJ03_MEDIACD  ,MBJ03_MEDIANM  ,MBJ03_HCMEDIANM  ,MBJ03_DNEBIKI  ,MBJ03_SORTNO  ,MBJ10_AUTHORITY  FROM MBJ03MEDIA, MBJ10MEDIASEC WHERE MBJ03_MEDIACD = MBJ10_MEDIACD(+) AND NOT MBJ10_AUTHORITY = '0' AND MBJ10_HAMID = 'lis0w9' ORDER BY MBJ03_SORTNO

[SQL_LOG] 2017-06-09 15:18:14,824 
------------------------------------------------------------------------------
ClassName:jp.co.isid.ham.common.model.RepaVbjaMeu29CcDAO
ExecTime:15 ms
 SELECT   VEU_BJ_MEU29_KYCDKND  ,VEU_BJ_MEU29_KYCD  ,VEU_BJ_MEU29_HKYMD  ,VEU_BJ_MEU29_HAISYMD  ,VEU_BJ_MEU29_NAIYKN  ,VEU_BJ_MEU29_NAIYJ  ,VEU_BJ_MEU29_YOBI1  ,VEU_BJ_MEU29_HOSOK  ,VEU_BJ_MEU29_YOBI2  FROM  REP_VBJ_MEU29CC  WHERE  VEU_BJ_MEU29_KYCDKND IN('WB','WC','9V')  AND  VEU_BJ_MEU29_NAIYJ LIKE('%%')  AND  VEU_BJ_MEU29_HAISYMD ='99999999'  ORDER BY  VEU_BJ_MEU29_KYCDKND ASC,  VEU_BJ_MEU29_KYCD ASC 

[SQL_LOG] 2017-06-09 15:18:14,824 
------------------------------------------------------------------------------
ClassName:jp.co.isid.ham.common.model.FindContactRequestDAO
ExecTime:0 ms
 SELECT    DECODE(VEA_BJ_MEA11_JYUCTYPE, '10', VEA_BJ_MEA10_IRSKCD || VEA_BJ_MEA10_IRSKSUBCD, VEA_BJ_MEA10_IRSKCD) AS IRAISAKICODE,   DECODE(VEA_BJ_MEA10_ALASUSEFLG, '1', VEA_BJ_MEA10_IRSKALASHYOJIKJ, VEU_BJ_MEU07_HYOJIKJ) AS IRAISAKINAME,VEA_BJ_MEA11_DSIKKBNCD AS DSIKKBNCD, VEA_BJ_MEA11_IRSKSHOWNO AS IRSKSHOWNO   FROM REP_VBJ_MEA10IRSK, REP_VBJ_MEA11DISPLAYIRSK, REP_VBJ_MEU07SIKKRSPRD, TBJ35KNR WHERE      VEA_BJ_MEA11_ATSEGSYOCD = '10' AND VEA_BJ_MEA11_JYUCTYPE = '10' AND VEA_BJ_MEA11_IRSKCD = VEA_BJ_MEA10_IRSKCD AND VEA_BJ_MEA11_IRSKSUBCD = VEA_BJ_MEA10_IRSKSUBCD AND VEA_BJ_MEA11_IRSKCD = VEU_BJ_MEU07_SIKCD AND VEA_BJ_MEA11_JYUCFLG = '1' AND VEA_BJ_MEA10_HKYMD <= TBJ35_EIGYOBI AND VEA_BJ_MEA10_HAISYMD >= TBJ35_EIGYOBI AND VEA_BJ_MEA11_HKYMD <= TBJ35_EIGYOBI AND VEA_BJ_MEA11_HAISYMD >= TBJ35_EIGYOBI AND VEU_BJ_MEU07_SIKCDKYK <= TBJ35_EIGYOBI AND VEU_BJ_MEU07_ENDYMD >= TBJ35_EIGYOBI AND TBJ35_SYSTEMNO = '02' GROUP BY VEA_BJ_MEA11_JYUCTYPE, VEA_BJ_MEA10_IRSKCD, VEA_BJ_MEA10_IRSKSUBCD, VEA_BJ_MEA10_ALASUSEFLG, VEA_BJ_MEA10_IRSKALASHYOJIKJ, VEU_BJ_MEU07_HYOJIKJ, VEA_BJ_MEA11_DSIKKBNCD, VEA_BJ_MEA11_IRSKSHOWNO ORDER BY  SUBSTR(VEA_BJ_MEA11_DSIKKBNCD, 1, 2), VEA_BJ_MEA11_IRSKSHOWNO, VEA_BJ_MEA10_IRSKCD, VEA_BJ_MEA10_IRSKSUBCD

[SQL_LOG] 2017-06-09 15:18:15,792 
------------------------------------------------------------------------------
ClassName:jp.co.isid.ham.media.model.FindContactRequestNarrowingDAO
ExecTime:968 ms
 SELECT    DECODE(VEA_BJ_MEA11_JYUCTYPE, '10', VEA_BJ_MEA10_IRSKCD || VEA_BJ_MEA10_IRSKSUBCD, VEA_BJ_MEA10_IRSKCD) AS IRAISAKICODE,   DECODE(VEA_BJ_MEA10_ALASUSEFLG, '1', VEA_BJ_MEA10_IRSKALASHYOJIKJ, VEU_BJ_MEU07_HYOJIKJ) AS IRAISAKINAME,VEA_BJ_MEA11_DSIKKBNCD AS DSIKKBNCD,VEA_BJ_MEA11_IRSKSHOWNO AS IRSKSHOWNO,VOP_BJ_BTAICD || VOP_BJ_KBANCD AS MEDIASCD, ROW_NUMBER() OVER ( PARTITION BY VOP_BJ_BTAICD, VOP_BJ_KBANCD ORDER BY VEA_BJ_MEA10_IRSKSUBCD) AS SORTNO FROM REP_VBJ_MEA10IRSK, REP_VBJ_MEA11DISPLAYIRSK, REP_VBJ_MEU07SIKKRSPRD, TBJ35KNR, VBJ_CHARGEGRPMEDIA, REP_VBJ_MEU29CC, MBJ12CODE WHERE      VOP_BJ_EGSYOCD = '10' AND VOP_BJ_TNTGRP = SUBSTR(VEU_BJ_MEU29_KYCD, 1, 2) AND VEU_BJ_MEU29_HKYMD <= TBJ35_EIGYOBI AND VEU_BJ_MEU29_HAISYMD >= TBJ35_EIGYOBI AND MBJ12_CODETYPE = '38' AND MBJ12_KEYCODE = VOP_BJ_EGSYOCD AND VEU_BJ_MEU29_KYCDKND = MBJ12_YOBI1 AND VEU_BJ_MEU29_YOBI1 LIKE '1%' AND VEA_BJ_MEA11_IRSKCD = SUBSTR(VEU_BJ_MEU29_YOBI1, 2) AND VEA_BJ_MEA11_IRSKSUBCD = VOP_BJ_TNTGRP AND VEA_BJ_MEA11_ATSEGSYOCD = '10' AND VEA_BJ_MEA11_JYUCTYPE = '10' AND VEA_BJ_MEA11_IRSKCD = VEA_BJ_MEA10_IRSKCD AND VEA_BJ_MEA11_IRSKSUBCD = VEA_BJ_MEA10_IRSKSUBCD AND VEA_BJ_MEA11_IRSKCD = VEU_BJ_MEU07_SIKCD AND VEA_BJ_MEA11_JYUCFLG = '1' AND VEA_BJ_MEA10_HKYMD <= TBJ35_EIGYOBI AND VEA_BJ_MEA10_HAISYMD >= TBJ35_EIGYOBI AND VEA_BJ_MEA11_HKYMD <= TBJ35_EIGYOBI AND VEA_BJ_MEA11_HAISYMD >= TBJ35_EIGYOBI AND VEU_BJ_MEU07_SIKCDKYK <= TBJ35_EIGYOBI AND VEU_BJ_MEU07_ENDYMD >= TBJ35_EIGYOBI AND TBJ35_SYSTEMNO = '02' GROUP BY VOP_BJ_BTAICD, VOP_BJ_KBANCD, VEA_BJ_MEA11_JYUCTYPE, VEA_BJ_MEA10_IRSKCD, VEA_BJ_MEA10_IRSKSUBCD, VEA_BJ_MEA10_ALASUSEFLG, VEA_BJ_MEA10_IRSKALASHYOJIKJ, VEU_BJ_MEU07_HYOJIKJ, VEA_BJ_MEA11_DSIKKBNCD, VEA_BJ_MEA11_IRSKSHOWNO

[SQL_LOG] 2017-06-09 15:18:15,793 
------------------------------------------------------------------------------
ClassName:jp.co.isid.ham.common.model.Mbj12CodeDAO
ExecTime:1 ms
SELECT MBJ12_CODETYPE,MBJ12_KEYCODE,MBJ12_CODENAME,MBJ12_YOBI1,MBJ12_YOBI2,MBJ12_YOBI3,MBJ12_UPDDATE,MBJ12_UPDNM,MBJ12_UPDAPL,MBJ12_UPDID FROM  MBJ12CODE WHERE  MBJ12_CODETYPE IN('28','29','30','37') 

[SQL_LOG] 2017-06-09 15:18:15,793 
------------------------------------------------------------------------------
ClassName:jp.co.isid.ham.media.model.FindSpaceMasterDAO
ExecTime:0 ms
 SELECT   VEU_BJ_MEU29_KYCDKND  ,VEU_BJ_MEU29_KYCD  ,VEU_BJ_MEU29_HKYMD  ,VEU_BJ_MEU29_HAISYMD  ,VEU_BJ_MEU29_NAIYKN  ,VEU_BJ_MEU29_NAIYJ  ,VEU_BJ_MEU29_YOBI1  ,VEU_BJ_MEU29_HOSOK  ,VEU_BJ_MEU29_YOBI2  FROM REP_VBJ_MEU29CC, TBJ35KNR WHERE TBJ35_SYSTEMNO = '02' AND VEU_BJ_MEU29_HKYMD <= TBJ35_EIGYOBI AND VEU_BJ_MEU29_HAISYMD >= TBJ35_EIGYOBI AND VEU_BJ_MEU29_KYCDKND = 'WE' AND VEU_BJ_MEU29_NAIYKN != '1KEN' ORDER BY VEU_BJ_MEU29_KYCD

[SQL_LOG] 2017-06-09 15:18:15,824 
------------------------------------------------------------------------------
ClassName:jp.co.isid.ham.common.model.Mbj47NewspaperDAO
ExecTime:31 ms
 SELECT  MBJ47_NPCD  ,MBJ47_RNAME  ,MBJ47_AREA  ,MBJ47_IRAISAKICODE  ,MBJ47_UPDDATE  ,MBJ47_UPDNM  ,MBJ47_UPDAPL  ,MBJ47_UPDID  FROM  MBJ47NEWSPAPER  ORDER BY  MBJ47_NPCD 

[SQL_LOG] 2017-06-09 15:18:15,824 
------------------------------------------------------------------------------
ClassName:jp.co.isid.ham.common.model.Mbj34FunctionControlItemDAO
ExecTime:0 ms
 SELECT  MBJ34_FUNCCD  ,MBJ34_FUNCTYPE  ,MBJ34_FUNCNM  ,MBJ34_ITEMTYPE  ,MBJ34_DEFAULTCONTROL  ,MBJ34_FORMID  ,MBJ34_OBJNAME  ,MBJ34_SORTNO  ,MBJ34_UPDDATE  ,MBJ34_UPDNM  ,MBJ34_UPDAPL  ,MBJ34_UPDID  FROM  MBJ34FUNCTIONCONTROLITEM  WHERE MBJ34_FUNCTYPE = '1' AND MBJ34_FORMID = 'S2030010' ORDER BY  MBJ34_FUNCCD 

[SQL_LOG] 2017-06-09 15:18:15,839 
------------------------------------------------------------------------------
ClassName:jp.co.isid.ham.common.model.Mbj33FunctionControlDAO
ExecTime:15 ms
 SELECT  MBJ33_HAMID  ,MBJ33_FUNCCD  ,MBJ33_FUNCTYPE  ,MBJ33_CONTROL  ,MBJ33_UPDDATE  ,MBJ33_UPDNM  ,MBJ33_UPDAPL  ,MBJ33_UPDID  FROM  MBJ33FUNCTIONCONTROL  WHERE MBJ33_HAMID = 'lis0w9' ORDER BY  MBJ33_HAMID,MBJ33_FUNCCD 

[SQL_LOG] 2017-06-09 15:18:15,839 
------------------------------------------------------------------------------
ClassName:jp.co.isid.ham.common.model.Mbj39FunctionControlBaseDAO
ExecTime:0 ms
 SELECT  MBJ39_KKSIKOGNZUNTCD  ,MBJ39_USERTYPE  ,MBJ39_FUNCCD  ,MBJ39_FUNCTYPE  ,MBJ39_CONTROL  ,MBJ39_UPDDATE  ,MBJ39_UPDNM  ,MBJ39_UPDAPL  ,MBJ39_UPDID  FROM  MBJ39FUNCTIONCONTROLBASE  WHERE MBJ39_KKSIKOGNZUNTCD = '0000529' AND MBJ39_USERTYPE = 'A' ORDER BY  MBJ39_KKSIKOGNZUNTCD,MBJ39_USERTYPE,MBJ39_FUNCCD 

[SQL_LOG] 2017-06-09 15:18:15,855 
------------------------------------------------------------------------------
ClassName:jp.co.isid.ham.common.model.Mbj39FunctionControlBaseDAO
ExecTime:16 ms
 SELECT  MBJ39_KKSIKOGNZUNTCD  ,MBJ39_USERTYPE  ,MBJ39_FUNCCD  ,MBJ39_FUNCTYPE  ,MBJ39_CONTROL  ,MBJ39_UPDDATE  ,MBJ39_UPDNM  ,MBJ39_UPDAPL  ,MBJ39_UPDID  FROM  MBJ39FUNCTIONCONTROLBASE  WHERE MBJ39_KKSIKOGNZUNTCD = '*******' AND MBJ39_USERTYPE = 'A' ORDER BY  MBJ39_KKSIKOGNZUNTCD,MBJ39_USERTYPE,MBJ39_FUNCCD 

[SQL_LOG] 2017-06-09 15:18:15,855 
------------------------------------------------------------------------------
ClassName:jp.co.isid.ham.common.model.Mbj43SecurityItemDAO
ExecTime:0 ms
 SELECT  MBJ43_SECURITYCD  ,MBJ43_SECURITYTYPE  ,MBJ43_SECURITYNM  ,MBJ43_ITEMTYPE  ,MBJ43_SORTNO  ,MBJ43_UPDDATE  ,MBJ43_UPDNM  ,MBJ43_UPDAPL  ,MBJ43_UPDID  FROM  MBJ43SECURITYITEM  WHERE MBJ43_SECURITYCD = 'S000000003' ORDER BY  MBJ43_SORTNO,MBJ43_SECURITYCD 

[SQL_LOG] 2017-06-09 15:18:15,855 
------------------------------------------------------------------------------
ClassName:jp.co.isid.ham.common.model.Mbj42SecurityDAO
ExecTime:0 ms
 SELECT  MBJ42_HAMID  ,MBJ42_SECURITYCD  ,MBJ42_SECURITYTYPE  ,MBJ42_UPDATE  ,MBJ42_CHECK  ,MBJ42_REFERENCE  ,MBJ42_UPDDATE  ,MBJ42_UPDNM  ,MBJ42_UPDAPL  ,MBJ42_UPDID  FROM  MBJ42SECURITY  WHERE MBJ42_HAMID = 'lis0w9' AND MBJ42_SECURITYCD = 'S000000003' ORDER BY  MBJ42_HAMID,MBJ42_SECURITYCD 

[SQL_LOG] 2017-06-09 15:18:33,702 
------------------------------------------------------------------------------
ClassName:jp.co.isid.ham.common.model.Tbj28WorkLogDAO
ExecTime:15 ms
INSERT INTO TBJ28WORKLOG (TBJ28_CRTDATE,TBJ28_HAMID,TBJ28_HAMNM,TBJ28_SIKCDHONB,TBJ28_SIKNMHONB,TBJ28_SIKCDKYK,TBJ28_SIKNMKYK,TBJ28_SIKCDSITU,TBJ28_SIKNMSITU,TBJ28_SIKCDBU,TBJ28_SIKNMBU,TBJ28_SIKCDKA,TBJ28_SIKNMKA,TBJ28_FORMID,TBJ28_FORMNM,TBJ28_KNOID,TBJ28_KNONM,TBJ28_DSMID,TBJ28_DSMNM) VALUES (SYSDATE,'lis0w9','HAM管理USER1','0000321','（コーポレート部門）','0000529','情報システム局',null,null,null,null,null,null,'S2030070','営業作業台帳','SA001000','営業作業台帳出力画面表示','00001','起動')

[SQL_LOG] 2017-06-09 15:18:33,858 
------------------------------------------------------------------------------
ClassName:jp.co.isid.ham.common.model.CarListDAO
ExecTime:0 ms
 SELECT  MBJ05_DCARCD  ,MBJ05_CARNM  ,MBJ05_KEIRETSUCD  ,MBJ05_SORTNO  ,MBJ11_AUTHORITY  FROM  MBJ05CAR,  MBJ11CARSEC  WHERE  MBJ05_DCARCD = MBJ11_DCARCD  AND  MBJ05_DISPSTS = '1'  AND  NOT MBJ11_AUTHORITY = '0'  AND  MBJ11_SECTYPE = '0'  AND  MBJ11_HAMID = 'lis0w9'  ORDER BY  MBJ05_SORTNO ASC,  MBJ05_DCARCD ASC 

[SQL_LOG] 2017-06-09 15:18:33,874 
------------------------------------------------------------------------------
ClassName:jp.co.isid.ham.common.model.MediaListDAO
ExecTime:16 ms
 SELECT  MBJ03_MEDIACD  ,MBJ03_MEDIANM  ,MBJ03_HCMEDIANM  ,MBJ03_DNEBIKI  ,MBJ03_SORTNO  ,MBJ10_AUTHORITY  FROM MBJ03MEDIA, MBJ10MEDIASEC WHERE MBJ03_MEDIACD = MBJ10_MEDIACD(+) AND NOT MBJ10_AUTHORITY = '0' AND MBJ10_HAMID = 'lis0w9' ORDER BY MBJ03_SORTNO

