2017-07-07 12:53:33,280  WARN Isid.NJ.NJMainEntry: サービスの設定がありません。NJではService定義がなくても実行は出来ます。
2017-07-07 12:53:33,298  WARN Isid.NJ.NJMainEntry: サーバ例外マッピングの設定がありません。NJではサーバ例外マッピング定義がなくても実行は出来ます。
2017-07-07 12:53:40,042 DEBUG Isid.NJ.View.Navigator.FlowManager: POOL SIZE [1] CREATED FRAME INFORMATION [ ID=WINDOW1, IDENTITYNAME=LoginForm, ACTION= ]
2017-07-07 12:53:58,935 DEBUG Isid.NJ.View.Navigator.FlowManager: POOL SIZE [2] CREATED FRAME INFORMATION [ ID=WINDOW2, IDENTITYNAME=LoginCustomerSelect, ACTION= ]
2017-07-07 12:54:00,678 DEBUG Isid.NJ.View.Navigator.FlowManager: POOL SIZE [1] REMOVE FRAME INFORMATION [ ID=WINDOW2 ]
2017-07-07 12:54:01,625 DEBUG Isid.NJ.View.Navigator.FlowManager: POOL SIZE [2] CREATED FRAME INFORMATION [ ID=WINDOW3, IDENTITYNAME=frmTopMenuToh, ACTION=tofrmTopMenuToh ]
2017-07-25 17:26:08,531  WARN Isid.NJ.NJMainEntry: サービスの設定がありません。NJではService定義がなくても実行は出来ます。
2017-07-25 17:26:08,549  WARN Isid.NJ.NJMainEntry: サーバ例外マッピングの設定がありません。NJではサーバ例外マッピング定義がなくても実行は出来ます。
2017-07-25 17:26:20,780 ERROR Isid.NJSecurity.Core.Impl.Model.BaseLoginContext: SecurityInfo取得に失敗しました
Isid.NJSecurity.Exp.SecurityClientException: サーバ接続に失敗しました ---> System.ArgumentNullException: 文字列参照が文字列のインスタンスに設定されていません。
パラメータ名: s
   場所 System.Text.Encoding.GetBytes(String s)
   場所 Isid.NJSecurity.Connection.WebService.WebServiceStatelessConnection.GetStream(WebServiceConnectionInfo info, String str)
   場所 Isid.NJSecurity.Connection.WebService.WebServiceStatelessConnection.SendData(IConnectionInfo info, Object sendData)
   場所 Isid.NJSecurity.Core.Impl.RequestSendManager.SendRequest[T](Object sendData, String xsdFileName)
   --- 内部例外スタック トレースの終わり ---
   場所 Isid.NJSecurity.Core.Impl.RequestSendManager.SendRequest[T](Object sendData, String xsdFileName)
   場所 Isid.NJSecurity.Core.Impl.WebServiceSecurityContextFactory.CreateSecurityInfo(String id, String pass, String appid, String terminalkind)
   場所 Isid.KKH.Common.KKHUtility.Security.ConcreteSecurityContextFactory.CreateSecurityInfo(String id, String pass, String appid, String terminalkind) 場所 D:\workspace\kkh-cs\cs\KKHCommon\KKHUtility\Security\ConcreteSecurityContextFactory.cs:行 95
   場所 Isid.NJSecurity.Core.Impl.Model.BaseLoginContext.Login()
2017-07-25 17:26:33,923 DEBUG Isid.NJ.View.Navigator.FlowManager: POOL SIZE [1] CREATED FRAME INFORMATION [ ID=WINDOW1, IDENTITYNAME=LoginForm, ACTION= ]
2017-07-25 18:25:05,093  WARN Isid.NJ.NJMainEntry: サービスの設定がありません。NJではService定義がなくても実行は出来ます。
2017-07-25 18:25:05,110  WARN Isid.NJ.NJMainEntry: サーバ例外マッピングの設定がありません。NJではサーバ例外マッピング定義がなくても実行は出来ます。
2017-07-25 18:25:14,749 ERROR Isid.NJSecurity.Core.Impl.Model.BaseLoginContext: SecurityInfo取得に失敗しました
Isid.NJSecurity.Exp.SecurityClientException: サーバ接続に失敗しました ---> System.Net.WebException: HTTP ステータス 404: Not Found で要求が失敗しました。
   場所 System.Web.Services.Protocols.SoapHttpClientProtocol.ReadResponse(SoapClientMessage message, WebResponse response, Stream responseStream, Boolean asyncCall)
   場所 System.Web.Services.Protocols.SoapHttpClientProtocol.Invoke(String methodName, Object[] parameters)
   場所 Isid.NJSecurity.Connection.WebService.Proxy.Stateful.NJSecurityStatelessService.login(loginParameter loginParameter)
   場所 Isid.NJSecurity.Connection.WebService.WebServiceStatelessConnection.Connect(WebServiceConnectionInfo info, Object sendData)
   場所 Isid.NJSecurity.Connection.WebService.WebServiceStatelessConnection.SendData(IConnectionInfo info, Object sendData)
   場所 Isid.NJSecurity.Core.Impl.RequestSendManager.SendRequest[T](Object sendData, String xsdFileName)
   --- 内部例外スタック トレースの終わり ---
   場所 Isid.NJSecurity.Core.Impl.RequestSendManager.SendRequest[T](Object sendData, String xsdFileName)
   場所 Isid.NJSecurity.Core.Impl.WebServiceSecurityContextFactory.CreateSecurityInfo(String id, String pass, String appid, String terminalkind)
   場所 Isid.KKH.Common.KKHUtility.Security.ConcreteSecurityContextFactory.CreateSecurityInfo(String id, String pass, String appid, String terminalkind) 場所 D:\workspace\kkh-cs\cs\KKHCommon\KKHUtility\Security\ConcreteSecurityContextFactory.cs:行 95
   場所 Isid.NJSecurity.Core.Impl.Model.BaseLoginContext.Login()
2017-07-25 18:25:37,450  WARN Isid.NJ.NJMainEntry: サービスの設定がありません。NJではService定義がなくても実行は出来ます。
2017-07-25 18:25:37,468  WARN Isid.NJ.NJMainEntry: サーバ例外マッピングの設定がありません。NJではサーバ例外マッピング定義がなくても実行は出来ます。
2017-07-25 18:28:46,903  WARN Isid.NJ.NJMainEntry: サービスの設定がありません。NJではService定義がなくても実行は出来ます。
2017-07-25 18:28:46,919  WARN Isid.NJ.NJMainEntry: サーバ例外マッピングの設定がありません。NJではサーバ例外マッピング定義がなくても実行は出来ます。
2017-07-25 18:28:55,391 ERROR Isid.NJSecurity.Core.Impl.Model.BaseLoginContext: SecurityInfo取得に失敗しました
Isid.NJSecurity.Exp.SecurityClientException: サーバ接続に失敗しました ---> System.Net.WebException: HTTP ステータス 404: Not Found で要求が失敗しました。
   場所 System.Web.Services.Protocols.SoapHttpClientProtocol.ReadResponse(SoapClientMessage message, WebResponse response, Stream responseStream, Boolean asyncCall)
   場所 System.Web.Services.Protocols.SoapHttpClientProtocol.Invoke(String methodName, Object[] parameters)
   場所 Isid.NJSecurity.Connection.WebService.Proxy.Stateful.NJSecurityStatelessService.login(loginParameter loginParameter)
   場所 Isid.NJSecurity.Connection.WebService.WebServiceStatelessConnection.Connect(WebServiceConnectionInfo info, Object sendData)
   場所 Isid.NJSecurity.Connection.WebService.WebServiceStatelessConnection.SendData(IConnectionInfo info, Object sendData)
   場所 Isid.NJSecurity.Core.Impl.RequestSendManager.SendRequest[T](Object sendData, String xsdFileName)
   --- 内部例外スタック トレースの終わり ---
   場所 Isid.NJSecurity.Core.Impl.RequestSendManager.SendRequest[T](Object sendData, String xsdFileName)
   場所 Isid.NJSecurity.Core.Impl.WebServiceSecurityContextFactory.CreateSecurityInfo(String id, String pass, String appid, String terminalkind)
   場所 Isid.KKH.Common.KKHUtility.Security.ConcreteSecurityContextFactory.CreateSecurityInfo(String id, String pass, String appid, String terminalkind) 場所 D:\workspace\kkh-cs\cs\KKHCommon\KKHUtility\Security\ConcreteSecurityContextFactory.cs:行 95
   場所 Isid.NJSecurity.Core.Impl.Model.BaseLoginContext.Login()
2017-07-25 18:34:33,164  WARN Isid.NJ.NJMainEntry: サービスの設定がありません。NJではService定義がなくても実行は出来ます。
2017-07-25 18:34:33,182  WARN Isid.NJ.NJMainEntry: サーバ例外マッピングの設定がありません。NJではサーバ例外マッピング定義がなくても実行は出来ます。
2017-07-25 18:35:51,206  WARN Isid.NJ.NJMainEntry: サービスの設定がありません。NJではService定義がなくても実行は出来ます。
2017-07-25 18:35:51,223  WARN Isid.NJ.NJMainEntry: サーバ例外マッピングの設定がありません。NJではサーバ例外マッピング定義がなくても実行は出来ます。
2017-07-26 11:41:50,680  WARN Isid.NJ.NJMainEntry: サービスの設定がありません。NJではService定義がなくても実行は出来ます。
2017-07-26 11:41:50,700  WARN Isid.NJ.NJMainEntry: サーバ例外マッピングの設定がありません。NJではサーバ例外マッピング定義がなくても実行は出来ます。
2017-07-26 11:42:20,190 ERROR Isid.NJSecurity.Core.Impl.Model.BaseLoginContext: SecurityInfo取得に失敗しました
Isid.NJSecurity.Exp.SecurityClientException: サーバ接続に失敗しました ---> System.Net.WebException: HTTP ステータス 404: Not Found で要求が失敗しました。
   場所 System.Web.Services.Protocols.SoapHttpClientProtocol.ReadResponse(SoapClientMessage message, WebResponse response, Stream responseStream, Boolean asyncCall)
   場所 System.Web.Services.Protocols.SoapHttpClientProtocol.Invoke(String methodName, Object[] parameters)
   場所 Isid.NJSecurity.Connection.WebService.Proxy.Stateful.NJSecurityStatelessService.login(loginParameter loginParameter)
   場所 Isid.NJSecurity.Connection.WebService.WebServiceStatelessConnection.Connect(WebServiceConnectionInfo info, Object sendData)
   場所 Isid.NJSecurity.Connection.WebService.WebServiceStatelessConnection.SendData(IConnectionInfo info, Object sendData)
   場所 Isid.NJSecurity.Core.Impl.RequestSendManager.SendRequest[T](Object sendData, String xsdFileName)
   --- 内部例外スタック トレースの終わり ---
   場所 Isid.NJSecurity.Core.Impl.RequestSendManager.SendRequest[T](Object sendData, String xsdFileName)
   場所 Isid.NJSecurity.Core.Impl.WebServiceSecurityContextFactory.CreateSecurityInfo(String id, String pass, String appid, String terminalkind)
   場所 Isid.KKH.Common.KKHUtility.Security.ConcreteSecurityContextFactory.CreateSecurityInfo(String id, String pass, String appid, String terminalkind) 場所 D:\workspace\kkh-cs\cs\KKHCommon\KKHUtility\Security\ConcreteSecurityContextFactory.cs:行 95
   場所 Isid.NJSecurity.Core.Impl.Model.BaseLoginContext.Login()
2017-07-26 11:49:28,958  WARN Isid.NJ.NJMainEntry: サービスの設定がありません。NJではService定義がなくても実行は出来ます。
2017-07-26 11:49:28,977  WARN Isid.NJ.NJMainEntry: サーバ例外マッピングの設定がありません。NJではサーバ例外マッピング定義がなくても実行は出来ます。
2017-07-26 11:54:05,936 ERROR Isid.NJSecurity.Core.Impl.Model.BaseLoginContext: SecurityInfo取得に失敗しました
Isid.NJSecurity.Exp.SecurityClientException: サーバ接続に失敗しました ---> System.Net.WebException: HTTP ステータス 404: Not Found で要求が失敗しました。
   場所 System.Web.Services.Protocols.SoapHttpClientProtocol.ReadResponse(SoapClientMessage message, WebResponse response, Stream responseStream, Boolean asyncCall)
   場所 System.Web.Services.Protocols.SoapHttpClientProtocol.Invoke(String methodName, Object[] parameters)
   場所 Isid.NJSecurity.Connection.WebService.Proxy.Stateful.NJSecurityStatelessService.login(loginParameter loginParameter)
   場所 Isid.NJSecurity.Connection.WebService.WebServiceStatelessConnection.Connect(WebServiceConnectionInfo info, Object sendData)
   場所 Isid.NJSecurity.Connection.WebService.WebServiceStatelessConnection.SendData(IConnectionInfo info, Object sendData)
   場所 Isid.NJSecurity.Core.Impl.RequestSendManager.SendRequest[T](Object sendData, String xsdFileName)
   --- 内部例外スタック トレースの終わり ---
   場所 Isid.NJSecurity.Core.Impl.RequestSendManager.SendRequest[T](Object sendData, String xsdFileName)
   場所 Isid.NJSecurity.Core.Impl.WebServiceSecurityContextFactory.CreateSecurityInfo(String id, String pass, String appid, String terminalkind)
   場所 Isid.KKH.Common.KKHUtility.Security.ConcreteSecurityContextFactory.CreateSecurityInfo(String id, String pass, String appid, String terminalkind) 場所 D:\workspace\kkh-cs\cs\KKHCommon\KKHUtility\Security\ConcreteSecurityContextFactory.cs:行 95
   場所 Isid.NJSecurity.Core.Impl.Model.BaseLoginContext.Login()
2017-07-26 11:54:20,214  WARN Isid.NJ.NJMainEntry: サービスの設定がありません。NJではService定義がなくても実行は出来ます。
2017-07-26 11:54:20,232  WARN Isid.NJ.NJMainEntry: サーバ例外マッピングの設定がありません。NJではサーバ例外マッピング定義がなくても実行は出来ます。
2017-07-26 11:54:28,015 DEBUG Isid.NJ.View.Navigator.FlowManager: POOL SIZE [1] CREATED FRAME INFORMATION [ ID=WINDOW1, IDENTITYNAME=LoginForm, ACTION= ]
2017-07-26 11:54:45,762 DEBUG Isid.NJ.View.Navigator.FlowManager: POOL SIZE [2] CREATED FRAME INFORMATION [ ID=WINDOW2, IDENTITYNAME=frmTopMenuAcom, ACTION=tofrmTopMenuAcom ]
